{"uid":"222721f0be84aac3","name":"test_django_webserver_timeout[timeout=7]","fullName":"tests.integration.django.test_django#test_django_webserver_timeout","historyId":"ce6dc4a6eba75734e031ef44b52ece41","time":{"start":1762964399942,"stop":1762964399942,"duration":0},"description":"\n    arrange: build and deploy the django charm, and change the gunicorn timeout configuration.\n    act: send long-running requests to the django application managed by the django charm.\n    assert: the gunicorn should restart the worker if the request duration exceeds the timeout.\n    ","descriptionHtml":"<pre><code>arrange: build and deploy the django charm, and change the gunicorn timeout configuration.\nact: send long-running requests to the django application managed by the django charm.\nassert: the gunicorn should restart the worker if the request duration exceeds the timeout.\n</code></pre>\n","status":"broken","statusMessage":"juju.errors.JujuConnectionError: juju server-version 4.0rc1 not supported","statusTrace":"Traceback (most recent call last):\n  File \"/home/runner/work/paas-charm/paas-charm/.tox/integration/lib/python3.10/site-packages/_pytest/runner.py\", line 353, in from_call\n    result: TResult | None = func()\n  File \"/home/runner/work/paas-charm/paas-charm/.tox/integration/lib/python3.10/site-packages/_pytest/runner.py\", line 245, in <lambda>\n    lambda: runtest_hook(item=item, **kwds),\n  File \"/home/runner/work/paas-charm/paas-charm/.tox/integration/lib/python3.10/site-packages/pluggy/_hooks.py\", line 512, in __call__\n    return self._hookexec(self.name, self._hookimpls.copy(), kwargs, firstresult)\n  File \"/home/runner/work/paas-charm/paas-charm/.tox/integration/lib/python3.10/site-packages/pluggy/_manager.py\", line 120, in _hookexec\n    return self._inner_hookexec(hook_name, methods, kwargs, firstresult)\n  File \"/home/runner/work/paas-charm/paas-charm/.tox/integration/lib/python3.10/site-packages/pluggy/_callers.py\", line 167, in _multicall\n    raise exception\n  File \"/home/runner/work/paas-charm/paas-charm/.tox/integration/lib/python3.10/site-packages/pluggy/_callers.py\", line 139, in _multicall\n    teardown.throw(exception)\n  File \"/home/runner/work/paas-charm/paas-charm/.tox/integration/lib/python3.10/site-packages/_pytest/logging.py\", line 843, in pytest_runtest_setup\n    yield\n  File \"/home/runner/work/paas-charm/paas-charm/.tox/integration/lib/python3.10/site-packages/pluggy/_callers.py\", line 139, in _multicall\n    teardown.throw(exception)\n  File \"/home/runner/work/paas-charm/paas-charm/.tox/integration/lib/python3.10/site-packages/pluggy/_callers.py\", line 53, in run_old_style_hookwrapper\n    return result.get_result()\n  File \"/home/runner/work/paas-charm/paas-charm/.tox/integration/lib/python3.10/site-packages/pluggy/_result.py\", line 103, in get_result\n    raise exc.with_traceback(tb)\n  File \"/home/runner/work/paas-charm/paas-charm/.tox/integration/lib/python3.10/site-packages/pluggy/_callers.py\", line 38, in run_old_style_hookwrapper\n    res = yield\n  File \"/home/runner/work/paas-charm/paas-charm/.tox/integration/lib/python3.10/site-packages/pluggy/_callers.py\", line 139, in _multicall\n    teardown.throw(exception)\n  File \"/home/runner/work/paas-charm/paas-charm/.tox/integration/lib/python3.10/site-packages/_pytest/capture.py\", line 895, in pytest_runtest_setup\n    return (yield)\n  File \"/home/runner/work/paas-charm/paas-charm/.tox/integration/lib/python3.10/site-packages/pluggy/_callers.py\", line 121, in _multicall\n    res = hook_impl.function(*args)\n  File \"/home/runner/work/paas-charm/paas-charm/.tox/integration/lib/python3.10/site-packages/_pytest/runner.py\", line 165, in pytest_runtest_setup\n    item.session._setupstate.setup(item)\n  File \"/home/runner/work/paas-charm/paas-charm/.tox/integration/lib/python3.10/site-packages/_pytest/runner.py\", line 523, in setup\n    col.setup()\n  File \"/home/runner/work/paas-charm/paas-charm/.tox/integration/lib/python3.10/site-packages/_pytest/python.py\", line 1723, in setup\n    self._request._fillfixtures()\n  File \"/home/runner/work/paas-charm/paas-charm/.tox/integration/lib/python3.10/site-packages/_pytest/fixtures.py\", line 707, in _fillfixtures\n    item.funcargs[argname] = self.getfixturevalue(argname)\n  File \"/home/runner/work/paas-charm/paas-charm/.tox/integration/lib/python3.10/site-packages/_pytest/fixtures.py\", line 539, in getfixturevalue\n    fixturedef = self._get_active_fixturedef(argname)\n  File \"/home/runner/work/paas-charm/paas-charm/.tox/integration/lib/python3.10/site-packages/_pytest/fixtures.py\", line 627, in _get_active_fixturedef\n    fixturedef.execute(request=subrequest)\n  File \"/home/runner/work/paas-charm/paas-charm/.tox/integration/lib/python3.10/site-packages/_pytest/fixtures.py\", line 1068, in execute\n    fixturedef = request._get_active_fixturedef(argname)\n  File \"/home/runner/work/paas-charm/paas-charm/.tox/integration/lib/python3.10/site-packages/_pytest/fixtures.py\", line 627, in _get_active_fixturedef\n    fixturedef.execute(request=subrequest)\n  File \"/home/runner/work/paas-charm/paas-charm/.tox/integration/lib/python3.10/site-packages/_pytest/fixtures.py\", line 1068, in execute\n    fixturedef = request._get_active_fixturedef(argname)\n  File \"/home/runner/work/paas-charm/paas-charm/.tox/integration/lib/python3.10/site-packages/_pytest/fixtures.py\", line 627, in _get_active_fixturedef\n    fixturedef.execute(request=subrequest)\n  File \"/home/runner/work/paas-charm/paas-charm/.tox/integration/lib/python3.10/site-packages/_pytest/fixtures.py\", line 1110, in execute\n    result: FixtureValue = ihook.pytest_fixture_setup(\n  File \"/home/runner/work/paas-charm/paas-charm/.tox/integration/lib/python3.10/site-packages/pluggy/_hooks.py\", line 512, in __call__\n    return self._hookexec(self.name, self._hookimpls.copy(), kwargs, firstresult)\n  File \"/home/runner/work/paas-charm/paas-charm/.tox/integration/lib/python3.10/site-packages/pluggy/_manager.py\", line 120, in _hookexec\n    return self._inner_hookexec(hook_name, methods, kwargs, firstresult)\n  File \"/home/runner/work/paas-charm/paas-charm/.tox/integration/lib/python3.10/site-packages/pluggy/_callers.py\", line 167, in _multicall\n    raise exception\n  File \"/home/runner/work/paas-charm/paas-charm/.tox/integration/lib/python3.10/site-packages/pluggy/_callers.py\", line 139, in _multicall\n    teardown.throw(exception)\n  File \"/home/runner/work/paas-charm/paas-charm/.tox/integration/lib/python3.10/site-packages/pluggy/_callers.py\", line 53, in run_old_style_hookwrapper\n    return result.get_result()\n  File \"/home/runner/work/paas-charm/paas-charm/.tox/integration/lib/python3.10/site-packages/pluggy/_result.py\", line 103, in get_result\n    raise exc.with_traceback(tb)\n  File \"/home/runner/work/paas-charm/paas-charm/.tox/integration/lib/python3.10/site-packages/pluggy/_callers.py\", line 38, in run_old_style_hookwrapper\n    res = yield\n  File \"/home/runner/work/paas-charm/paas-charm/.tox/integration/lib/python3.10/site-packages/pluggy/_callers.py\", line 139, in _multicall\n    teardown.throw(exception)\n  File \"/home/runner/work/paas-charm/paas-charm/.tox/integration/lib/python3.10/site-packages/pluggy/_callers.py\", line 53, in run_old_style_hookwrapper\n    return result.get_result()\n  File \"/home/runner/work/paas-charm/paas-charm/.tox/integration/lib/python3.10/site-packages/pluggy/_result.py\", line 103, in get_result\n    raise exc.with_traceback(tb)\n  File \"/home/runner/work/paas-charm/paas-charm/.tox/integration/lib/python3.10/site-packages/pluggy/_callers.py\", line 38, in run_old_style_hookwrapper\n    res = yield\n  File \"/home/runner/work/paas-charm/paas-charm/.tox/integration/lib/python3.10/site-packages/pluggy/_callers.py\", line 139, in _multicall\n    teardown.throw(exception)\n  File \"/home/runner/work/paas-charm/paas-charm/.tox/integration/lib/python3.10/site-packages/pluggy/_callers.py\", line 53, in run_old_style_hookwrapper\n    return result.get_result()\n  File \"/home/runner/work/paas-charm/paas-charm/.tox/integration/lib/python3.10/site-packages/pluggy/_result.py\", line 103, in get_result\n    raise exc.with_traceback(tb)\n  File \"/home/runner/work/paas-charm/paas-charm/.tox/integration/lib/python3.10/site-packages/pluggy/_callers.py\", line 38, in run_old_style_hookwrapper\n    res = yield\n  File \"/home/runner/work/paas-charm/paas-charm/.tox/integration/lib/python3.10/site-packages/pluggy/_callers.py\", line 139, in _multicall\n    teardown.throw(exception)\n  File \"/home/runner/work/paas-charm/paas-charm/.tox/integration/lib/python3.10/site-packages/_pytest/setuponly.py\", line 36, in pytest_fixture_setup\n    return (yield)\n  File \"/home/runner/work/paas-charm/paas-charm/.tox/integration/lib/python3.10/site-packages/pluggy/_callers.py\", line 121, in _multicall\n    res = hook_impl.function(*args)\n  File \"/home/runner/work/paas-charm/paas-charm/.tox/integration/lib/python3.10/site-packages/_pytest/fixtures.py\", line 1202, in pytest_fixture_setup\n    result = call_fixture_func(fixturefunc, request, kwargs)\n  File \"/home/runner/work/paas-charm/paas-charm/.tox/integration/lib/python3.10/site-packages/_pytest/fixtures.py\", line 915, in call_fixture_func\n    fixture_result = fixturefunc(**kwargs)\n  File \"/home/runner/work/paas-charm/paas-charm/.tox/integration/lib/python3.10/site-packages/pytest_asyncio/plugin.py\", line 302, in _asyncgen_fixture_wrapper\n    result = event_loop.run_until_complete(setup())\n  File \"/home/runner/work/paas-charm/paas-charm/.tox/integration/lib/python3.10/site-packages/nest_asyncio.py\", line 98, in run_until_complete\n    return f.result()\n  File \"/usr/lib/python3.10/asyncio/futures.py\", line 201, in result\n    raise self._exception.with_traceback(self._exception_tb)\n  File \"/usr/lib/python3.10/asyncio/tasks.py\", line 232, in __step\n    result = coro.send(None)\n  File \"/home/runner/work/paas-charm/paas-charm/.tox/integration/lib/python3.10/site-packages/pytest_asyncio/plugin.py\", line 284, in setup\n    res = await gen_obj.__anext__()\n  File \"/home/runner/work/paas-charm/paas-charm/.tox/integration/lib/python3.10/site-packages/pytest_operator/plugin.py\", line 265, in ops_test\n    await ops_test._setup_model()\n  File \"/home/runner/work/paas-charm/paas-charm/.tox/integration/lib/python3.10/site-packages/pytest_operator/plugin.py\", line 842, in _setup_model\n    await self._controller.connect(\n  File \"/home/runner/work/paas-charm/paas-charm/.tox/integration/lib/python3.10/site-packages/juju/controller.py\", line 108, in connect\n    await self._connector.connect_controller(controller_name, **kwargs)\n  File \"/home/runner/work/paas-charm/paas-charm/.tox/integration/lib/python3.10/site-packages/juju/client/connector.py\", line 163, in connect_controller\n    await self.connect(**kwargs)\n  File \"/home/runner/work/paas-charm/paas-charm/.tox/integration/lib/python3.10/site-packages/juju/client/connector.py\", line 124, in connect\n    raise JujuConnectionError(\njuju.errors.JujuConnectionError: juju server-version 4.0rc1 not supported","flaky":false,"newFailed":false,"newBroken":true,"newPassed":false,"retriesCount":3,"retriesStatusChange":true,"beforeStages":[{"name":"tmp_path_factory","time":{"start":1762964399943,"stop":1762964399943,"duration":0},"status":"passed","steps":[],"attachments":[],"parameters":[],"shouldDisplayMessage":false,"stepsCount":0,"attachmentsCount":0,"hasContent":false,"attachmentStep":false},{"name":"event_loop","time":{"start":1762964399943,"stop":1762964399943,"duration":0},"status":"passed","steps":[],"attachments":[],"parameters":[],"shouldDisplayMessage":false,"stepsCount":0,"attachmentsCount":0,"hasContent":false,"attachmentStep":false},{"name":"ops_test","time":{"start":1762964399943,"stop":1762964400012,"duration":69},"status":"broken","statusMessage":"juju.errors.JujuConnectionError: juju server-version 4.0rc1 not supported\n","statusTrace":"  File \"/home/runner/work/paas-charm/paas-charm/.tox/integration/lib/python3.10/site-packages/pluggy/_callers.py\", line 38, in run_old_style_hookwrapper\n    res = yield\n  File \"/home/runner/work/paas-charm/paas-charm/.tox/integration/lib/python3.10/site-packages/pluggy/_callers.py\", line 139, in _multicall\n    teardown.throw(exception)\n  File \"/home/runner/work/paas-charm/paas-charm/.tox/integration/lib/python3.10/site-packages/pluggy/_callers.py\", line 53, in run_old_style_hookwrapper\n    return result.get_result()\n  File \"/home/runner/work/paas-charm/paas-charm/.tox/integration/lib/python3.10/site-packages/pluggy/_result.py\", line 103, in get_result\n    raise exc.with_traceback(tb)\n  File \"/home/runner/work/paas-charm/paas-charm/.tox/integration/lib/python3.10/site-packages/pluggy/_callers.py\", line 38, in run_old_style_hookwrapper\n    res = yield\n  File \"/home/runner/work/paas-charm/paas-charm/.tox/integration/lib/python3.10/site-packages/pluggy/_callers.py\", line 139, in _multicall\n    teardown.throw(exception)\n  File \"/home/runner/work/paas-charm/paas-charm/.tox/integration/lib/python3.10/site-packages/pluggy/_callers.py\", line 53, in run_old_style_hookwrapper\n    return result.get_result()\n  File \"/home/runner/work/paas-charm/paas-charm/.tox/integration/lib/python3.10/site-packages/pluggy/_result.py\", line 103, in get_result\n    raise exc.with_traceback(tb)\n  File \"/home/runner/work/paas-charm/paas-charm/.tox/integration/lib/python3.10/site-packages/pluggy/_callers.py\", line 38, in run_old_style_hookwrapper\n    res = yield\n  File \"/home/runner/work/paas-charm/paas-charm/.tox/integration/lib/python3.10/site-packages/pluggy/_callers.py\", line 139, in _multicall\n    teardown.throw(exception)\n  File \"/home/runner/work/paas-charm/paas-charm/.tox/integration/lib/python3.10/site-packages/_pytest/setuponly.py\", line 36, in pytest_fixture_setup\n    return (yield)\n  File \"/home/runner/work/paas-charm/paas-charm/.tox/integration/lib/python3.10/site-packages/pluggy/_callers.py\", line 121, in _multicall\n    res = hook_impl.function(*args)\n  File \"/home/runner/work/paas-charm/paas-charm/.tox/integration/lib/python3.10/site-packages/_pytest/fixtures.py\", line 1202, in pytest_fixture_setup\n    result = call_fixture_func(fixturefunc, request, kwargs)\n  File \"/home/runner/work/paas-charm/paas-charm/.tox/integration/lib/python3.10/site-packages/_pytest/fixtures.py\", line 915, in call_fixture_func\n    fixture_result = fixturefunc(**kwargs)\n  File \"/home/runner/work/paas-charm/paas-charm/.tox/integration/lib/python3.10/site-packages/pytest_asyncio/plugin.py\", line 302, in _asyncgen_fixture_wrapper\n    result = event_loop.run_until_complete(setup())\n  File \"/home/runner/work/paas-charm/paas-charm/.tox/integration/lib/python3.10/site-packages/nest_asyncio.py\", line 98, in run_until_complete\n    return f.result()\n  File \"/usr/lib/python3.10/asyncio/futures.py\", line 201, in result\n    raise self._exception.with_traceback(self._exception_tb)\n  File \"/usr/lib/python3.10/asyncio/tasks.py\", line 232, in __step\n    result = coro.send(None)\n  File \"/home/runner/work/paas-charm/paas-charm/.tox/integration/lib/python3.10/site-packages/pytest_asyncio/plugin.py\", line 284, in setup\n    res = await gen_obj.__anext__()\n  File \"/home/runner/work/paas-charm/paas-charm/.tox/integration/lib/python3.10/site-packages/pytest_operator/plugin.py\", line 265, in ops_test\n    await ops_test._setup_model()\n  File \"/home/runner/work/paas-charm/paas-charm/.tox/integration/lib/python3.10/site-packages/pytest_operator/plugin.py\", line 842, in _setup_model\n    await self._controller.connect(\n  File \"/home/runner/work/paas-charm/paas-charm/.tox/integration/lib/python3.10/site-packages/juju/controller.py\", line 108, in connect\n    await self._connector.connect_controller(controller_name, **kwargs)\n  File \"/home/runner/work/paas-charm/paas-charm/.tox/integration/lib/python3.10/site-packages/juju/client/connector.py\", line 163, in connect_controller\n    await self.connect(**kwargs)\n  File \"/home/runner/work/paas-charm/paas-charm/.tox/integration/lib/python3.10/site-packages/juju/client/connector.py\", line 124, in connect\n    raise JujuConnectionError(\n","steps":[],"attachments":[],"parameters":[],"shouldDisplayMessage":true,"stepsCount":0,"attachmentsCount":0,"hasContent":true,"attachmentStep":false},{"name":"pytestconfig","time":{"start":1762964399943,"stop":1762964399943,"duration":0},"status":"passed","steps":[],"attachments":[],"parameters":[],"shouldDisplayMessage":false,"stepsCount":0,"attachmentsCount":0,"hasContent":false,"attachmentStep":false}],"testStage":{"description":"\n    arrange: build and deploy the django charm, and change the gunicorn timeout configuration.\n    act: send long-running requests to the django application managed by the django charm.\n    assert: the gunicorn should restart the worker if the request duration exceeds the timeout.\n    ","status":"broken","statusMessage":"juju.errors.JujuConnectionError: juju server-version 4.0rc1 not supported","statusTrace":"Traceback (most recent call last):\n  File \"/home/runner/work/paas-charm/paas-charm/.tox/integration/lib/python3.10/site-packages/_pytest/runner.py\", line 353, in from_call\n    result: TResult | None = func()\n  File \"/home/runner/work/paas-charm/paas-charm/.tox/integration/lib/python3.10/site-packages/_pytest/runner.py\", line 245, in <lambda>\n    lambda: runtest_hook(item=item, **kwds),\n  File \"/home/runner/work/paas-charm/paas-charm/.tox/integration/lib/python3.10/site-packages/pluggy/_hooks.py\", line 512, in __call__\n    return self._hookexec(self.name, self._hookimpls.copy(), kwargs, firstresult)\n  File \"/home/runner/work/paas-charm/paas-charm/.tox/integration/lib/python3.10/site-packages/pluggy/_manager.py\", line 120, in _hookexec\n    return self._inner_hookexec(hook_name, methods, kwargs, firstresult)\n  File \"/home/runner/work/paas-charm/paas-charm/.tox/integration/lib/python3.10/site-packages/pluggy/_callers.py\", line 167, in _multicall\n    raise exception\n  File \"/home/runner/work/paas-charm/paas-charm/.tox/integration/lib/python3.10/site-packages/pluggy/_callers.py\", line 139, in _multicall\n    teardown.throw(exception)\n  File \"/home/runner/work/paas-charm/paas-charm/.tox/integration/lib/python3.10/site-packages/_pytest/logging.py\", line 843, in pytest_runtest_setup\n    yield\n  File \"/home/runner/work/paas-charm/paas-charm/.tox/integration/lib/python3.10/site-packages/pluggy/_callers.py\", line 139, in _multicall\n    teardown.throw(exception)\n  File \"/home/runner/work/paas-charm/paas-charm/.tox/integration/lib/python3.10/site-packages/pluggy/_callers.py\", line 53, in run_old_style_hookwrapper\n    return result.get_result()\n  File \"/home/runner/work/paas-charm/paas-charm/.tox/integration/lib/python3.10/site-packages/pluggy/_result.py\", line 103, in get_result\n    raise exc.with_traceback(tb)\n  File \"/home/runner/work/paas-charm/paas-charm/.tox/integration/lib/python3.10/site-packages/pluggy/_callers.py\", line 38, in run_old_style_hookwrapper\n    res = yield\n  File \"/home/runner/work/paas-charm/paas-charm/.tox/integration/lib/python3.10/site-packages/pluggy/_callers.py\", line 139, in _multicall\n    teardown.throw(exception)\n  File \"/home/runner/work/paas-charm/paas-charm/.tox/integration/lib/python3.10/site-packages/_pytest/capture.py\", line 895, in pytest_runtest_setup\n    return (yield)\n  File \"/home/runner/work/paas-charm/paas-charm/.tox/integration/lib/python3.10/site-packages/pluggy/_callers.py\", line 121, in _multicall\n    res = hook_impl.function(*args)\n  File \"/home/runner/work/paas-charm/paas-charm/.tox/integration/lib/python3.10/site-packages/_pytest/runner.py\", line 165, in pytest_runtest_setup\n    item.session._setupstate.setup(item)\n  File \"/home/runner/work/paas-charm/paas-charm/.tox/integration/lib/python3.10/site-packages/_pytest/runner.py\", line 523, in setup\n    col.setup()\n  File \"/home/runner/work/paas-charm/paas-charm/.tox/integration/lib/python3.10/site-packages/_pytest/python.py\", line 1723, in setup\n    self._request._fillfixtures()\n  File \"/home/runner/work/paas-charm/paas-charm/.tox/integration/lib/python3.10/site-packages/_pytest/fixtures.py\", line 707, in _fillfixtures\n    item.funcargs[argname] = self.getfixturevalue(argname)\n  File \"/home/runner/work/paas-charm/paas-charm/.tox/integration/lib/python3.10/site-packages/_pytest/fixtures.py\", line 539, in getfixturevalue\n    fixturedef = self._get_active_fixturedef(argname)\n  File \"/home/runner/work/paas-charm/paas-charm/.tox/integration/lib/python3.10/site-packages/_pytest/fixtures.py\", line 627, in _get_active_fixturedef\n    fixturedef.execute(request=subrequest)\n  File \"/home/runner/work/paas-charm/paas-charm/.tox/integration/lib/python3.10/site-packages/_pytest/fixtures.py\", line 1068, in execute\n    fixturedef = request._get_active_fixturedef(argname)\n  File \"/home/runner/work/paas-charm/paas-charm/.tox/integration/lib/python3.10/site-packages/_pytest/fixtures.py\", line 627, in _get_active_fixturedef\n    fixturedef.execute(request=subrequest)\n  File \"/home/runner/work/paas-charm/paas-charm/.tox/integration/lib/python3.10/site-packages/_pytest/fixtures.py\", line 1068, in execute\n    fixturedef = request._get_active_fixturedef(argname)\n  File \"/home/runner/work/paas-charm/paas-charm/.tox/integration/lib/python3.10/site-packages/_pytest/fixtures.py\", line 627, in _get_active_fixturedef\n    fixturedef.execute(request=subrequest)\n  File \"/home/runner/work/paas-charm/paas-charm/.tox/integration/lib/python3.10/site-packages/_pytest/fixtures.py\", line 1110, in execute\n    result: FixtureValue = ihook.pytest_fixture_setup(\n  File \"/home/runner/work/paas-charm/paas-charm/.tox/integration/lib/python3.10/site-packages/pluggy/_hooks.py\", line 512, in __call__\n    return self._hookexec(self.name, self._hookimpls.copy(), kwargs, firstresult)\n  File \"/home/runner/work/paas-charm/paas-charm/.tox/integration/lib/python3.10/site-packages/pluggy/_manager.py\", line 120, in _hookexec\n    return self._inner_hookexec(hook_name, methods, kwargs, firstresult)\n  File \"/home/runner/work/paas-charm/paas-charm/.tox/integration/lib/python3.10/site-packages/pluggy/_callers.py\", line 167, in _multicall\n    raise exception\n  File \"/home/runner/work/paas-charm/paas-charm/.tox/integration/lib/python3.10/site-packages/pluggy/_callers.py\", line 139, in _multicall\n    teardown.throw(exception)\n  File \"/home/runner/work/paas-charm/paas-charm/.tox/integration/lib/python3.10/site-packages/pluggy/_callers.py\", line 53, in run_old_style_hookwrapper\n    return result.get_result()\n  File \"/home/runner/work/paas-charm/paas-charm/.tox/integration/lib/python3.10/site-packages/pluggy/_result.py\", line 103, in get_result\n    raise exc.with_traceback(tb)\n  File \"/home/runner/work/paas-charm/paas-charm/.tox/integration/lib/python3.10/site-packages/pluggy/_callers.py\", line 38, in run_old_style_hookwrapper\n    res = yield\n  File \"/home/runner/work/paas-charm/paas-charm/.tox/integration/lib/python3.10/site-packages/pluggy/_callers.py\", line 139, in _multicall\n    teardown.throw(exception)\n  File \"/home/runner/work/paas-charm/paas-charm/.tox/integration/lib/python3.10/site-packages/pluggy/_callers.py\", line 53, in run_old_style_hookwrapper\n    return result.get_result()\n  File \"/home/runner/work/paas-charm/paas-charm/.tox/integration/lib/python3.10/site-packages/pluggy/_result.py\", line 103, in get_result\n    raise exc.with_traceback(tb)\n  File \"/home/runner/work/paas-charm/paas-charm/.tox/integration/lib/python3.10/site-packages/pluggy/_callers.py\", line 38, in run_old_style_hookwrapper\n    res = yield\n  File \"/home/runner/work/paas-charm/paas-charm/.tox/integration/lib/python3.10/site-packages/pluggy/_callers.py\", line 139, in _multicall\n    teardown.throw(exception)\n  File \"/home/runner/work/paas-charm/paas-charm/.tox/integration/lib/python3.10/site-packages/pluggy/_callers.py\", line 53, in run_old_style_hookwrapper\n    return result.get_result()\n  File \"/home/runner/work/paas-charm/paas-charm/.tox/integration/lib/python3.10/site-packages/pluggy/_result.py\", line 103, in get_result\n    raise exc.with_traceback(tb)\n  File \"/home/runner/work/paas-charm/paas-charm/.tox/integration/lib/python3.10/site-packages/pluggy/_callers.py\", line 38, in run_old_style_hookwrapper\n    res = yield\n  File \"/home/runner/work/paas-charm/paas-charm/.tox/integration/lib/python3.10/site-packages/pluggy/_callers.py\", line 139, in _multicall\n    teardown.throw(exception)\n  File \"/home/runner/work/paas-charm/paas-charm/.tox/integration/lib/python3.10/site-packages/_pytest/setuponly.py\", line 36, in pytest_fixture_setup\n    return (yield)\n  File \"/home/runner/work/paas-charm/paas-charm/.tox/integration/lib/python3.10/site-packages/pluggy/_callers.py\", line 121, in _multicall\n    res = hook_impl.function(*args)\n  File \"/home/runner/work/paas-charm/paas-charm/.tox/integration/lib/python3.10/site-packages/_pytest/fixtures.py\", line 1202, in pytest_fixture_setup\n    result = call_fixture_func(fixturefunc, request, kwargs)\n  File \"/home/runner/work/paas-charm/paas-charm/.tox/integration/lib/python3.10/site-packages/_pytest/fixtures.py\", line 915, in call_fixture_func\n    fixture_result = fixturefunc(**kwargs)\n  File \"/home/runner/work/paas-charm/paas-charm/.tox/integration/lib/python3.10/site-packages/pytest_asyncio/plugin.py\", line 302, in _asyncgen_fixture_wrapper\n    result = event_loop.run_until_complete(setup())\n  File \"/home/runner/work/paas-charm/paas-charm/.tox/integration/lib/python3.10/site-packages/nest_asyncio.py\", line 98, in run_until_complete\n    return f.result()\n  File \"/usr/lib/python3.10/asyncio/futures.py\", line 201, in result\n    raise self._exception.with_traceback(self._exception_tb)\n  File \"/usr/lib/python3.10/asyncio/tasks.py\", line 232, in __step\n    result = coro.send(None)\n  File \"/home/runner/work/paas-charm/paas-charm/.tox/integration/lib/python3.10/site-packages/pytest_asyncio/plugin.py\", line 284, in setup\n    res = await gen_obj.__anext__()\n  File \"/home/runner/work/paas-charm/paas-charm/.tox/integration/lib/python3.10/site-packages/pytest_operator/plugin.py\", line 265, in ops_test\n    await ops_test._setup_model()\n  File \"/home/runner/work/paas-charm/paas-charm/.tox/integration/lib/python3.10/site-packages/pytest_operator/plugin.py\", line 842, in _setup_model\n    await self._controller.connect(\n  File \"/home/runner/work/paas-charm/paas-charm/.tox/integration/lib/python3.10/site-packages/juju/controller.py\", line 108, in connect\n    await self._connector.connect_controller(controller_name, **kwargs)\n  File \"/home/runner/work/paas-charm/paas-charm/.tox/integration/lib/python3.10/site-packages/juju/client/connector.py\", line 163, in connect_controller\n    await self.connect(**kwargs)\n  File \"/home/runner/work/paas-charm/paas-charm/.tox/integration/lib/python3.10/site-packages/juju/client/connector.py\", line 124, in connect\n    raise JujuConnectionError(\njuju.errors.JujuConnectionError: juju server-version 4.0rc1 not supported","steps":[],"attachments":[{"uid":"c3c95f235d784fad","name":"log","source":"c3c95f235d784fad.txt","type":"text/plain","size":134}],"parameters":[],"shouldDisplayMessage":true,"stepsCount":0,"attachmentsCount":1,"hasContent":true,"attachmentStep":false},"afterStages":[{"name":"event_loop::2","time":{"start":1762964400057,"stop":1762964400057,"duration":0},"status":"passed","steps":[],"attachments":[],"parameters":[],"shouldDisplayMessage":false,"stepsCount":0,"attachmentsCount":0,"hasContent":false,"attachmentStep":false},{"name":"event_loop::_close_event_loop","time":{"start":1762964400057,"stop":1762964400057,"duration":0},"status":"passed","steps":[],"attachments":[],"parameters":[],"shouldDisplayMessage":false,"stepsCount":0,"attachmentsCount":0,"hasContent":false,"attachmentStep":false},{"name":"event_loop::_provide_clean_event_loop","time":{"start":1762964400057,"stop":1762964400057,"duration":0},"status":"passed","steps":[],"attachments":[],"parameters":[],"shouldDisplayMessage":false,"stepsCount":0,"attachmentsCount":0,"hasContent":false,"attachmentStep":false}],"labels":[{"name":"tag","value":"asyncio"},{"name":"parentSuite","value":"tests.integration.django"},{"name":"suite","value":"test_django"},{"name":"host","value":"runnervmfg25i"},{"name":"thread","value":"28402-MainThread"},{"name":"framework","value":"pytest"},{"name":"language","value":"cpython3"},{"name":"package","value":"tests.integration.django.test_django"},{"name":"resultFormat","value":"allure2"}],"parameters":[{"name":"timeout","value":"7"},{"name":"update_config","value":"{'webserver-timeout': 7}"}],"links":[],"hidden":false,"retry":false,"extra":{"severity":"normal","retries":[{"uid":"1d9feaa9f20340ee","status":"passed","time":{"start":1762964373812,"stop":1762964388147,"duration":14335}},{"uid":"2ab8b30377041d62","status":"unknown","time":{}},{"uid":"1c50cfeb99f22dac","status":"unknown","time":{}}],"categories":[{"name":"Test defects","matchedStatuses":[]}],"history":{"statistic":{"failed":0,"broken":1,"skipped":0,"passed":4,"unknown":0,"total":5},"items":[{"uid":"b3994b5d8d78baf8","reportUrl":"../1139//#testresult/b3994b5d8d78baf8","status":"passed","time":{"start":1761902187663,"stop":1761902202082,"duration":14419}},{"uid":"32f5dd93fb8f7393","reportUrl":"../1137//#testresult/32f5dd93fb8f7393","status":"passed","time":{"start":1761298201877,"stop":1761298216246,"duration":14369}},{"uid":"3a45ae4ecc54c66","reportUrl":"../1121//#testresult/3a45ae4ecc54c66","status":"passed","time":{"start":1761047325910,"stop":1761047340263,"duration":14353}},{"uid":"c005911ba802d5fc","reportUrl":"../1120//#testresult/c005911ba802d5fc","status":"passed","time":{"start":1761043104323,"stop":1761043118661,"duration":14338}}]},"tags":["asyncio"]},"source":"222721f0be84aac3.json","parameterValues":["7","{'webserver-timeout': 7}"]}