{"uid":"b69def175261206e","name":"test_saml_integration[flask_app-8000]","fullName":"tests.integration.integrations.test_saml#test_saml_integration","historyId":"af790f93ba0bef23d31247a7081a15e4","time":{"start":1762964238710,"stop":1762964875825,"duration":637115},"description":"\n    arrange: Integrate the Charm with saml-integrator, with a real SP.\n    act: Call the endpoint to get env variables.\n    assert: Valid Saml env variables should be in the workload.\n    ","descriptionHtml":"<pre><code>arrange: Integrate the Charm with saml-integrator, with a real SP.\nact: Call the endpoint to get env variables.\nassert: Valid Saml env variables should be in the workload.\n</code></pre>\n","status":"broken","statusMessage":"TimeoutError: wait timed out after 600s\nStatus(\n  model=ModelStatus(\n    name='testing',\n    type='caas',\n    controller='github-pr-8beda-microk8s',\n    cloud='microk8s',\n    version='4.0-rc1',\n    region='localhost',\n    model_status=StatusInfo(current='available', since='12 Nov 2025 16:27:54Z'),\n  ),\n  machines={},\n  apps={\n    'flask-k8s': AppStatus(\n      charm='local:flask-k8s-0',\n      charm_origin='local',\n      charm_name='flask-k8s',\n      charm_rev=0,\n      exposed=False,\n      base=FormattedBase(name='ubuntu', channel='22.04'),\n      scale=1,\n      provider_id='5a138e29-e8e9-4a2b-9820-49c69acd0898',\n      life='alive',\n      app_status=StatusInfo(current='active', since='12 Nov 2025 16:17:47Z'),\n      relations={\n        'secret-storage': [\n          AppStatusRelation(related_app='flask-k8s', interface='secret-storage', scope='global'),\n        ],\n      },\n      units={\n        'flask-k8s/0': UnitStatus(\n          workload_status=StatusInfo(current='active', since='12 Nov 2025 16:17:47Z'),\n          juju_status=StatusInfo(current='idle', since='12 Nov 2025 16:17:47Z', version='4.0-rc1'),\n          leader=True,\n          open_ports=['8000/tcp'],\n          address='10.1.50.138',\n          provider_id='flask-k8s-0',\n        ),\n      },\n      endpoint_bindings={\n        '': 'alpha',\n        'grafana-dashboard': 'alpha',\n        'http-proxy': 'alpha',\n        'ingress': 'alpha',\n        'juju-info': 'alpha',\n        'logging': 'alpha',\n        'metrics-endpoint': 'alpha',\n        'mongodb': 'alpha',\n        'mysql': 'alpha',\n        'oidc': 'alpha',\n        'openfga': 'alpha',\n        'postgresql': 'alpha',\n        'rabbitmq': 'alpha',\n        'redis': 'alpha',\n        's3': 'alpha',\n        'saml': 'alpha',\n        'secret-storage': 'alpha',\n        'smtp': 'alpha',\n        'tracing': 'alpha',\n      },\n    ),\n    'saml-integrator': AppStatus(\n      charm='saml-integrator',\n      charm_origin='charmhub',\n      charm_name='saml-integrator',\n      charm_rev=107,\n      exposed=False,\n      base=FormattedBase(name='ubuntu', channel='22.04'),\n      charm_channel='latest/edge',\n      scale=1,\n      provider_id='5b80a0cb-0703-48bc-b895-2cbaccdf5bf8',\n      life='alive',\n      app_status=StatusInfo(current='active', since='12 Nov 2025 16:18:09Z'),\n      units={\n        'saml-integrator/0': UnitStatus(\n          workload_status=StatusInfo(current='blocked', message='invalid configuration: entity_id', since='12 Nov 2025 16:23:57Z'),\n          juju_status=StatusInfo(current='idle', since='12 Nov 2025 16:18:09Z', version='4.0-rc1'),\n          leader=True,\n          address='10.1.50.140',\n          provider_id='saml-integrator-0',\n        ),\n      },\n      endpoint_bindings={'': 'alpha', 'juju-info': 'alpha', 'saml': 'alpha'},\n    ),\n  },\n  controller=ControllerStatus(timestamp='16:27:54Z'),\n)","statusTrace":"Traceback (most recent call last):\n  File \"/home/runner/work/paas-charm/paas-charm/.tox/integration/lib/python3.10/site-packages/_pytest/runner.py\", line 353, in from_call\n    result: TResult | None = func()\n  File \"/home/runner/work/paas-charm/paas-charm/.tox/integration/lib/python3.10/site-packages/_pytest/runner.py\", line 245, in <lambda>\n    lambda: runtest_hook(item=item, **kwds),\n  File \"/home/runner/work/paas-charm/paas-charm/.tox/integration/lib/python3.10/site-packages/pluggy/_hooks.py\", line 512, in __call__\n    return self._hookexec(self.name, self._hookimpls.copy(), kwargs, firstresult)\n  File \"/home/runner/work/paas-charm/paas-charm/.tox/integration/lib/python3.10/site-packages/pluggy/_manager.py\", line 120, in _hookexec\n    return self._inner_hookexec(hook_name, methods, kwargs, firstresult)\n  File \"/home/runner/work/paas-charm/paas-charm/.tox/integration/lib/python3.10/site-packages/pluggy/_callers.py\", line 167, in _multicall\n    raise exception\n  File \"/home/runner/work/paas-charm/paas-charm/.tox/integration/lib/python3.10/site-packages/pluggy/_callers.py\", line 139, in _multicall\n    teardown.throw(exception)\n  File \"/home/runner/work/paas-charm/paas-charm/.tox/integration/lib/python3.10/site-packages/_pytest/logging.py\", line 850, in pytest_runtest_call\n    yield\n  File \"/home/runner/work/paas-charm/paas-charm/.tox/integration/lib/python3.10/site-packages/pluggy/_callers.py\", line 139, in _multicall\n    teardown.throw(exception)\n  File \"/home/runner/work/paas-charm/paas-charm/.tox/integration/lib/python3.10/site-packages/pluggy/_callers.py\", line 53, in run_old_style_hookwrapper\n    return result.get_result()\n  File \"/home/runner/work/paas-charm/paas-charm/.tox/integration/lib/python3.10/site-packages/pluggy/_result.py\", line 103, in get_result\n    raise exc.with_traceback(tb)\n  File \"/home/runner/work/paas-charm/paas-charm/.tox/integration/lib/python3.10/site-packages/pluggy/_callers.py\", line 38, in run_old_style_hookwrapper\n    res = yield\n  File \"/home/runner/work/paas-charm/paas-charm/.tox/integration/lib/python3.10/site-packages/pluggy/_callers.py\", line 139, in _multicall\n    teardown.throw(exception)\n  File \"/home/runner/work/paas-charm/paas-charm/.tox/integration/lib/python3.10/site-packages/_pytest/capture.py\", line 900, in pytest_runtest_call\n    return (yield)\n  File \"/home/runner/work/paas-charm/paas-charm/.tox/integration/lib/python3.10/site-packages/pluggy/_callers.py\", line 139, in _multicall\n    teardown.throw(exception)\n  File \"/home/runner/work/paas-charm/paas-charm/.tox/integration/lib/python3.10/site-packages/_pytest/skipping.py\", line 268, in pytest_runtest_call\n    return (yield)\n  File \"/home/runner/work/paas-charm/paas-charm/.tox/integration/lib/python3.10/site-packages/pluggy/_callers.py\", line 121, in _multicall\n    res = hook_impl.function(*args)\n  File \"/home/runner/work/paas-charm/paas-charm/.tox/integration/lib/python3.10/site-packages/_pytest/runner.py\", line 179, in pytest_runtest_call\n    item.runtest()\n  File \"/home/runner/work/paas-charm/paas-charm/.tox/integration/lib/python3.10/site-packages/_pytest/python.py\", line 1720, in runtest\n    self.ihook.pytest_pyfunc_call(pyfuncitem=self)\n  File \"/home/runner/work/paas-charm/paas-charm/.tox/integration/lib/python3.10/site-packages/pluggy/_hooks.py\", line 512, in __call__\n    return self._hookexec(self.name, self._hookimpls.copy(), kwargs, firstresult)\n  File \"/home/runner/work/paas-charm/paas-charm/.tox/integration/lib/python3.10/site-packages/pluggy/_manager.py\", line 120, in _hookexec\n    return self._inner_hookexec(hook_name, methods, kwargs, firstresult)\n  File \"/home/runner/work/paas-charm/paas-charm/.tox/integration/lib/python3.10/site-packages/pluggy/_callers.py\", line 167, in _multicall\n    raise exception\n  File \"/home/runner/work/paas-charm/paas-charm/.tox/integration/lib/python3.10/site-packages/pluggy/_callers.py\", line 139, in _multicall\n    teardown.throw(exception)\n  File \"/home/runner/work/paas-charm/paas-charm/.tox/integration/lib/python3.10/site-packages/pluggy/_callers.py\", line 53, in run_old_style_hookwrapper\n    return result.get_result()\n  File \"/home/runner/work/paas-charm/paas-charm/.tox/integration/lib/python3.10/site-packages/pluggy/_result.py\", line 103, in get_result\n    raise exc.with_traceback(tb)\n  File \"/home/runner/work/paas-charm/paas-charm/.tox/integration/lib/python3.10/site-packages/pluggy/_callers.py\", line 38, in run_old_style_hookwrapper\n    res = yield\n  File \"/home/runner/work/paas-charm/paas-charm/.tox/integration/lib/python3.10/site-packages/pluggy/_callers.py\", line 121, in _multicall\n    res = hook_impl.function(*args)\n  File \"/home/runner/work/paas-charm/paas-charm/.tox/integration/lib/python3.10/site-packages/_pytest/python.py\", line 166, in pytest_pyfunc_call\n    result = testfunction(**testargs)\n  File \"/home/runner/work/paas-charm/paas-charm/tests/integration/integrations/test_saml.py\", line 54, in test_saml_integration\n    juju.wait(lambda status: jubilant.all_blocked(status, saml_integrator_app_name), timeout=600)\n  File \"/home/runner/work/paas-charm/paas-charm/.tox/integration/lib/python3.10/site-packages/jubilant/_juju.py\", line 998, in wait\n    raise TimeoutError(f'wait timed out after {timeout}s\\n{status}')\nTimeoutError: wait timed out after 600s\nStatus(\n  model=ModelStatus(\n    name='testing',\n    type='caas',\n    controller='github-pr-8beda-microk8s',\n    cloud='microk8s',\n    version='4.0-rc1',\n    region='localhost',\n    model_status=StatusInfo(current='available', since='12 Nov 2025 16:27:54Z'),\n  ),\n  machines={},\n  apps={\n    'flask-k8s': AppStatus(\n      charm='local:flask-k8s-0',\n      charm_origin='local',\n      charm_name='flask-k8s',\n      charm_rev=0,\n      exposed=False,\n      base=FormattedBase(name='ubuntu', channel='22.04'),\n      scale=1,\n      provider_id='5a138e29-e8e9-4a2b-9820-49c69acd0898',\n      life='alive',\n      app_status=StatusInfo(current='active', since='12 Nov 2025 16:17:47Z'),\n      relations={\n        'secret-storage': [\n          AppStatusRelation(related_app='flask-k8s', interface='secret-storage', scope='global'),\n        ],\n      },\n      units={\n        'flask-k8s/0': UnitStatus(\n          workload_status=StatusInfo(current='active', since='12 Nov 2025 16:17:47Z'),\n          juju_status=StatusInfo(current='idle', since='12 Nov 2025 16:17:47Z', version='4.0-rc1'),\n          leader=True,\n          open_ports=['8000/tcp'],\n          address='10.1.50.138',\n          provider_id='flask-k8s-0',\n        ),\n      },\n      endpoint_bindings={\n        '': 'alpha',\n        'grafana-dashboard': 'alpha',\n        'http-proxy': 'alpha',\n        'ingress': 'alpha',\n        'juju-info': 'alpha',\n        'logging': 'alpha',\n        'metrics-endpoint': 'alpha',\n        'mongodb': 'alpha',\n        'mysql': 'alpha',\n        'oidc': 'alpha',\n        'openfga': 'alpha',\n        'postgresql': 'alpha',\n        'rabbitmq': 'alpha',\n        'redis': 'alpha',\n        's3': 'alpha',\n        'saml': 'alpha',\n        'secret-storage': 'alpha',\n        'smtp': 'alpha',\n        'tracing': 'alpha',\n      },\n    ),\n    'saml-integrator': AppStatus(\n      charm='saml-integrator',\n      charm_origin='charmhub',\n      charm_name='saml-integrator',\n      charm_rev=107,\n      exposed=False,\n      base=FormattedBase(name='ubuntu', channel='22.04'),\n      charm_channel='latest/edge',\n      scale=1,\n      provider_id='5b80a0cb-0703-48bc-b895-2cbaccdf5bf8',\n      life='alive',\n      app_status=StatusInfo(current='active', since='12 Nov 2025 16:18:09Z'),\n      units={\n        'saml-integrator/0': UnitStatus(\n          workload_status=StatusInfo(current='blocked', message='invalid configuration: entity_id', since='12 Nov 2025 16:23:57Z'),\n          juju_status=StatusInfo(current='idle', since='12 Nov 2025 16:18:09Z', version='4.0-rc1'),\n          leader=True,\n          address='10.1.50.140',\n          provider_id='saml-integrator-0',\n        ),\n      },\n      endpoint_bindings={'': 'alpha', 'juju-info': 'alpha', 'saml': 'alpha'},\n    ),\n  },\n  controller=ControllerStatus(timestamp='16:27:54Z'),\n)","flaky":false,"newFailed":false,"newBroken":false,"newPassed":false,"retriesCount":0,"retriesStatusChange":false,"beforeStages":[{"name":"juju","time":{"start":1762964238709,"stop":1762964238709,"duration":0},"status":"passed","steps":[],"attachments":[],"parameters":[],"shouldDisplayMessage":false,"stepsCount":0,"attachmentsCount":0,"hasContent":false,"attachmentStep":false},{"name":"s3_credentials","time":{"start":1762964238709,"stop":1762964238709,"duration":0},"status":"passed","steps":[],"attachments":[],"parameters":[],"shouldDisplayMessage":false,"stepsCount":0,"attachmentsCount":0,"hasContent":false,"attachmentStep":false},{"name":"minio_app_name","time":{"start":1762964238709,"stop":1762964238709,"duration":0},"status":"passed","steps":[],"attachments":[],"parameters":[],"shouldDisplayMessage":false,"stepsCount":0,"attachmentsCount":0,"hasContent":false,"attachmentStep":false},{"name":"s3_configuration","time":{"start":1762964238709,"stop":1762964238709,"duration":0},"status":"passed","steps":[],"attachments":[],"parameters":[],"shouldDisplayMessage":false,"stepsCount":0,"attachmentsCount":0,"hasContent":false,"attachmentStep":false},{"name":"abort_on_fail","time":{"start":1762964238710,"stop":1762964238710,"duration":0},"status":"passed","steps":[],"attachments":[],"parameters":[],"shouldDisplayMessage":false,"stepsCount":0,"attachmentsCount":0,"hasContent":false,"attachmentStep":false},{"name":"pytestconfig","time":{"start":1762964238710,"stop":1762964238710,"duration":0},"status":"passed","steps":[],"attachments":[],"parameters":[],"shouldDisplayMessage":false,"stepsCount":0,"attachmentsCount":0,"hasContent":false,"attachmentStep":false},{"name":"tmp_path_factory","time":{"start":1762964238710,"stop":1762964238710,"duration":0},"status":"passed","steps":[],"attachments":[],"parameters":[],"shouldDisplayMessage":false,"stepsCount":0,"attachmentsCount":0,"hasContent":false,"attachmentStep":false},{"name":"flask_app","time":{"start":1762964238711,"stop":1762964269898,"duration":31187},"status":"passed","steps":[],"attachments":[],"parameters":[],"shouldDisplayMessage":false,"stepsCount":0,"attachmentsCount":0,"hasContent":false,"attachmentStep":false}],"testStage":{"description":"\n    arrange: Integrate the Charm with saml-integrator, with a real SP.\n    act: Call the endpoint to get env variables.\n    assert: Valid Saml env variables should be in the workload.\n    ","status":"broken","statusMessage":"TimeoutError: wait timed out after 600s\nStatus(\n  model=ModelStatus(\n    name='testing',\n    type='caas',\n    controller='github-pr-8beda-microk8s',\n    cloud='microk8s',\n    version='4.0-rc1',\n    region='localhost',\n    model_status=StatusInfo(current='available', since='12 Nov 2025 16:27:54Z'),\n  ),\n  machines={},\n  apps={\n    'flask-k8s': AppStatus(\n      charm='local:flask-k8s-0',\n      charm_origin='local',\n      charm_name='flask-k8s',\n      charm_rev=0,\n      exposed=False,\n      base=FormattedBase(name='ubuntu', channel='22.04'),\n      scale=1,\n      provider_id='5a138e29-e8e9-4a2b-9820-49c69acd0898',\n      life='alive',\n      app_status=StatusInfo(current='active', since='12 Nov 2025 16:17:47Z'),\n      relations={\n        'secret-storage': [\n          AppStatusRelation(related_app='flask-k8s', interface='secret-storage', scope='global'),\n        ],\n      },\n      units={\n        'flask-k8s/0': UnitStatus(\n          workload_status=StatusInfo(current='active', since='12 Nov 2025 16:17:47Z'),\n          juju_status=StatusInfo(current='idle', since='12 Nov 2025 16:17:47Z', version='4.0-rc1'),\n          leader=True,\n          open_ports=['8000/tcp'],\n          address='10.1.50.138',\n          provider_id='flask-k8s-0',\n        ),\n      },\n      endpoint_bindings={\n        '': 'alpha',\n        'grafana-dashboard': 'alpha',\n        'http-proxy': 'alpha',\n        'ingress': 'alpha',\n        'juju-info': 'alpha',\n        'logging': 'alpha',\n        'metrics-endpoint': 'alpha',\n        'mongodb': 'alpha',\n        'mysql': 'alpha',\n        'oidc': 'alpha',\n        'openfga': 'alpha',\n        'postgresql': 'alpha',\n        'rabbitmq': 'alpha',\n        'redis': 'alpha',\n        's3': 'alpha',\n        'saml': 'alpha',\n        'secret-storage': 'alpha',\n        'smtp': 'alpha',\n        'tracing': 'alpha',\n      },\n    ),\n    'saml-integrator': AppStatus(\n      charm='saml-integrator',\n      charm_origin='charmhub',\n      charm_name='saml-integrator',\n      charm_rev=107,\n      exposed=False,\n      base=FormattedBase(name='ubuntu', channel='22.04'),\n      charm_channel='latest/edge',\n      scale=1,\n      provider_id='5b80a0cb-0703-48bc-b895-2cbaccdf5bf8',\n      life='alive',\n      app_status=StatusInfo(current='active', since='12 Nov 2025 16:18:09Z'),\n      units={\n        'saml-integrator/0': UnitStatus(\n          workload_status=StatusInfo(current='blocked', message='invalid configuration: entity_id', since='12 Nov 2025 16:23:57Z'),\n          juju_status=StatusInfo(current='idle', since='12 Nov 2025 16:18:09Z', version='4.0-rc1'),\n          leader=True,\n          address='10.1.50.140',\n          provider_id='saml-integrator-0',\n        ),\n      },\n      endpoint_bindings={'': 'alpha', 'juju-info': 'alpha', 'saml': 'alpha'},\n    ),\n  },\n  controller=ControllerStatus(timestamp='16:27:54Z'),\n)","statusTrace":"Traceback (most recent call last):\n  File \"/home/runner/work/paas-charm/paas-charm/.tox/integration/lib/python3.10/site-packages/_pytest/runner.py\", line 353, in from_call\n    result: TResult | None = func()\n  File \"/home/runner/work/paas-charm/paas-charm/.tox/integration/lib/python3.10/site-packages/_pytest/runner.py\", line 245, in <lambda>\n    lambda: runtest_hook(item=item, **kwds),\n  File \"/home/runner/work/paas-charm/paas-charm/.tox/integration/lib/python3.10/site-packages/pluggy/_hooks.py\", line 512, in __call__\n    return self._hookexec(self.name, self._hookimpls.copy(), kwargs, firstresult)\n  File \"/home/runner/work/paas-charm/paas-charm/.tox/integration/lib/python3.10/site-packages/pluggy/_manager.py\", line 120, in _hookexec\n    return self._inner_hookexec(hook_name, methods, kwargs, firstresult)\n  File \"/home/runner/work/paas-charm/paas-charm/.tox/integration/lib/python3.10/site-packages/pluggy/_callers.py\", line 167, in _multicall\n    raise exception\n  File \"/home/runner/work/paas-charm/paas-charm/.tox/integration/lib/python3.10/site-packages/pluggy/_callers.py\", line 139, in _multicall\n    teardown.throw(exception)\n  File \"/home/runner/work/paas-charm/paas-charm/.tox/integration/lib/python3.10/site-packages/_pytest/logging.py\", line 850, in pytest_runtest_call\n    yield\n  File \"/home/runner/work/paas-charm/paas-charm/.tox/integration/lib/python3.10/site-packages/pluggy/_callers.py\", line 139, in _multicall\n    teardown.throw(exception)\n  File \"/home/runner/work/paas-charm/paas-charm/.tox/integration/lib/python3.10/site-packages/pluggy/_callers.py\", line 53, in run_old_style_hookwrapper\n    return result.get_result()\n  File \"/home/runner/work/paas-charm/paas-charm/.tox/integration/lib/python3.10/site-packages/pluggy/_result.py\", line 103, in get_result\n    raise exc.with_traceback(tb)\n  File \"/home/runner/work/paas-charm/paas-charm/.tox/integration/lib/python3.10/site-packages/pluggy/_callers.py\", line 38, in run_old_style_hookwrapper\n    res = yield\n  File \"/home/runner/work/paas-charm/paas-charm/.tox/integration/lib/python3.10/site-packages/pluggy/_callers.py\", line 139, in _multicall\n    teardown.throw(exception)\n  File \"/home/runner/work/paas-charm/paas-charm/.tox/integration/lib/python3.10/site-packages/_pytest/capture.py\", line 900, in pytest_runtest_call\n    return (yield)\n  File \"/home/runner/work/paas-charm/paas-charm/.tox/integration/lib/python3.10/site-packages/pluggy/_callers.py\", line 139, in _multicall\n    teardown.throw(exception)\n  File \"/home/runner/work/paas-charm/paas-charm/.tox/integration/lib/python3.10/site-packages/_pytest/skipping.py\", line 268, in pytest_runtest_call\n    return (yield)\n  File \"/home/runner/work/paas-charm/paas-charm/.tox/integration/lib/python3.10/site-packages/pluggy/_callers.py\", line 121, in _multicall\n    res = hook_impl.function(*args)\n  File \"/home/runner/work/paas-charm/paas-charm/.tox/integration/lib/python3.10/site-packages/_pytest/runner.py\", line 179, in pytest_runtest_call\n    item.runtest()\n  File \"/home/runner/work/paas-charm/paas-charm/.tox/integration/lib/python3.10/site-packages/_pytest/python.py\", line 1720, in runtest\n    self.ihook.pytest_pyfunc_call(pyfuncitem=self)\n  File \"/home/runner/work/paas-charm/paas-charm/.tox/integration/lib/python3.10/site-packages/pluggy/_hooks.py\", line 512, in __call__\n    return self._hookexec(self.name, self._hookimpls.copy(), kwargs, firstresult)\n  File \"/home/runner/work/paas-charm/paas-charm/.tox/integration/lib/python3.10/site-packages/pluggy/_manager.py\", line 120, in _hookexec\n    return self._inner_hookexec(hook_name, methods, kwargs, firstresult)\n  File \"/home/runner/work/paas-charm/paas-charm/.tox/integration/lib/python3.10/site-packages/pluggy/_callers.py\", line 167, in _multicall\n    raise exception\n  File \"/home/runner/work/paas-charm/paas-charm/.tox/integration/lib/python3.10/site-packages/pluggy/_callers.py\", line 139, in _multicall\n    teardown.throw(exception)\n  File \"/home/runner/work/paas-charm/paas-charm/.tox/integration/lib/python3.10/site-packages/pluggy/_callers.py\", line 53, in run_old_style_hookwrapper\n    return result.get_result()\n  File \"/home/runner/work/paas-charm/paas-charm/.tox/integration/lib/python3.10/site-packages/pluggy/_result.py\", line 103, in get_result\n    raise exc.with_traceback(tb)\n  File \"/home/runner/work/paas-charm/paas-charm/.tox/integration/lib/python3.10/site-packages/pluggy/_callers.py\", line 38, in run_old_style_hookwrapper\n    res = yield\n  File \"/home/runner/work/paas-charm/paas-charm/.tox/integration/lib/python3.10/site-packages/pluggy/_callers.py\", line 121, in _multicall\n    res = hook_impl.function(*args)\n  File \"/home/runner/work/paas-charm/paas-charm/.tox/integration/lib/python3.10/site-packages/_pytest/python.py\", line 166, in pytest_pyfunc_call\n    result = testfunction(**testargs)\n  File \"/home/runner/work/paas-charm/paas-charm/tests/integration/integrations/test_saml.py\", line 54, in test_saml_integration\n    juju.wait(lambda status: jubilant.all_blocked(status, saml_integrator_app_name), timeout=600)\n  File \"/home/runner/work/paas-charm/paas-charm/.tox/integration/lib/python3.10/site-packages/jubilant/_juju.py\", line 998, in wait\n    raise TimeoutError(f'wait timed out after {timeout}s\\n{status}')\nTimeoutError: wait timed out after 600s\nStatus(\n  model=ModelStatus(\n    name='testing',\n    type='caas',\n    controller='github-pr-8beda-microk8s',\n    cloud='microk8s',\n    version='4.0-rc1',\n    region='localhost',\n    model_status=StatusInfo(current='available', since='12 Nov 2025 16:27:54Z'),\n  ),\n  machines={},\n  apps={\n    'flask-k8s': AppStatus(\n      charm='local:flask-k8s-0',\n      charm_origin='local',\n      charm_name='flask-k8s',\n      charm_rev=0,\n      exposed=False,\n      base=FormattedBase(name='ubuntu', channel='22.04'),\n      scale=1,\n      provider_id='5a138e29-e8e9-4a2b-9820-49c69acd0898',\n      life='alive',\n      app_status=StatusInfo(current='active', since='12 Nov 2025 16:17:47Z'),\n      relations={\n        'secret-storage': [\n          AppStatusRelation(related_app='flask-k8s', interface='secret-storage', scope='global'),\n        ],\n      },\n      units={\n        'flask-k8s/0': UnitStatus(\n          workload_status=StatusInfo(current='active', since='12 Nov 2025 16:17:47Z'),\n          juju_status=StatusInfo(current='idle', since='12 Nov 2025 16:17:47Z', version='4.0-rc1'),\n          leader=True,\n          open_ports=['8000/tcp'],\n          address='10.1.50.138',\n          provider_id='flask-k8s-0',\n        ),\n      },\n      endpoint_bindings={\n        '': 'alpha',\n        'grafana-dashboard': 'alpha',\n        'http-proxy': 'alpha',\n        'ingress': 'alpha',\n        'juju-info': 'alpha',\n        'logging': 'alpha',\n        'metrics-endpoint': 'alpha',\n        'mongodb': 'alpha',\n        'mysql': 'alpha',\n        'oidc': 'alpha',\n        'openfga': 'alpha',\n        'postgresql': 'alpha',\n        'rabbitmq': 'alpha',\n        'redis': 'alpha',\n        's3': 'alpha',\n        'saml': 'alpha',\n        'secret-storage': 'alpha',\n        'smtp': 'alpha',\n        'tracing': 'alpha',\n      },\n    ),\n    'saml-integrator': AppStatus(\n      charm='saml-integrator',\n      charm_origin='charmhub',\n      charm_name='saml-integrator',\n      charm_rev=107,\n      exposed=False,\n      base=FormattedBase(name='ubuntu', channel='22.04'),\n      charm_channel='latest/edge',\n      scale=1,\n      provider_id='5b80a0cb-0703-48bc-b895-2cbaccdf5bf8',\n      life='alive',\n      app_status=StatusInfo(current='active', since='12 Nov 2025 16:18:09Z'),\n      units={\n        'saml-integrator/0': UnitStatus(\n          workload_status=StatusInfo(current='blocked', message='invalid configuration: entity_id', since='12 Nov 2025 16:23:57Z'),\n          juju_status=StatusInfo(current='idle', since='12 Nov 2025 16:18:09Z', version='4.0-rc1'),\n          leader=True,\n          address='10.1.50.140',\n          provider_id='saml-integrator-0',\n        ),\n      },\n      endpoint_bindings={'': 'alpha', 'juju-info': 'alpha', 'saml': 'alpha'},\n    ),\n  },\n  controller=ControllerStatus(timestamp='16:27:54Z'),\n)","steps":[],"attachments":[{"uid":"903bef91ae3f8e8f","name":"log","source":"903bef91ae3f8e8f.txt","type":"text/plain","size":15102}],"parameters":[],"shouldDisplayMessage":true,"stepsCount":0,"attachmentsCount":1,"hasContent":true,"attachmentStep":false},"afterStages":[{"name":"abort_on_fail::0","time":{"start":1762964875828,"stop":1762964875828,"duration":0},"status":"passed","steps":[],"attachments":[],"parameters":[],"shouldDisplayMessage":false,"stepsCount":0,"attachmentsCount":0,"hasContent":false,"attachmentStep":false},{"name":"flask_app::0","time":{"start":1762964875828,"stop":1762964875828,"duration":0},"status":"passed","steps":[],"attachments":[],"parameters":[],"shouldDisplayMessage":false,"stepsCount":0,"attachmentsCount":0,"hasContent":false,"attachmentStep":false},{"name":"juju::0","time":{"start":1762964875829,"stop":1762964876107,"duration":278},"status":"passed","steps":[],"attachments":[],"parameters":[],"shouldDisplayMessage":false,"stepsCount":0,"attachmentsCount":0,"hasContent":false,"attachmentStep":false}],"labels":[{"name":"parentSuite","value":"tests.integration.integrations"},{"name":"suite","value":"test_saml"},{"name":"host","value":"runnervmfg25i"},{"name":"thread","value":"24856-MainThread"},{"name":"framework","value":"pytest"},{"name":"language","value":"cpython3"},{"name":"package","value":"tests.integration.integrations.test_saml"},{"name":"resultFormat","value":"allure2"}],"parameters":[{"name":"app_fixture","value":"'flask_app'"},{"name":"port","value":"8000"}],"links":[],"hidden":true,"retry":true,"extra":{"categories":[],"tags":[]},"source":"b69def175261206e.json","parameterValues":["'flask_app'","8000"]}