{"uid":"9d3bc8901cdfac8b","name":"test_prometheus_integration[spring_boot_app-8080-/actuator/prometheus]","fullName":"tests.integration.integrations.test_prometheus#test_prometheus_integration","historyId":"25bb95f620fe3a1541f901e007531dbf","time":{"start":1763118834736,"stop":1763118874389,"duration":39653},"description":"\n    arrange: after 12-Factor charm has been deployed.\n    act: establish relations established with prometheus charm.\n    assert: prometheus metrics endpoint for prometheus is active and prometheus has active scrape\n        targets.\n    ","descriptionHtml":"<pre><code>arrange: after 12-Factor charm has been deployed.\nact: establish relations established with prometheus charm.\nassert: prometheus metrics endpoint for prometheus is active and prometheus has active scrape\n    targets.\n</code></pre>\n","status":"failed","statusMessage":"AssertionError: Application not scraped in port 8080. Scraped targets: [{'discoveredLabels': {'__address__': 'localhost:9090', '__metrics_path__': '/metrics', '__scheme__': 'http', '__scrape_interval__': '5s', '__scrape_timeout__': '5s', 'host': 'localhost', 'job': 'prometheus', 'juju_application': 'prometheus-k8s', 'juju_model': 'testing', 'juju_model_uuid': 'b86eba9b-7f47-4b8f-8563-3ef91631a891', 'juju_unit': 'prometheus-k8s'}, 'labels': {'host': 'localhost', 'instance': 'testing_b86eba9b-7f47-4b8f-8563-3ef91631a891_prometheus-k8s_prometheus-k8s', 'job': 'prometheus', 'juju_application': 'prometheus-k8s', 'juju_model': 'testing', 'juju_model_uuid': 'b86eba9b-7f47-4b8f-8563-3ef91631a891', 'juju_unit': 'prometheus-k8s'}, 'scrapePool': 'prometheus', 'scrapeUrl': 'http://localhost:9090/metrics', 'globalUrl': 'http://prometheus-k8s-0.prometheus-k8s-endpoints.testing.svc.cluster.local:9090/metrics', 'lastError': '', 'lastScrape': '2025-11-14T11:14:29.01179775Z', 'lastScrapeDuration': 0.004848096, 'health': 'up', 'scrapeInterval': '5s', 'scrapeTimeout': '5s'}]\nassert False","statusTrace":"Traceback (most recent call last):\n  File \"/home/runner/work/paas-charm/paas-charm/.tox/integration/lib/python3.10/site-packages/_pytest/runner.py\", line 353, in from_call\n    result: TResult | None = func()\n  File \"/home/runner/work/paas-charm/paas-charm/.tox/integration/lib/python3.10/site-packages/_pytest/runner.py\", line 245, in <lambda>\n    lambda: runtest_hook(item=item, **kwds),\n  File \"/home/runner/work/paas-charm/paas-charm/.tox/integration/lib/python3.10/site-packages/pluggy/_hooks.py\", line 512, in __call__\n    return self._hookexec(self.name, self._hookimpls.copy(), kwargs, firstresult)\n  File \"/home/runner/work/paas-charm/paas-charm/.tox/integration/lib/python3.10/site-packages/pluggy/_manager.py\", line 120, in _hookexec\n    return self._inner_hookexec(hook_name, methods, kwargs, firstresult)\n  File \"/home/runner/work/paas-charm/paas-charm/.tox/integration/lib/python3.10/site-packages/pluggy/_callers.py\", line 167, in _multicall\n    raise exception\n  File \"/home/runner/work/paas-charm/paas-charm/.tox/integration/lib/python3.10/site-packages/pluggy/_callers.py\", line 139, in _multicall\n    teardown.throw(exception)\n  File \"/home/runner/work/paas-charm/paas-charm/.tox/integration/lib/python3.10/site-packages/_pytest/logging.py\", line 850, in pytest_runtest_call\n    yield\n  File \"/home/runner/work/paas-charm/paas-charm/.tox/integration/lib/python3.10/site-packages/pluggy/_callers.py\", line 139, in _multicall\n    teardown.throw(exception)\n  File \"/home/runner/work/paas-charm/paas-charm/.tox/integration/lib/python3.10/site-packages/pluggy/_callers.py\", line 53, in run_old_style_hookwrapper\n    return result.get_result()\n  File \"/home/runner/work/paas-charm/paas-charm/.tox/integration/lib/python3.10/site-packages/pluggy/_result.py\", line 103, in get_result\n    raise exc.with_traceback(tb)\n  File \"/home/runner/work/paas-charm/paas-charm/.tox/integration/lib/python3.10/site-packages/pluggy/_callers.py\", line 38, in run_old_style_hookwrapper\n    res = yield\n  File \"/home/runner/work/paas-charm/paas-charm/.tox/integration/lib/python3.10/site-packages/pluggy/_callers.py\", line 139, in _multicall\n    teardown.throw(exception)\n  File \"/home/runner/work/paas-charm/paas-charm/.tox/integration/lib/python3.10/site-packages/_pytest/capture.py\", line 900, in pytest_runtest_call\n    return (yield)\n  File \"/home/runner/work/paas-charm/paas-charm/.tox/integration/lib/python3.10/site-packages/pluggy/_callers.py\", line 139, in _multicall\n    teardown.throw(exception)\n  File \"/home/runner/work/paas-charm/paas-charm/.tox/integration/lib/python3.10/site-packages/_pytest/skipping.py\", line 268, in pytest_runtest_call\n    return (yield)\n  File \"/home/runner/work/paas-charm/paas-charm/.tox/integration/lib/python3.10/site-packages/pluggy/_callers.py\", line 121, in _multicall\n    res = hook_impl.function(*args)\n  File \"/home/runner/work/paas-charm/paas-charm/.tox/integration/lib/python3.10/site-packages/_pytest/runner.py\", line 179, in pytest_runtest_call\n    item.runtest()\n  File \"/home/runner/work/paas-charm/paas-charm/.tox/integration/lib/python3.10/site-packages/_pytest/python.py\", line 1720, in runtest\n    self.ihook.pytest_pyfunc_call(pyfuncitem=self)\n  File \"/home/runner/work/paas-charm/paas-charm/.tox/integration/lib/python3.10/site-packages/pluggy/_hooks.py\", line 512, in __call__\n    return self._hookexec(self.name, self._hookimpls.copy(), kwargs, firstresult)\n  File \"/home/runner/work/paas-charm/paas-charm/.tox/integration/lib/python3.10/site-packages/pluggy/_manager.py\", line 120, in _hookexec\n    return self._inner_hookexec(hook_name, methods, kwargs, firstresult)\n  File \"/home/runner/work/paas-charm/paas-charm/.tox/integration/lib/python3.10/site-packages/pluggy/_callers.py\", line 167, in _multicall\n    raise exception\n  File \"/home/runner/work/paas-charm/paas-charm/.tox/integration/lib/python3.10/site-packages/pluggy/_callers.py\", line 139, in _multicall\n    teardown.throw(exception)\n  File \"/home/runner/work/paas-charm/paas-charm/.tox/integration/lib/python3.10/site-packages/pluggy/_callers.py\", line 53, in run_old_style_hookwrapper\n    return result.get_result()\n  File \"/home/runner/work/paas-charm/paas-charm/.tox/integration/lib/python3.10/site-packages/pluggy/_result.py\", line 103, in get_result\n    raise exc.with_traceback(tb)\n  File \"/home/runner/work/paas-charm/paas-charm/.tox/integration/lib/python3.10/site-packages/pluggy/_callers.py\", line 38, in run_old_style_hookwrapper\n    res = yield\n  File \"/home/runner/work/paas-charm/paas-charm/.tox/integration/lib/python3.10/site-packages/pluggy/_callers.py\", line 121, in _multicall\n    res = hook_impl.function(*args)\n  File \"/home/runner/work/paas-charm/paas-charm/.tox/integration/lib/python3.10/site-packages/_pytest/python.py\", line 166, in pytest_pyfunc_call\n    result = testfunction(**testargs)\n  File \"/home/runner/work/paas-charm/paas-charm/tests/integration/integrations/test_prometheus.py\", line 72, in test_prometheus_integration\n    assert (\nAssertionError: Application not scraped in port 8080. Scraped targets: [{'discoveredLabels': {'__address__': 'localhost:9090', '__metrics_path__': '/metrics', '__scheme__': 'http', '__scrape_interval__': '5s', '__scrape_timeout__': '5s', 'host': 'localhost', 'job': 'prometheus', 'juju_application': 'prometheus-k8s', 'juju_model': 'testing', 'juju_model_uuid': 'b86eba9b-7f47-4b8f-8563-3ef91631a891', 'juju_unit': 'prometheus-k8s'}, 'labels': {'host': 'localhost', 'instance': 'testing_b86eba9b-7f47-4b8f-8563-3ef91631a891_prometheus-k8s_prometheus-k8s', 'job': 'prometheus', 'juju_application': 'prometheus-k8s', 'juju_model': 'testing', 'juju_model_uuid': 'b86eba9b-7f47-4b8f-8563-3ef91631a891', 'juju_unit': 'prometheus-k8s'}, 'scrapePool': 'prometheus', 'scrapeUrl': 'http://localhost:9090/metrics', 'globalUrl': 'http://prometheus-k8s-0.prometheus-k8s-endpoints.testing.svc.cluster.local:9090/metrics', 'lastError': '', 'lastScrape': '2025-11-14T11:14:29.01179775Z', 'lastScrapeDuration': 0.004848096, 'health': 'up', 'scrapeInterval': '5s', 'scrapeTimeout': '5s'}]\nassert False","flaky":false,"newFailed":true,"newBroken":false,"newPassed":false,"retriesCount":1,"retriesStatusChange":true,"beforeStages":[{"name":"juju","time":{"start":1763118634358,"stop":1763118634358,"duration":0},"status":"passed","steps":[],"attachments":[],"parameters":[],"shouldDisplayMessage":false,"stepsCount":0,"attachmentsCount":0,"hasContent":false,"attachmentStep":false},{"name":"prometheus_app_name","time":{"start":1763118634358,"stop":1763118634358,"duration":0},"status":"passed","steps":[],"attachments":[],"parameters":[],"shouldDisplayMessage":false,"stepsCount":0,"attachmentsCount":0,"hasContent":false,"attachmentStep":false},{"name":"prometheus_app","time":{"start":1763118634358,"stop":1763118687659,"duration":53301},"status":"passed","steps":[],"attachments":[],"parameters":[],"shouldDisplayMessage":false,"stepsCount":0,"attachmentsCount":0,"hasContent":false,"attachmentStep":false},{"name":"tmp_path_factory","time":{"start":1763118687661,"stop":1763118687661,"duration":0},"status":"passed","steps":[],"attachments":[],"parameters":[],"shouldDisplayMessage":false,"stepsCount":0,"attachmentsCount":0,"hasContent":false,"attachmentStep":false},{"name":"pytestconfig","time":{"start":1763118687661,"stop":1763118687661,"duration":0},"status":"passed","steps":[],"attachments":[],"parameters":[],"shouldDisplayMessage":false,"stepsCount":0,"attachmentsCount":0,"hasContent":false,"attachmentStep":false},{"name":"abort_on_fail","time":{"start":1763118834734,"stop":1763118834734,"duration":0},"status":"passed","steps":[],"attachments":[],"parameters":[],"shouldDisplayMessage":false,"stepsCount":0,"attachmentsCount":0,"hasContent":false,"attachmentStep":false},{"name":"http","time":{"start":1763118834735,"stop":1763118834735,"duration":0},"status":"passed","steps":[],"attachments":[],"parameters":[],"shouldDisplayMessage":false,"stepsCount":0,"attachmentsCount":0,"hasContent":false,"attachmentStep":false},{"name":"spring_boot_app_image","time":{"start":1763118834736,"stop":1763118834736,"duration":0},"status":"passed","steps":[],"attachments":[],"parameters":[],"shouldDisplayMessage":false,"stepsCount":0,"attachmentsCount":0,"hasContent":false,"attachmentStep":false},{"name":"spring_boot_app","time":{"start":1763118834736,"stop":1763118860896,"duration":26160},"status":"passed","steps":[],"attachments":[],"parameters":[],"shouldDisplayMessage":false,"stepsCount":0,"attachmentsCount":0,"hasContent":false,"attachmentStep":false}],"testStage":{"description":"\n    arrange: after 12-Factor charm has been deployed.\n    act: establish relations established with prometheus charm.\n    assert: prometheus metrics endpoint for prometheus is active and prometheus has active scrape\n        targets.\n    ","status":"failed","statusMessage":"AssertionError: Application not scraped in port 8080. Scraped targets: [{'discoveredLabels': {'__address__': 'localhost:9090', '__metrics_path__': '/metrics', '__scheme__': 'http', '__scrape_interval__': '5s', '__scrape_timeout__': '5s', 'host': 'localhost', 'job': 'prometheus', 'juju_application': 'prometheus-k8s', 'juju_model': 'testing', 'juju_model_uuid': 'b86eba9b-7f47-4b8f-8563-3ef91631a891', 'juju_unit': 'prometheus-k8s'}, 'labels': {'host': 'localhost', 'instance': 'testing_b86eba9b-7f47-4b8f-8563-3ef91631a891_prometheus-k8s_prometheus-k8s', 'job': 'prometheus', 'juju_application': 'prometheus-k8s', 'juju_model': 'testing', 'juju_model_uuid': 'b86eba9b-7f47-4b8f-8563-3ef91631a891', 'juju_unit': 'prometheus-k8s'}, 'scrapePool': 'prometheus', 'scrapeUrl': 'http://localhost:9090/metrics', 'globalUrl': 'http://prometheus-k8s-0.prometheus-k8s-endpoints.testing.svc.cluster.local:9090/metrics', 'lastError': '', 'lastScrape': '2025-11-14T11:14:29.01179775Z', 'lastScrapeDuration': 0.004848096, 'health': 'up', 'scrapeInterval': '5s', 'scrapeTimeout': '5s'}]\nassert False","statusTrace":"Traceback (most recent call last):\n  File \"/home/runner/work/paas-charm/paas-charm/.tox/integration/lib/python3.10/site-packages/_pytest/runner.py\", line 353, in from_call\n    result: TResult | None = func()\n  File \"/home/runner/work/paas-charm/paas-charm/.tox/integration/lib/python3.10/site-packages/_pytest/runner.py\", line 245, in <lambda>\n    lambda: runtest_hook(item=item, **kwds),\n  File \"/home/runner/work/paas-charm/paas-charm/.tox/integration/lib/python3.10/site-packages/pluggy/_hooks.py\", line 512, in __call__\n    return self._hookexec(self.name, self._hookimpls.copy(), kwargs, firstresult)\n  File \"/home/runner/work/paas-charm/paas-charm/.tox/integration/lib/python3.10/site-packages/pluggy/_manager.py\", line 120, in _hookexec\n    return self._inner_hookexec(hook_name, methods, kwargs, firstresult)\n  File \"/home/runner/work/paas-charm/paas-charm/.tox/integration/lib/python3.10/site-packages/pluggy/_callers.py\", line 167, in _multicall\n    raise exception\n  File \"/home/runner/work/paas-charm/paas-charm/.tox/integration/lib/python3.10/site-packages/pluggy/_callers.py\", line 139, in _multicall\n    teardown.throw(exception)\n  File \"/home/runner/work/paas-charm/paas-charm/.tox/integration/lib/python3.10/site-packages/_pytest/logging.py\", line 850, in pytest_runtest_call\n    yield\n  File \"/home/runner/work/paas-charm/paas-charm/.tox/integration/lib/python3.10/site-packages/pluggy/_callers.py\", line 139, in _multicall\n    teardown.throw(exception)\n  File \"/home/runner/work/paas-charm/paas-charm/.tox/integration/lib/python3.10/site-packages/pluggy/_callers.py\", line 53, in run_old_style_hookwrapper\n    return result.get_result()\n  File \"/home/runner/work/paas-charm/paas-charm/.tox/integration/lib/python3.10/site-packages/pluggy/_result.py\", line 103, in get_result\n    raise exc.with_traceback(tb)\n  File \"/home/runner/work/paas-charm/paas-charm/.tox/integration/lib/python3.10/site-packages/pluggy/_callers.py\", line 38, in run_old_style_hookwrapper\n    res = yield\n  File \"/home/runner/work/paas-charm/paas-charm/.tox/integration/lib/python3.10/site-packages/pluggy/_callers.py\", line 139, in _multicall\n    teardown.throw(exception)\n  File \"/home/runner/work/paas-charm/paas-charm/.tox/integration/lib/python3.10/site-packages/_pytest/capture.py\", line 900, in pytest_runtest_call\n    return (yield)\n  File \"/home/runner/work/paas-charm/paas-charm/.tox/integration/lib/python3.10/site-packages/pluggy/_callers.py\", line 139, in _multicall\n    teardown.throw(exception)\n  File \"/home/runner/work/paas-charm/paas-charm/.tox/integration/lib/python3.10/site-packages/_pytest/skipping.py\", line 268, in pytest_runtest_call\n    return (yield)\n  File \"/home/runner/work/paas-charm/paas-charm/.tox/integration/lib/python3.10/site-packages/pluggy/_callers.py\", line 121, in _multicall\n    res = hook_impl.function(*args)\n  File \"/home/runner/work/paas-charm/paas-charm/.tox/integration/lib/python3.10/site-packages/_pytest/runner.py\", line 179, in pytest_runtest_call\n    item.runtest()\n  File \"/home/runner/work/paas-charm/paas-charm/.tox/integration/lib/python3.10/site-packages/_pytest/python.py\", line 1720, in runtest\n    self.ihook.pytest_pyfunc_call(pyfuncitem=self)\n  File \"/home/runner/work/paas-charm/paas-charm/.tox/integration/lib/python3.10/site-packages/pluggy/_hooks.py\", line 512, in __call__\n    return self._hookexec(self.name, self._hookimpls.copy(), kwargs, firstresult)\n  File \"/home/runner/work/paas-charm/paas-charm/.tox/integration/lib/python3.10/site-packages/pluggy/_manager.py\", line 120, in _hookexec\n    return self._inner_hookexec(hook_name, methods, kwargs, firstresult)\n  File \"/home/runner/work/paas-charm/paas-charm/.tox/integration/lib/python3.10/site-packages/pluggy/_callers.py\", line 167, in _multicall\n    raise exception\n  File \"/home/runner/work/paas-charm/paas-charm/.tox/integration/lib/python3.10/site-packages/pluggy/_callers.py\", line 139, in _multicall\n    teardown.throw(exception)\n  File \"/home/runner/work/paas-charm/paas-charm/.tox/integration/lib/python3.10/site-packages/pluggy/_callers.py\", line 53, in run_old_style_hookwrapper\n    return result.get_result()\n  File \"/home/runner/work/paas-charm/paas-charm/.tox/integration/lib/python3.10/site-packages/pluggy/_result.py\", line 103, in get_result\n    raise exc.with_traceback(tb)\n  File \"/home/runner/work/paas-charm/paas-charm/.tox/integration/lib/python3.10/site-packages/pluggy/_callers.py\", line 38, in run_old_style_hookwrapper\n    res = yield\n  File \"/home/runner/work/paas-charm/paas-charm/.tox/integration/lib/python3.10/site-packages/pluggy/_callers.py\", line 121, in _multicall\n    res = hook_impl.function(*args)\n  File \"/home/runner/work/paas-charm/paas-charm/.tox/integration/lib/python3.10/site-packages/_pytest/python.py\", line 166, in pytest_pyfunc_call\n    result = testfunction(**testargs)\n  File \"/home/runner/work/paas-charm/paas-charm/tests/integration/integrations/test_prometheus.py\", line 72, in test_prometheus_integration\n    assert (\nAssertionError: Application not scraped in port 8080. Scraped targets: [{'discoveredLabels': {'__address__': 'localhost:9090', '__metrics_path__': '/metrics', '__scheme__': 'http', '__scrape_interval__': '5s', '__scrape_timeout__': '5s', 'host': 'localhost', 'job': 'prometheus', 'juju_application': 'prometheus-k8s', 'juju_model': 'testing', 'juju_model_uuid': 'b86eba9b-7f47-4b8f-8563-3ef91631a891', 'juju_unit': 'prometheus-k8s'}, 'labels': {'host': 'localhost', 'instance': 'testing_b86eba9b-7f47-4b8f-8563-3ef91631a891_prometheus-k8s_prometheus-k8s', 'job': 'prometheus', 'juju_application': 'prometheus-k8s', 'juju_model': 'testing', 'juju_model_uuid': 'b86eba9b-7f47-4b8f-8563-3ef91631a891', 'juju_unit': 'prometheus-k8s'}, 'scrapePool': 'prometheus', 'scrapeUrl': 'http://localhost:9090/metrics', 'globalUrl': 'http://prometheus-k8s-0.prometheus-k8s-endpoints.testing.svc.cluster.local:9090/metrics', 'lastError': '', 'lastScrape': '2025-11-14T11:14:29.01179775Z', 'lastScrapeDuration': 0.004848096, 'health': 'up', 'scrapeInterval': '5s', 'scrapeTimeout': '5s'}]\nassert False","steps":[],"attachments":[{"uid":"fe280eb3d1161bd1","name":"log","source":"fe280eb3d1161bd1.txt","type":"text/plain","size":42478}],"parameters":[],"shouldDisplayMessage":true,"stepsCount":0,"attachmentsCount":1,"hasContent":true,"attachmentStep":false},"afterStages":[{"name":"http::0","time":{"start":1763118874394,"stop":1763118874397,"duration":3},"status":"passed","steps":[],"attachments":[],"parameters":[],"shouldDisplayMessage":false,"stepsCount":0,"attachmentsCount":0,"hasContent":false,"attachmentStep":false},{"name":"abort_on_fail::0","time":{"start":1763118874398,"stop":1763118874398,"duration":0},"status":"passed","steps":[],"attachments":[],"parameters":[],"shouldDisplayMessage":false,"stepsCount":0,"attachmentsCount":0,"hasContent":false,"attachmentStep":false},{"name":"juju::0","time":{"start":1763118874406,"stop":1763118875073,"duration":667},"status":"passed","steps":[],"attachments":[],"parameters":[],"shouldDisplayMessage":false,"stepsCount":0,"attachmentsCount":0,"hasContent":false,"attachmentStep":false}],"labels":[{"name":"parentSuite","value":"tests.integration.integrations"},{"name":"suite","value":"test_prometheus"},{"name":"host","value":"runnervmfg25i"},{"name":"thread","value":"23810-MainThread"},{"name":"framework","value":"pytest"},{"name":"language","value":"cpython3"},{"name":"package","value":"tests.integration.integrations.test_prometheus"},{"name":"resultFormat","value":"allure2"}],"parameters":[{"name":"app_fixture","value":"'spring_boot_app'"},{"name":"metrics_path","value":"'/actuator/prometheus'"},{"name":"metrics_port","value":"8080"}],"links":[],"hidden":false,"retry":false,"extra":{"severity":"normal","retries":[{"uid":"c863cf27cbeb34ee","status":"unknown","time":{}}],"categories":[{"name":"Product defects","matchedStatuses":[]}],"history":{"statistic":{"failed":1,"broken":0,"skipped":0,"passed":6,"unknown":0,"total":7},"items":[{"uid":"76d145f06301ef02","reportUrl":"../1143//#testresult/76d145f06301ef02","status":"passed","time":{"start":1763118676271,"stop":1763118732622,"duration":56351}},{"uid":"bd5152167662d6c7","reportUrl":"../1140//#testresult/bd5152167662d6c7","status":"passed","time":{"start":1762964680242,"stop":1762964735402,"duration":55160}},{"uid":"43ff8c1d2b2a2c46","reportUrl":"../1139//#testresult/43ff8c1d2b2a2c46","status":"passed","time":{"start":1761902212165,"stop":1761902262665,"duration":50500}},{"uid":"97628aabc0551c02","reportUrl":"../1137//#testresult/97628aabc0551c02","status":"passed","time":{"start":1761298144999,"stop":1761298194071,"duration":49072}},{"uid":"6ece3e893472c402","reportUrl":"../1121//#testresult/6ece3e893472c402","status":"passed","time":{"start":1761047570837,"stop":1761047618743,"duration":47906}},{"uid":"86778e09c2c837b","reportUrl":"../1120//#testresult/86778e09c2c837b","status":"passed","time":{"start":1761043448355,"stop":1761043505276,"duration":56921}}]},"tags":[]},"source":"9d3bc8901cdfac8b.json","parameterValues":["'spring_boot_app'","'/actuator/prometheus'","8080"]}