{"uid":"5d6fbf2f8561f64e","name":"test_prometheus_integration[spring_boot_app-8080-/actuator/prometheus]","fullName":"tests.integration.integrations.test_prometheus#test_prometheus_integration","historyId":"25bb95f620fe3a1541f901e007531dbf","time":{"start":1763120369108,"stop":1763120409290,"duration":40182},"description":"\n    arrange: after 12-Factor charm has been deployed.\n    act: establish relations established with prometheus charm.\n    assert: prometheus metrics endpoint for prometheus is active and prometheus has active scrape\n        targets.\n    ","descriptionHtml":"<pre><code>arrange: after 12-Factor charm has been deployed.\nact: establish relations established with prometheus charm.\nassert: prometheus metrics endpoint for prometheus is active and prometheus has active scrape\n    targets.\n</code></pre>\n","status":"failed","statusMessage":"AssertionError: Application not scraped in port 8080. Scraped targets: [{'discoveredLabels': {'__address__': 'localhost:9090', '__metrics_path__': '/metrics', '__scheme__': 'http', '__scrape_interval__': '5s', '__scrape_timeout__': '5s', 'host': 'localhost', 'job': 'prometheus', 'juju_application': 'prometheus-k8s', 'juju_model': 'testing', 'juju_model_uuid': 'f230727d-7235-4705-812a-7da4d38db238', 'juju_unit': 'prometheus-k8s'}, 'labels': {'host': 'localhost', 'instance': 'testing_f230727d-7235-4705-812a-7da4d38db238_prometheus-k8s_prometheus-k8s', 'job': 'prometheus', 'juju_application': 'prometheus-k8s', 'juju_model': 'testing', 'juju_model_uuid': 'f230727d-7235-4705-812a-7da4d38db238', 'juju_unit': 'prometheus-k8s'}, 'scrapePool': 'prometheus', 'scrapeUrl': 'http://localhost:9090/metrics', 'globalUrl': 'http://prometheus-k8s-0.prometheus-k8s-endpoints.testing.svc.cluster.local:9090/metrics', 'lastError': '', 'lastScrape': '2025-11-14T11:40:04.732363209Z', 'lastScrapeDuration': 0.004602951, 'health': 'up', 'scrapeInterval': '5s', 'scrapeTimeout': '5s'}]\nassert False","statusTrace":"Traceback (most recent call last):\n  File \"/home/runner/work/paas-charm/paas-charm/.tox/integration/lib/python3.10/site-packages/_pytest/runner.py\", line 353, in from_call\n    result: TResult | None = func()\n  File \"/home/runner/work/paas-charm/paas-charm/.tox/integration/lib/python3.10/site-packages/_pytest/runner.py\", line 245, in <lambda>\n    lambda: runtest_hook(item=item, **kwds),\n  File \"/home/runner/work/paas-charm/paas-charm/.tox/integration/lib/python3.10/site-packages/pluggy/_hooks.py\", line 512, in __call__\n    return self._hookexec(self.name, self._hookimpls.copy(), kwargs, firstresult)\n  File \"/home/runner/work/paas-charm/paas-charm/.tox/integration/lib/python3.10/site-packages/pluggy/_manager.py\", line 120, in _hookexec\n    return self._inner_hookexec(hook_name, methods, kwargs, firstresult)\n  File \"/home/runner/work/paas-charm/paas-charm/.tox/integration/lib/python3.10/site-packages/pluggy/_callers.py\", line 167, in _multicall\n    raise exception\n  File \"/home/runner/work/paas-charm/paas-charm/.tox/integration/lib/python3.10/site-packages/pluggy/_callers.py\", line 139, in _multicall\n    teardown.throw(exception)\n  File \"/home/runner/work/paas-charm/paas-charm/.tox/integration/lib/python3.10/site-packages/_pytest/logging.py\", line 850, in pytest_runtest_call\n    yield\n  File \"/home/runner/work/paas-charm/paas-charm/.tox/integration/lib/python3.10/site-packages/pluggy/_callers.py\", line 139, in _multicall\n    teardown.throw(exception)\n  File \"/home/runner/work/paas-charm/paas-charm/.tox/integration/lib/python3.10/site-packages/pluggy/_callers.py\", line 53, in run_old_style_hookwrapper\n    return result.get_result()\n  File \"/home/runner/work/paas-charm/paas-charm/.tox/integration/lib/python3.10/site-packages/pluggy/_result.py\", line 103, in get_result\n    raise exc.with_traceback(tb)\n  File \"/home/runner/work/paas-charm/paas-charm/.tox/integration/lib/python3.10/site-packages/pluggy/_callers.py\", line 38, in run_old_style_hookwrapper\n    res = yield\n  File \"/home/runner/work/paas-charm/paas-charm/.tox/integration/lib/python3.10/site-packages/pluggy/_callers.py\", line 139, in _multicall\n    teardown.throw(exception)\n  File \"/home/runner/work/paas-charm/paas-charm/.tox/integration/lib/python3.10/site-packages/_pytest/capture.py\", line 900, in pytest_runtest_call\n    return (yield)\n  File \"/home/runner/work/paas-charm/paas-charm/.tox/integration/lib/python3.10/site-packages/pluggy/_callers.py\", line 139, in _multicall\n    teardown.throw(exception)\n  File \"/home/runner/work/paas-charm/paas-charm/.tox/integration/lib/python3.10/site-packages/_pytest/skipping.py\", line 268, in pytest_runtest_call\n    return (yield)\n  File \"/home/runner/work/paas-charm/paas-charm/.tox/integration/lib/python3.10/site-packages/pluggy/_callers.py\", line 121, in _multicall\n    res = hook_impl.function(*args)\n  File \"/home/runner/work/paas-charm/paas-charm/.tox/integration/lib/python3.10/site-packages/_pytest/runner.py\", line 179, in pytest_runtest_call\n    item.runtest()\n  File \"/home/runner/work/paas-charm/paas-charm/.tox/integration/lib/python3.10/site-packages/_pytest/python.py\", line 1720, in runtest\n    self.ihook.pytest_pyfunc_call(pyfuncitem=self)\n  File \"/home/runner/work/paas-charm/paas-charm/.tox/integration/lib/python3.10/site-packages/pluggy/_hooks.py\", line 512, in __call__\n    return self._hookexec(self.name, self._hookimpls.copy(), kwargs, firstresult)\n  File \"/home/runner/work/paas-charm/paas-charm/.tox/integration/lib/python3.10/site-packages/pluggy/_manager.py\", line 120, in _hookexec\n    return self._inner_hookexec(hook_name, methods, kwargs, firstresult)\n  File \"/home/runner/work/paas-charm/paas-charm/.tox/integration/lib/python3.10/site-packages/pluggy/_callers.py\", line 167, in _multicall\n    raise exception\n  File \"/home/runner/work/paas-charm/paas-charm/.tox/integration/lib/python3.10/site-packages/pluggy/_callers.py\", line 139, in _multicall\n    teardown.throw(exception)\n  File \"/home/runner/work/paas-charm/paas-charm/.tox/integration/lib/python3.10/site-packages/pluggy/_callers.py\", line 53, in run_old_style_hookwrapper\n    return result.get_result()\n  File \"/home/runner/work/paas-charm/paas-charm/.tox/integration/lib/python3.10/site-packages/pluggy/_result.py\", line 103, in get_result\n    raise exc.with_traceback(tb)\n  File \"/home/runner/work/paas-charm/paas-charm/.tox/integration/lib/python3.10/site-packages/pluggy/_callers.py\", line 38, in run_old_style_hookwrapper\n    res = yield\n  File \"/home/runner/work/paas-charm/paas-charm/.tox/integration/lib/python3.10/site-packages/pluggy/_callers.py\", line 121, in _multicall\n    res = hook_impl.function(*args)\n  File \"/home/runner/work/paas-charm/paas-charm/.tox/integration/lib/python3.10/site-packages/_pytest/python.py\", line 166, in pytest_pyfunc_call\n    result = testfunction(**testargs)\n  File \"/home/runner/work/paas-charm/paas-charm/tests/integration/integrations/test_prometheus.py\", line 72, in test_prometheus_integration\n    assert (\nAssertionError: Application not scraped in port 8080. Scraped targets: [{'discoveredLabels': {'__address__': 'localhost:9090', '__metrics_path__': '/metrics', '__scheme__': 'http', '__scrape_interval__': '5s', '__scrape_timeout__': '5s', 'host': 'localhost', 'job': 'prometheus', 'juju_application': 'prometheus-k8s', 'juju_model': 'testing', 'juju_model_uuid': 'f230727d-7235-4705-812a-7da4d38db238', 'juju_unit': 'prometheus-k8s'}, 'labels': {'host': 'localhost', 'instance': 'testing_f230727d-7235-4705-812a-7da4d38db238_prometheus-k8s_prometheus-k8s', 'job': 'prometheus', 'juju_application': 'prometheus-k8s', 'juju_model': 'testing', 'juju_model_uuid': 'f230727d-7235-4705-812a-7da4d38db238', 'juju_unit': 'prometheus-k8s'}, 'scrapePool': 'prometheus', 'scrapeUrl': 'http://localhost:9090/metrics', 'globalUrl': 'http://prometheus-k8s-0.prometheus-k8s-endpoints.testing.svc.cluster.local:9090/metrics', 'lastError': '', 'lastScrape': '2025-11-14T11:40:04.732363209Z', 'lastScrapeDuration': 0.004602951, 'health': 'up', 'scrapeInterval': '5s', 'scrapeTimeout': '5s'}]\nassert False","flaky":false,"newFailed":false,"newBroken":false,"newPassed":false,"retriesCount":1,"retriesStatusChange":true,"beforeStages":[{"name":"prometheus_app_name","time":{"start":1763119862930,"stop":1763119862930,"duration":0},"status":"passed","steps":[],"attachments":[],"parameters":[],"shouldDisplayMessage":false,"stepsCount":0,"attachmentsCount":0,"hasContent":false,"attachmentStep":false},{"name":"prometheus_app","time":{"start":1763119862930,"stop":1763119914825,"duration":51895},"status":"passed","steps":[],"attachments":[],"parameters":[],"shouldDisplayMessage":false,"stepsCount":0,"attachmentsCount":0,"hasContent":false,"attachmentStep":false},{"name":"juju","time":{"start":1763119862930,"stop":1763119862930,"duration":0},"status":"passed","steps":[],"attachments":[],"parameters":[],"shouldDisplayMessage":false,"stepsCount":0,"attachmentsCount":0,"hasContent":false,"attachmentStep":false},{"name":"pytestconfig","time":{"start":1763119914827,"stop":1763119914827,"duration":0},"status":"passed","steps":[],"attachments":[],"parameters":[],"shouldDisplayMessage":false,"stepsCount":0,"attachmentsCount":0,"hasContent":false,"attachmentStep":false},{"name":"tmp_path_factory","time":{"start":1763119914828,"stop":1763119914828,"duration":0},"status":"passed","steps":[],"attachments":[],"parameters":[],"shouldDisplayMessage":false,"stepsCount":0,"attachmentsCount":0,"hasContent":false,"attachmentStep":false},{"name":"abort_on_fail","time":{"start":1763120369106,"stop":1763120369107,"duration":1},"status":"passed","steps":[],"attachments":[],"parameters":[],"shouldDisplayMessage":false,"stepsCount":0,"attachmentsCount":0,"hasContent":false,"attachmentStep":false},{"name":"http","time":{"start":1763120369107,"stop":1763120369107,"duration":0},"status":"passed","steps":[],"attachments":[],"parameters":[],"shouldDisplayMessage":false,"stepsCount":0,"attachmentsCount":0,"hasContent":false,"attachmentStep":false},{"name":"spring_boot_app","time":{"start":1763120369108,"stop":1763120395696,"duration":26588},"status":"passed","steps":[],"attachments":[],"parameters":[],"shouldDisplayMessage":false,"stepsCount":0,"attachmentsCount":0,"hasContent":false,"attachmentStep":false},{"name":"spring_boot_app_image","time":{"start":1763120369108,"stop":1763120369108,"duration":0},"status":"passed","steps":[],"attachments":[],"parameters":[],"shouldDisplayMessage":false,"stepsCount":0,"attachmentsCount":0,"hasContent":false,"attachmentStep":false}],"testStage":{"description":"\n    arrange: after 12-Factor charm has been deployed.\n    act: establish relations established with prometheus charm.\n    assert: prometheus metrics endpoint for prometheus is active and prometheus has active scrape\n        targets.\n    ","status":"failed","statusMessage":"AssertionError: Application not scraped in port 8080. Scraped targets: [{'discoveredLabels': {'__address__': 'localhost:9090', '__metrics_path__': '/metrics', '__scheme__': 'http', '__scrape_interval__': '5s', '__scrape_timeout__': '5s', 'host': 'localhost', 'job': 'prometheus', 'juju_application': 'prometheus-k8s', 'juju_model': 'testing', 'juju_model_uuid': 'f230727d-7235-4705-812a-7da4d38db238', 'juju_unit': 'prometheus-k8s'}, 'labels': {'host': 'localhost', 'instance': 'testing_f230727d-7235-4705-812a-7da4d38db238_prometheus-k8s_prometheus-k8s', 'job': 'prometheus', 'juju_application': 'prometheus-k8s', 'juju_model': 'testing', 'juju_model_uuid': 'f230727d-7235-4705-812a-7da4d38db238', 'juju_unit': 'prometheus-k8s'}, 'scrapePool': 'prometheus', 'scrapeUrl': 'http://localhost:9090/metrics', 'globalUrl': 'http://prometheus-k8s-0.prometheus-k8s-endpoints.testing.svc.cluster.local:9090/metrics', 'lastError': '', 'lastScrape': '2025-11-14T11:40:04.732363209Z', 'lastScrapeDuration': 0.004602951, 'health': 'up', 'scrapeInterval': '5s', 'scrapeTimeout': '5s'}]\nassert False","statusTrace":"Traceback (most recent call last):\n  File \"/home/runner/work/paas-charm/paas-charm/.tox/integration/lib/python3.10/site-packages/_pytest/runner.py\", line 353, in from_call\n    result: TResult | None = func()\n  File \"/home/runner/work/paas-charm/paas-charm/.tox/integration/lib/python3.10/site-packages/_pytest/runner.py\", line 245, in <lambda>\n    lambda: runtest_hook(item=item, **kwds),\n  File \"/home/runner/work/paas-charm/paas-charm/.tox/integration/lib/python3.10/site-packages/pluggy/_hooks.py\", line 512, in __call__\n    return self._hookexec(self.name, self._hookimpls.copy(), kwargs, firstresult)\n  File \"/home/runner/work/paas-charm/paas-charm/.tox/integration/lib/python3.10/site-packages/pluggy/_manager.py\", line 120, in _hookexec\n    return self._inner_hookexec(hook_name, methods, kwargs, firstresult)\n  File \"/home/runner/work/paas-charm/paas-charm/.tox/integration/lib/python3.10/site-packages/pluggy/_callers.py\", line 167, in _multicall\n    raise exception\n  File \"/home/runner/work/paas-charm/paas-charm/.tox/integration/lib/python3.10/site-packages/pluggy/_callers.py\", line 139, in _multicall\n    teardown.throw(exception)\n  File \"/home/runner/work/paas-charm/paas-charm/.tox/integration/lib/python3.10/site-packages/_pytest/logging.py\", line 850, in pytest_runtest_call\n    yield\n  File \"/home/runner/work/paas-charm/paas-charm/.tox/integration/lib/python3.10/site-packages/pluggy/_callers.py\", line 139, in _multicall\n    teardown.throw(exception)\n  File \"/home/runner/work/paas-charm/paas-charm/.tox/integration/lib/python3.10/site-packages/pluggy/_callers.py\", line 53, in run_old_style_hookwrapper\n    return result.get_result()\n  File \"/home/runner/work/paas-charm/paas-charm/.tox/integration/lib/python3.10/site-packages/pluggy/_result.py\", line 103, in get_result\n    raise exc.with_traceback(tb)\n  File \"/home/runner/work/paas-charm/paas-charm/.tox/integration/lib/python3.10/site-packages/pluggy/_callers.py\", line 38, in run_old_style_hookwrapper\n    res = yield\n  File \"/home/runner/work/paas-charm/paas-charm/.tox/integration/lib/python3.10/site-packages/pluggy/_callers.py\", line 139, in _multicall\n    teardown.throw(exception)\n  File \"/home/runner/work/paas-charm/paas-charm/.tox/integration/lib/python3.10/site-packages/_pytest/capture.py\", line 900, in pytest_runtest_call\n    return (yield)\n  File \"/home/runner/work/paas-charm/paas-charm/.tox/integration/lib/python3.10/site-packages/pluggy/_callers.py\", line 139, in _multicall\n    teardown.throw(exception)\n  File \"/home/runner/work/paas-charm/paas-charm/.tox/integration/lib/python3.10/site-packages/_pytest/skipping.py\", line 268, in pytest_runtest_call\n    return (yield)\n  File \"/home/runner/work/paas-charm/paas-charm/.tox/integration/lib/python3.10/site-packages/pluggy/_callers.py\", line 121, in _multicall\n    res = hook_impl.function(*args)\n  File \"/home/runner/work/paas-charm/paas-charm/.tox/integration/lib/python3.10/site-packages/_pytest/runner.py\", line 179, in pytest_runtest_call\n    item.runtest()\n  File \"/home/runner/work/paas-charm/paas-charm/.tox/integration/lib/python3.10/site-packages/_pytest/python.py\", line 1720, in runtest\n    self.ihook.pytest_pyfunc_call(pyfuncitem=self)\n  File \"/home/runner/work/paas-charm/paas-charm/.tox/integration/lib/python3.10/site-packages/pluggy/_hooks.py\", line 512, in __call__\n    return self._hookexec(self.name, self._hookimpls.copy(), kwargs, firstresult)\n  File \"/home/runner/work/paas-charm/paas-charm/.tox/integration/lib/python3.10/site-packages/pluggy/_manager.py\", line 120, in _hookexec\n    return self._inner_hookexec(hook_name, methods, kwargs, firstresult)\n  File \"/home/runner/work/paas-charm/paas-charm/.tox/integration/lib/python3.10/site-packages/pluggy/_callers.py\", line 167, in _multicall\n    raise exception\n  File \"/home/runner/work/paas-charm/paas-charm/.tox/integration/lib/python3.10/site-packages/pluggy/_callers.py\", line 139, in _multicall\n    teardown.throw(exception)\n  File \"/home/runner/work/paas-charm/paas-charm/.tox/integration/lib/python3.10/site-packages/pluggy/_callers.py\", line 53, in run_old_style_hookwrapper\n    return result.get_result()\n  File \"/home/runner/work/paas-charm/paas-charm/.tox/integration/lib/python3.10/site-packages/pluggy/_result.py\", line 103, in get_result\n    raise exc.with_traceback(tb)\n  File \"/home/runner/work/paas-charm/paas-charm/.tox/integration/lib/python3.10/site-packages/pluggy/_callers.py\", line 38, in run_old_style_hookwrapper\n    res = yield\n  File \"/home/runner/work/paas-charm/paas-charm/.tox/integration/lib/python3.10/site-packages/pluggy/_callers.py\", line 121, in _multicall\n    res = hook_impl.function(*args)\n  File \"/home/runner/work/paas-charm/paas-charm/.tox/integration/lib/python3.10/site-packages/_pytest/python.py\", line 166, in pytest_pyfunc_call\n    result = testfunction(**testargs)\n  File \"/home/runner/work/paas-charm/paas-charm/tests/integration/integrations/test_prometheus.py\", line 72, in test_prometheus_integration\n    assert (\nAssertionError: Application not scraped in port 8080. Scraped targets: [{'discoveredLabels': {'__address__': 'localhost:9090', '__metrics_path__': '/metrics', '__scheme__': 'http', '__scrape_interval__': '5s', '__scrape_timeout__': '5s', 'host': 'localhost', 'job': 'prometheus', 'juju_application': 'prometheus-k8s', 'juju_model': 'testing', 'juju_model_uuid': 'f230727d-7235-4705-812a-7da4d38db238', 'juju_unit': 'prometheus-k8s'}, 'labels': {'host': 'localhost', 'instance': 'testing_f230727d-7235-4705-812a-7da4d38db238_prometheus-k8s_prometheus-k8s', 'job': 'prometheus', 'juju_application': 'prometheus-k8s', 'juju_model': 'testing', 'juju_model_uuid': 'f230727d-7235-4705-812a-7da4d38db238', 'juju_unit': 'prometheus-k8s'}, 'scrapePool': 'prometheus', 'scrapeUrl': 'http://localhost:9090/metrics', 'globalUrl': 'http://prometheus-k8s-0.prometheus-k8s-endpoints.testing.svc.cluster.local:9090/metrics', 'lastError': '', 'lastScrape': '2025-11-14T11:40:04.732363209Z', 'lastScrapeDuration': 0.004602951, 'health': 'up', 'scrapeInterval': '5s', 'scrapeTimeout': '5s'}]\nassert False","steps":[],"attachments":[{"uid":"87943edfb74a1b03","name":"log","source":"87943edfb74a1b03.txt","type":"text/plain","size":41690}],"parameters":[],"shouldDisplayMessage":true,"stepsCount":0,"attachmentsCount":1,"hasContent":true,"attachmentStep":false},"afterStages":[{"name":"http::0","time":{"start":1763120409296,"stop":1763120409297,"duration":1},"status":"passed","steps":[],"attachments":[],"parameters":[],"shouldDisplayMessage":false,"stepsCount":0,"attachmentsCount":0,"hasContent":false,"attachmentStep":false},{"name":"abort_on_fail::0","time":{"start":1763120409301,"stop":1763120409301,"duration":0},"status":"passed","steps":[],"attachments":[],"parameters":[],"shouldDisplayMessage":false,"stepsCount":0,"attachmentsCount":0,"hasContent":false,"attachmentStep":false},{"name":"juju::0","time":{"start":1763120409305,"stop":1763120410073,"duration":768},"status":"passed","steps":[],"attachments":[],"parameters":[],"shouldDisplayMessage":false,"stepsCount":0,"attachmentsCount":0,"hasContent":false,"attachmentStep":false}],"labels":[{"name":"parentSuite","value":"tests.integration.integrations"},{"name":"suite","value":"test_prometheus"},{"name":"host","value":"runnervmfg25i"},{"name":"thread","value":"25483-MainThread"},{"name":"framework","value":"pytest"},{"name":"language","value":"cpython3"},{"name":"package","value":"tests.integration.integrations.test_prometheus"},{"name":"resultFormat","value":"allure2"}],"parameters":[{"name":"app_fixture","value":"'spring_boot_app'"},{"name":"metrics_path","value":"'/actuator/prometheus'"},{"name":"metrics_port","value":"8080"}],"links":[],"hidden":false,"retry":false,"extra":{"severity":"normal","retries":[{"uid":"34b28410d8729ecc","status":"unknown","time":{}}],"categories":[{"name":"Product defects","matchedStatuses":[]}],"history":{"statistic":{"failed":2,"broken":0,"skipped":0,"passed":6,"unknown":0,"total":8},"items":[{"uid":"9d3bc8901cdfac8b","reportUrl":"../1144//#testresult/9d3bc8901cdfac8b","status":"failed","statusDetails":"AssertionError: Application not scraped in port 8080. Scraped targets: [{'discoveredLabels': {'__address__': 'localhost:9090', '__metrics_path__': '/metrics', '__scheme__': 'http', '__scrape_interval__': '5s', '__scrape_timeout__': '5s', 'host': 'localhost', 'job': 'prometheus', 'juju_application': 'prometheus-k8s', 'juju_model': 'testing', 'juju_model_uuid': 'b86eba9b-7f47-4b8f-8563-3ef91631a891', 'juju_unit': 'prometheus-k8s'}, 'labels': {'host': 'localhost', 'instance': 'testing_b86eba9b-7f47-4b8f-8563-3ef91631a891_prometheus-k8s_prometheus-k8s', 'job': 'prometheus', 'juju_application': 'prometheus-k8s', 'juju_model': 'testing', 'juju_model_uuid': 'b86eba9b-7f47-4b8f-8563-3ef91631a891', 'juju_unit': 'prometheus-k8s'}, 'scrapePool': 'prometheus', 'scrapeUrl': 'http://localhost:9090/metrics', 'globalUrl': 'http://prometheus-k8s-0.prometheus-k8s-endpoints.testing.svc.cluster.local:9090/metrics', 'lastError': '', 'lastScrape': '2025-11-14T11:14:29.01179775Z', 'lastScrapeDuration': 0.004848096, 'health': 'up', 'scrapeInterval': '5s', 'scrapeTimeout': '5s'}]\nassert False","time":{"start":1763118834736,"stop":1763118874389,"duration":39653}},{"uid":"76d145f06301ef02","reportUrl":"../1143//#testresult/76d145f06301ef02","status":"passed","time":{"start":1763118676271,"stop":1763118732622,"duration":56351}},{"uid":"bd5152167662d6c7","reportUrl":"../1140//#testresult/bd5152167662d6c7","status":"passed","time":{"start":1762964680242,"stop":1762964735402,"duration":55160}},{"uid":"43ff8c1d2b2a2c46","reportUrl":"../1139//#testresult/43ff8c1d2b2a2c46","status":"passed","time":{"start":1761902212165,"stop":1761902262665,"duration":50500}},{"uid":"97628aabc0551c02","reportUrl":"../1137//#testresult/97628aabc0551c02","status":"passed","time":{"start":1761298144999,"stop":1761298194071,"duration":49072}},{"uid":"6ece3e893472c402","reportUrl":"../1121//#testresult/6ece3e893472c402","status":"passed","time":{"start":1761047570837,"stop":1761047618743,"duration":47906}},{"uid":"86778e09c2c837b","reportUrl":"../1120//#testresult/86778e09c2c837b","status":"passed","time":{"start":1761043448355,"stop":1761043505276,"duration":56921}}]},"tags":[]},"source":"5d6fbf2f8561f64e.json","parameterValues":["'spring_boot_app'","'/actuator/prometheus'","8080"]}