{"uid":"6c075bdb717a9028","name":"test_app_peer_address","fullName":"tests.integration.flask.test_charm#test_app_peer_address","historyId":"38f1b782e0195ca2edeef395dae174f1","time":{"start":1770478376300,"stop":1770478467376,"duration":91076},"description":"\n    arrange: build and deploy the flask charm.\n    act: add a unit and request env variables through the unit IP addresses.\n    assert: the peer address must be present in the units' env.\n    ","descriptionHtml":"<pre><code>arrange: build and deploy the flask charm.\nact: add a unit and request env variables through the unit IP addresses.\nassert: the peer address must be present in the units' env.\n</code></pre>\n","status":"failed","statusMessage":"AssertionError: assert 'FLASK_PEER_FQDNS' not in {'FLASK_BASE_URL': 'http://testing-flask-k8s.juju.test/', 'FLASK_K8S_PORT': 'tcp://10.152.183.254:8000', 'FLASK_K8S_PORT_8000_TCP': 'tcp://10.152.183.254:8000', 'FLASK_K8S_PORT_8000_TCP_ADDR': '10.152.183.254', ...}","statusTrace":"Traceback (most recent call last):\n  File \"/home/runner/work/paas-charm/paas-charm/.tox/integration/lib/python3.12/site-packages/_pytest/runner.py\", line 353, in from_call\n    result: TResult | None = func()\n                             ^^^^^^\n  File \"/home/runner/work/paas-charm/paas-charm/.tox/integration/lib/python3.12/site-packages/_pytest/runner.py\", line 245, in <lambda>\n    lambda: runtest_hook(item=item, **kwds),\n            ^^^^^^^^^^^^^^^^^^^^^^^^^^^^^^^\n  File \"/home/runner/work/paas-charm/paas-charm/.tox/integration/lib/python3.12/site-packages/pluggy/_hooks.py\", line 512, in __call__\n    return self._hookexec(self.name, self._hookimpls.copy(), kwargs, firstresult)\n           ^^^^^^^^^^^^^^^^^^^^^^^^^^^^^^^^^^^^^^^^^^^^^^^^^^^^^^^^^^^^^^^^^^^^^^\n  File \"/home/runner/work/paas-charm/paas-charm/.tox/integration/lib/python3.12/site-packages/pluggy/_manager.py\", line 120, in _hookexec\n    return self._inner_hookexec(hook_name, methods, kwargs, firstresult)\n           ^^^^^^^^^^^^^^^^^^^^^^^^^^^^^^^^^^^^^^^^^^^^^^^^^^^^^^^^^^^^^\n  File \"/home/runner/work/paas-charm/paas-charm/.tox/integration/lib/python3.12/site-packages/pluggy/_callers.py\", line 167, in _multicall\n    raise exception\n  File \"/home/runner/work/paas-charm/paas-charm/.tox/integration/lib/python3.12/site-packages/pluggy/_callers.py\", line 139, in _multicall\n    teardown.throw(exception)\n  File \"/home/runner/work/paas-charm/paas-charm/.tox/integration/lib/python3.12/site-packages/_pytest/logging.py\", line 850, in pytest_runtest_call\n    yield\n  File \"/home/runner/work/paas-charm/paas-charm/.tox/integration/lib/python3.12/site-packages/pluggy/_callers.py\", line 139, in _multicall\n    teardown.throw(exception)\n  File \"/home/runner/work/paas-charm/paas-charm/.tox/integration/lib/python3.12/site-packages/pluggy/_callers.py\", line 53, in run_old_style_hookwrapper\n    return result.get_result()\n           ^^^^^^^^^^^^^^^^^^^\n  File \"/home/runner/work/paas-charm/paas-charm/.tox/integration/lib/python3.12/site-packages/pluggy/_result.py\", line 103, in get_result\n    raise exc.with_traceback(tb)\n  File \"/home/runner/work/paas-charm/paas-charm/.tox/integration/lib/python3.12/site-packages/pluggy/_callers.py\", line 38, in run_old_style_hookwrapper\n    res = yield\n          ^^^^^\n  File \"/home/runner/work/paas-charm/paas-charm/.tox/integration/lib/python3.12/site-packages/pluggy/_callers.py\", line 139, in _multicall\n    teardown.throw(exception)\n  File \"/home/runner/work/paas-charm/paas-charm/.tox/integration/lib/python3.12/site-packages/_pytest/capture.py\", line 900, in pytest_runtest_call\n    return (yield)\n            ^^^^^\n  File \"/home/runner/work/paas-charm/paas-charm/.tox/integration/lib/python3.12/site-packages/pluggy/_callers.py\", line 139, in _multicall\n    teardown.throw(exception)\n  File \"/home/runner/work/paas-charm/paas-charm/.tox/integration/lib/python3.12/site-packages/_pytest/skipping.py\", line 268, in pytest_runtest_call\n    return (yield)\n            ^^^^^\n  File \"/home/runner/work/paas-charm/paas-charm/.tox/integration/lib/python3.12/site-packages/pluggy/_callers.py\", line 121, in _multicall\n    res = hook_impl.function(*args)\n          ^^^^^^^^^^^^^^^^^^^^^^^^^\n  File \"/home/runner/work/paas-charm/paas-charm/.tox/integration/lib/python3.12/site-packages/_pytest/runner.py\", line 179, in pytest_runtest_call\n    item.runtest()\n  File \"/home/runner/work/paas-charm/paas-charm/.tox/integration/lib/python3.12/site-packages/_pytest/python.py\", line 1720, in runtest\n    self.ihook.pytest_pyfunc_call(pyfuncitem=self)\n  File \"/home/runner/work/paas-charm/paas-charm/.tox/integration/lib/python3.12/site-packages/pluggy/_hooks.py\", line 512, in __call__\n    return self._hookexec(self.name, self._hookimpls.copy(), kwargs, firstresult)\n           ^^^^^^^^^^^^^^^^^^^^^^^^^^^^^^^^^^^^^^^^^^^^^^^^^^^^^^^^^^^^^^^^^^^^^^\n  File \"/home/runner/work/paas-charm/paas-charm/.tox/integration/lib/python3.12/site-packages/pluggy/_manager.py\", line 120, in _hookexec\n    return self._inner_hookexec(hook_name, methods, kwargs, firstresult)\n           ^^^^^^^^^^^^^^^^^^^^^^^^^^^^^^^^^^^^^^^^^^^^^^^^^^^^^^^^^^^^^\n  File \"/home/runner/work/paas-charm/paas-charm/.tox/integration/lib/python3.12/site-packages/pluggy/_callers.py\", line 167, in _multicall\n    raise exception\n  File \"/home/runner/work/paas-charm/paas-charm/.tox/integration/lib/python3.12/site-packages/pluggy/_callers.py\", line 121, in _multicall\n    res = hook_impl.function(*args)\n          ^^^^^^^^^^^^^^^^^^^^^^^^^\n  File \"/home/runner/work/paas-charm/paas-charm/.tox/integration/lib/python3.12/site-packages/_pytest/python.py\", line 166, in pytest_pyfunc_call\n    result = testfunction(**testargs)\n             ^^^^^^^^^^^^^^^^^^^^^^^^\n  File \"/home/runner/work/paas-charm/paas-charm/tests/integration/flask/test_charm.py\", line 234, in test_app_peer_address\n    assert \"FLASK_PEER_FQDNS\" not in env_vars\nAssertionError: assert 'FLASK_PEER_FQDNS' not in {'FLASK_BASE_URL': 'http://testing-flask-k8s.juju.test/', 'FLASK_K8S_PORT': 'tcp://10.152.183.254:8000', 'FLASK_K8S_PORT_8000_TCP': 'tcp://10.152.183.254:8000', 'FLASK_K8S_PORT_8000_TCP_ADDR': '10.152.183.254', ...}","flaky":false,"newFailed":true,"newBroken":false,"newPassed":false,"retriesCount":1,"retriesStatusChange":true,"beforeStages":[{"name":"tmp_path_factory","time":{"start":1770477558187,"stop":1770477558187,"duration":0},"status":"passed","steps":[],"attachments":[],"parameters":[],"shouldDisplayMessage":false,"stepsCount":0,"attachmentsCount":0,"hasContent":false,"attachmentStep":false},{"name":"flask_app","time":{"start":1770477558187,"stop":1770477597133,"duration":38946},"status":"passed","steps":[],"attachments":[],"parameters":[],"shouldDisplayMessage":false,"stepsCount":0,"attachmentsCount":0,"hasContent":false,"attachmentStep":false},{"name":"pytestconfig","time":{"start":1770477558187,"stop":1770477558187,"duration":0},"status":"passed","steps":[],"attachments":[],"parameters":[],"shouldDisplayMessage":false,"stepsCount":0,"attachmentsCount":0,"hasContent":false,"attachmentStep":false},{"name":"juju","time":{"start":1770477558187,"stop":1770477558187,"duration":0},"status":"passed","steps":[],"attachments":[],"parameters":[],"shouldDisplayMessage":false,"stepsCount":0,"attachmentsCount":0,"hasContent":false,"attachmentStep":false},{"name":"cwd","time":{"start":1770478376300,"stop":1770478376300,"duration":0},"status":"passed","steps":[],"attachments":[],"parameters":[],"shouldDisplayMessage":false,"stepsCount":0,"attachmentsCount":0,"hasContent":false,"attachmentStep":false},{"name":"http","time":{"start":1770478376300,"stop":1770478376300,"duration":0},"status":"passed","steps":[],"attachments":[],"parameters":[],"shouldDisplayMessage":false,"stepsCount":0,"attachmentsCount":0,"hasContent":false,"attachmentStep":false}],"testStage":{"description":"\n    arrange: build and deploy the flask charm.\n    act: add a unit and request env variables through the unit IP addresses.\n    assert: the peer address must be present in the units' env.\n    ","status":"failed","statusMessage":"AssertionError: assert 'FLASK_PEER_FQDNS' not in {'FLASK_BASE_URL': 'http://testing-flask-k8s.juju.test/', 'FLASK_K8S_PORT': 'tcp://10.152.183.254:8000', 'FLASK_K8S_PORT_8000_TCP': 'tcp://10.152.183.254:8000', 'FLASK_K8S_PORT_8000_TCP_ADDR': '10.152.183.254', ...}","statusTrace":"Traceback (most recent call last):\n  File \"/home/runner/work/paas-charm/paas-charm/.tox/integration/lib/python3.12/site-packages/_pytest/runner.py\", line 353, in from_call\n    result: TResult | None = func()\n                             ^^^^^^\n  File \"/home/runner/work/paas-charm/paas-charm/.tox/integration/lib/python3.12/site-packages/_pytest/runner.py\", line 245, in <lambda>\n    lambda: runtest_hook(item=item, **kwds),\n            ^^^^^^^^^^^^^^^^^^^^^^^^^^^^^^^\n  File \"/home/runner/work/paas-charm/paas-charm/.tox/integration/lib/python3.12/site-packages/pluggy/_hooks.py\", line 512, in __call__\n    return self._hookexec(self.name, self._hookimpls.copy(), kwargs, firstresult)\n           ^^^^^^^^^^^^^^^^^^^^^^^^^^^^^^^^^^^^^^^^^^^^^^^^^^^^^^^^^^^^^^^^^^^^^^\n  File \"/home/runner/work/paas-charm/paas-charm/.tox/integration/lib/python3.12/site-packages/pluggy/_manager.py\", line 120, in _hookexec\n    return self._inner_hookexec(hook_name, methods, kwargs, firstresult)\n           ^^^^^^^^^^^^^^^^^^^^^^^^^^^^^^^^^^^^^^^^^^^^^^^^^^^^^^^^^^^^^\n  File \"/home/runner/work/paas-charm/paas-charm/.tox/integration/lib/python3.12/site-packages/pluggy/_callers.py\", line 167, in _multicall\n    raise exception\n  File \"/home/runner/work/paas-charm/paas-charm/.tox/integration/lib/python3.12/site-packages/pluggy/_callers.py\", line 139, in _multicall\n    teardown.throw(exception)\n  File \"/home/runner/work/paas-charm/paas-charm/.tox/integration/lib/python3.12/site-packages/_pytest/logging.py\", line 850, in pytest_runtest_call\n    yield\n  File \"/home/runner/work/paas-charm/paas-charm/.tox/integration/lib/python3.12/site-packages/pluggy/_callers.py\", line 139, in _multicall\n    teardown.throw(exception)\n  File \"/home/runner/work/paas-charm/paas-charm/.tox/integration/lib/python3.12/site-packages/pluggy/_callers.py\", line 53, in run_old_style_hookwrapper\n    return result.get_result()\n           ^^^^^^^^^^^^^^^^^^^\n  File \"/home/runner/work/paas-charm/paas-charm/.tox/integration/lib/python3.12/site-packages/pluggy/_result.py\", line 103, in get_result\n    raise exc.with_traceback(tb)\n  File \"/home/runner/work/paas-charm/paas-charm/.tox/integration/lib/python3.12/site-packages/pluggy/_callers.py\", line 38, in run_old_style_hookwrapper\n    res = yield\n          ^^^^^\n  File \"/home/runner/work/paas-charm/paas-charm/.tox/integration/lib/python3.12/site-packages/pluggy/_callers.py\", line 139, in _multicall\n    teardown.throw(exception)\n  File \"/home/runner/work/paas-charm/paas-charm/.tox/integration/lib/python3.12/site-packages/_pytest/capture.py\", line 900, in pytest_runtest_call\n    return (yield)\n            ^^^^^\n  File \"/home/runner/work/paas-charm/paas-charm/.tox/integration/lib/python3.12/site-packages/pluggy/_callers.py\", line 139, in _multicall\n    teardown.throw(exception)\n  File \"/home/runner/work/paas-charm/paas-charm/.tox/integration/lib/python3.12/site-packages/_pytest/skipping.py\", line 268, in pytest_runtest_call\n    return (yield)\n            ^^^^^\n  File \"/home/runner/work/paas-charm/paas-charm/.tox/integration/lib/python3.12/site-packages/pluggy/_callers.py\", line 121, in _multicall\n    res = hook_impl.function(*args)\n          ^^^^^^^^^^^^^^^^^^^^^^^^^\n  File \"/home/runner/work/paas-charm/paas-charm/.tox/integration/lib/python3.12/site-packages/_pytest/runner.py\", line 179, in pytest_runtest_call\n    item.runtest()\n  File \"/home/runner/work/paas-charm/paas-charm/.tox/integration/lib/python3.12/site-packages/_pytest/python.py\", line 1720, in runtest\n    self.ihook.pytest_pyfunc_call(pyfuncitem=self)\n  File \"/home/runner/work/paas-charm/paas-charm/.tox/integration/lib/python3.12/site-packages/pluggy/_hooks.py\", line 512, in __call__\n    return self._hookexec(self.name, self._hookimpls.copy(), kwargs, firstresult)\n           ^^^^^^^^^^^^^^^^^^^^^^^^^^^^^^^^^^^^^^^^^^^^^^^^^^^^^^^^^^^^^^^^^^^^^^\n  File \"/home/runner/work/paas-charm/paas-charm/.tox/integration/lib/python3.12/site-packages/pluggy/_manager.py\", line 120, in _hookexec\n    return self._inner_hookexec(hook_name, methods, kwargs, firstresult)\n           ^^^^^^^^^^^^^^^^^^^^^^^^^^^^^^^^^^^^^^^^^^^^^^^^^^^^^^^^^^^^^\n  File \"/home/runner/work/paas-charm/paas-charm/.tox/integration/lib/python3.12/site-packages/pluggy/_callers.py\", line 167, in _multicall\n    raise exception\n  File \"/home/runner/work/paas-charm/paas-charm/.tox/integration/lib/python3.12/site-packages/pluggy/_callers.py\", line 121, in _multicall\n    res = hook_impl.function(*args)\n          ^^^^^^^^^^^^^^^^^^^^^^^^^\n  File \"/home/runner/work/paas-charm/paas-charm/.tox/integration/lib/python3.12/site-packages/_pytest/python.py\", line 166, in pytest_pyfunc_call\n    result = testfunction(**testargs)\n             ^^^^^^^^^^^^^^^^^^^^^^^^\n  File \"/home/runner/work/paas-charm/paas-charm/tests/integration/flask/test_charm.py\", line 234, in test_app_peer_address\n    assert \"FLASK_PEER_FQDNS\" not in env_vars\nAssertionError: assert 'FLASK_PEER_FQDNS' not in {'FLASK_BASE_URL': 'http://testing-flask-k8s.juju.test/', 'FLASK_K8S_PORT': 'tcp://10.152.183.254:8000', 'FLASK_K8S_PORT_8000_TCP': 'tcp://10.152.183.254:8000', 'FLASK_K8S_PORT_8000_TCP_ADDR': '10.152.183.254', ...}","steps":[],"attachments":[{"uid":"f8b95ca8ce455ed2","name":"log","source":"f8b95ca8ce455ed2.txt","type":"text/plain","size":23023}],"parameters":[],"shouldDisplayMessage":true,"stepsCount":0,"attachmentsCount":1,"hasContent":true,"attachmentStep":false},"afterStages":[{"name":"http::0","time":{"start":1770478467379,"stop":1770478467379,"duration":0},"status":"passed","steps":[],"attachments":[],"parameters":[],"shouldDisplayMessage":false,"stepsCount":0,"attachmentsCount":0,"hasContent":false,"attachmentStep":false},{"name":"flask_app::0","time":{"start":1770478467380,"stop":1770478467380,"duration":0},"status":"passed","steps":[],"attachments":[],"parameters":[],"shouldDisplayMessage":false,"stepsCount":0,"attachmentsCount":0,"hasContent":false,"attachmentStep":false}],"labels":[{"name":"parentSuite","value":"tests.integration.flask"},{"name":"suite","value":"test_charm"},{"name":"host","value":"runnervmwffz4"},{"name":"thread","value":"37481-MainThread"},{"name":"framework","value":"pytest"},{"name":"language","value":"cpython3"},{"name":"package","value":"tests.integration.flask.test_charm"},{"name":"resultFormat","value":"allure2"}],"parameters":[],"links":[],"hidden":false,"retry":false,"extra":{"severity":"normal","retries":[{"uid":"2f9e6b0e5c791fbd","status":"unknown","time":{}}],"categories":[{"name":"Product defects","matchedStatuses":[]}],"history":{"statistic":{"failed":1,"broken":0,"skipped":0,"passed":24,"unknown":7,"total":32},"items":[{"uid":"a9eb074f6f5b35d4","reportUrl":"../1327//#testresult/a9eb074f6f5b35d4","status":"passed","time":{"start":1769873652660,"stop":1769873738423,"duration":85763}},{"uid":"73a0c81fb6eaeb7b","reportUrl":"../1268//#testresult/73a0c81fb6eaeb7b","status":"passed","time":{"start":1769268765149,"stop":1769268850488,"duration":85339}},{"uid":"a98ad72caabe6106","reportUrl":"../1267//#testresult/a98ad72caabe6106","status":"passed","time":{"start":1768664017880,"stop":1768664100721,"duration":82841}},{"uid":"51f28adb073c2434","reportUrl":"../1248//#testresult/51f28adb073c2434","status":"unknown","time":{}},{"uid":"74fd67ffd952b9b5","reportUrl":"../1246//#testresult/74fd67ffd952b9b5","status":"unknown","time":{}},{"uid":"3d5b8368f5ba1dd","reportUrl":"../1245//#testresult/3d5b8368f5ba1dd","status":"passed","time":{"start":1766849570282,"stop":1766849658572,"duration":88290}},{"uid":"e9188ca79d9d1397","reportUrl":"../1244//#testresult/e9188ca79d9d1397","status":"unknown","time":{}},{"uid":"5197689c12112bd5","reportUrl":"../1226//#testresult/5197689c12112bd5","status":"passed","time":{"start":1765639879588,"stop":1765639959352,"duration":79764}},{"uid":"aaaada30df559dc1","reportUrl":"../1201//#testresult/aaaada30df559dc1","status":"passed","time":{"start":1765035096216,"stop":1765035176204,"duration":79988}},{"uid":"9afe8cf6323780db","reportUrl":"../1197//#testresult/9afe8cf6323780db","status":"passed","time":{"start":1764430742528,"stop":1764430823135,"duration":80607}},{"uid":"2a9a89f0abcb1784","reportUrl":"../1173//#testresult/2a9a89f0abcb1784","status":"passed","time":{"start":1763972420593,"stop":1763972489583,"duration":68990}},{"uid":"bd7b2bd7fb950239","reportUrl":"../1169//#testresult/bd7b2bd7fb950239","status":"passed","time":{"start":1763965054403,"stop":1763965143048,"duration":88645}},{"uid":"3afb0c791bfc2fa","reportUrl":"../1159//#testresult/3afb0c791bfc2fa","status":"passed","time":{"start":1763707552538,"stop":1763707632846,"duration":80308}},{"uid":"f389940bd1137902","reportUrl":"../1158//#testresult/f389940bd1137902","status":"passed","time":{"start":1763558075762,"stop":1763558155987,"duration":80225}},{"uid":"2b75623417a51192","reportUrl":"../1156//#testresult/2b75623417a51192","status":"passed","time":{"start":1763549571440,"stop":1763549659554,"duration":88114}},{"uid":"89d9c0a9b5f3e953","reportUrl":"../1155//#testresult/89d9c0a9b5f3e953","status":"passed","time":{"start":1763548039528,"stop":1763548110397,"duration":70869}},{"uid":"101925a1f885f55f","reportUrl":"../1154//#testresult/101925a1f885f55f","status":"passed","time":{"start":1763547421932,"stop":1763547507175,"duration":85243}},{"uid":"2060d437418d0b17","reportUrl":"../1153//#testresult/2060d437418d0b17","status":"passed","time":{"start":1763534812520,"stop":1763534897560,"duration":85040}},{"uid":"455dd3312fdd0639","reportUrl":"../1152//#testresult/455dd3312fdd0639","status":"unknown","time":{}},{"uid":"43ba79da2fd88c74","reportUrl":"../1151//#testresult/43ba79da2fd88c74","status":"unknown","time":{}}]},"tags":[]},"source":"6c075bdb717a9028.json","parameterValues":[]}