{"uid":"637e588a403dda5b","name":"test_oauth_integrations[flask_app-login]","fullName":"tests.integration.integrations.test_oauth#test_oauth_integrations","historyId":"53671c3c0c1f345c712670b4ce2a9a8a","time":{"start":1763126953907,"stop":1763127297613,"duration":343706},"description":"\n    arrange: set up the test Juju model and deploy the workload charm.\n    act: integrate with ingress and hydra.\n    assert: the workload charm uses the Kratos charm as the idp.\n    ","descriptionHtml":"<pre><code>arrange: set up the test Juju model and deploy the workload charm.\nact: integrate with ingress and hydra.\nassert: the workload charm uses the Kratos charm as the idp.\n</code></pre>\n","status":"broken","statusMessage":"playwright._impl._errors.TimeoutError: Locator.fill: Timeout 30000ms exceeded.\nCall log:\n  - waiting for get_by_label(\"Email\")\n    2 × waiting for\" https://10.64.140.43/testing-identity-platform-login-ui-operator/ui/error\" navigation to finish...\n      - navigated to \"https://10.64.140.43/testing-identity-platform-login-ui-operator/ui/error\"\n    2 × waiting for navigation to finish...\n      - navigated to \"https://10.64.140.43/testing-identity-platform-login-ui-operator/ui/error\"\n      - waiting for\" https://10.64.140.43/testing-identity-platform-login-ui-operator/ui/error\" navigation to finish...\n      - navigated to \"https://10.64.140.43/testing-identity-platform-login-ui-operator/ui/error\"\n    - waiting for\" https://10.64.140.43/testing-identity-platform-login-ui-operator/ui/error\" navigation to finish...\n    - navigated to \"https://10.64.140.43/testing-identity-platform-login-ui-operator/ui/error\"","statusTrace":"Traceback (most recent call last):\n  File \"/home/runner/work/paas-charm/paas-charm/.tox/integration/lib/python3.10/site-packages/_pytest/runner.py\", line 353, in from_call\n    result: TResult | None = func()\n  File \"/home/runner/work/paas-charm/paas-charm/.tox/integration/lib/python3.10/site-packages/_pytest/runner.py\", line 245, in <lambda>\n    lambda: runtest_hook(item=item, **kwds),\n  File \"/home/runner/work/paas-charm/paas-charm/.tox/integration/lib/python3.10/site-packages/pluggy/_hooks.py\", line 512, in __call__\n    return self._hookexec(self.name, self._hookimpls.copy(), kwargs, firstresult)\n  File \"/home/runner/work/paas-charm/paas-charm/.tox/integration/lib/python3.10/site-packages/pluggy/_manager.py\", line 120, in _hookexec\n    return self._inner_hookexec(hook_name, methods, kwargs, firstresult)\n  File \"/home/runner/work/paas-charm/paas-charm/.tox/integration/lib/python3.10/site-packages/pluggy/_callers.py\", line 167, in _multicall\n    raise exception\n  File \"/home/runner/work/paas-charm/paas-charm/.tox/integration/lib/python3.10/site-packages/pluggy/_callers.py\", line 139, in _multicall\n    teardown.throw(exception)\n  File \"/home/runner/work/paas-charm/paas-charm/.tox/integration/lib/python3.10/site-packages/_pytest/logging.py\", line 850, in pytest_runtest_call\n    yield\n  File \"/home/runner/work/paas-charm/paas-charm/.tox/integration/lib/python3.10/site-packages/pluggy/_callers.py\", line 139, in _multicall\n    teardown.throw(exception)\n  File \"/home/runner/work/paas-charm/paas-charm/.tox/integration/lib/python3.10/site-packages/pluggy/_callers.py\", line 53, in run_old_style_hookwrapper\n    return result.get_result()\n  File \"/home/runner/work/paas-charm/paas-charm/.tox/integration/lib/python3.10/site-packages/pluggy/_result.py\", line 103, in get_result\n    raise exc.with_traceback(tb)\n  File \"/home/runner/work/paas-charm/paas-charm/.tox/integration/lib/python3.10/site-packages/pluggy/_callers.py\", line 38, in run_old_style_hookwrapper\n    res = yield\n  File \"/home/runner/work/paas-charm/paas-charm/.tox/integration/lib/python3.10/site-packages/pluggy/_callers.py\", line 139, in _multicall\n    teardown.throw(exception)\n  File \"/home/runner/work/paas-charm/paas-charm/.tox/integration/lib/python3.10/site-packages/_pytest/capture.py\", line 900, in pytest_runtest_call\n    return (yield)\n  File \"/home/runner/work/paas-charm/paas-charm/.tox/integration/lib/python3.10/site-packages/pluggy/_callers.py\", line 139, in _multicall\n    teardown.throw(exception)\n  File \"/home/runner/work/paas-charm/paas-charm/.tox/integration/lib/python3.10/site-packages/_pytest/skipping.py\", line 268, in pytest_runtest_call\n    return (yield)\n  File \"/home/runner/work/paas-charm/paas-charm/.tox/integration/lib/python3.10/site-packages/pluggy/_callers.py\", line 121, in _multicall\n    res = hook_impl.function(*args)\n  File \"/home/runner/work/paas-charm/paas-charm/.tox/integration/lib/python3.10/site-packages/_pytest/runner.py\", line 179, in pytest_runtest_call\n    item.runtest()\n  File \"/home/runner/work/paas-charm/paas-charm/.tox/integration/lib/python3.10/site-packages/_pytest/python.py\", line 1720, in runtest\n    self.ihook.pytest_pyfunc_call(pyfuncitem=self)\n  File \"/home/runner/work/paas-charm/paas-charm/.tox/integration/lib/python3.10/site-packages/pluggy/_hooks.py\", line 512, in __call__\n    return self._hookexec(self.name, self._hookimpls.copy(), kwargs, firstresult)\n  File \"/home/runner/work/paas-charm/paas-charm/.tox/integration/lib/python3.10/site-packages/pluggy/_manager.py\", line 120, in _hookexec\n    return self._inner_hookexec(hook_name, methods, kwargs, firstresult)\n  File \"/home/runner/work/paas-charm/paas-charm/.tox/integration/lib/python3.10/site-packages/pluggy/_callers.py\", line 167, in _multicall\n    raise exception\n  File \"/home/runner/work/paas-charm/paas-charm/.tox/integration/lib/python3.10/site-packages/pluggy/_callers.py\", line 139, in _multicall\n    teardown.throw(exception)\n  File \"/home/runner/work/paas-charm/paas-charm/.tox/integration/lib/python3.10/site-packages/pluggy/_callers.py\", line 53, in run_old_style_hookwrapper\n    return result.get_result()\n  File \"/home/runner/work/paas-charm/paas-charm/.tox/integration/lib/python3.10/site-packages/pluggy/_result.py\", line 103, in get_result\n    raise exc.with_traceback(tb)\n  File \"/home/runner/work/paas-charm/paas-charm/.tox/integration/lib/python3.10/site-packages/pluggy/_callers.py\", line 38, in run_old_style_hookwrapper\n    res = yield\n  File \"/home/runner/work/paas-charm/paas-charm/.tox/integration/lib/python3.10/site-packages/pluggy/_callers.py\", line 121, in _multicall\n    res = hook_impl.function(*args)\n  File \"/home/runner/work/paas-charm/paas-charm/.tox/integration/lib/python3.10/site-packages/_pytest/python.py\", line 166, in pytest_pyfunc_call\n    result = testfunction(**testargs)\n  File \"/home/runner/work/paas-charm/paas-charm/tests/integration/integrations/test_oauth.py\", line 103, in test_oauth_integrations\n    _assert_idp_login_success(res[app.name][\"url\"], endpoint, test_email, test_password)\n  File \"/home/runner/work/paas-charm/paas-charm/tests/integration/integrations/test_oauth.py\", line 123, in _assert_idp_login_success\n    page.get_by_label(\"Email\").fill(test_email)\n  File \"/home/runner/work/paas-charm/paas-charm/.tox/integration/lib/python3.10/site-packages/playwright/sync_api/_generated.py\", line 15851, in fill\n    self._sync(\n  File \"/home/runner/work/paas-charm/paas-charm/.tox/integration/lib/python3.10/site-packages/playwright/_impl/_sync_base.py\", line 115, in _sync\n    return task.result()\n  File \"/usr/lib/python3.10/asyncio/futures.py\", line 201, in result\n    raise self._exception.with_traceback(self._exception_tb)\n  File \"/usr/lib/python3.10/asyncio/tasks.py\", line 232, in __step\n    result = coro.send(None)\n  File \"/home/runner/work/paas-charm/paas-charm/.tox/integration/lib/python3.10/site-packages/playwright/_impl/_locator.py\", line 212, in fill\n    return await self._frame.fill(self._selector, strict=True, **params)\n  File \"/home/runner/work/paas-charm/paas-charm/.tox/integration/lib/python3.10/site-packages/playwright/_impl/_frame.py\", line 562, in fill\n    await self._channel.send(\"fill\", self._timeout, locals_to_params(locals()))\n  File \"/home/runner/work/paas-charm/paas-charm/.tox/integration/lib/python3.10/site-packages/playwright/_impl/_connection.py\", line 69, in send\n    return await self._connection.wrap_api_call(\n  File \"/home/runner/work/paas-charm/paas-charm/.tox/integration/lib/python3.10/site-packages/playwright/_impl/_connection.py\", line 558, in wrap_api_call\n    raise rewrite_error(error, f\"{parsed_st['apiName']}: {error}\") from None\nplaywright._impl._errors.TimeoutError: Locator.fill: Timeout 30000ms exceeded.\nCall log:\n  - waiting for get_by_label(\"Email\")\n    2 × waiting for\" https://10.64.140.43/testing-identity-platform-login-ui-operator/ui/error\" navigation to finish...\n      - navigated to \"https://10.64.140.43/testing-identity-platform-login-ui-operator/ui/error\"\n    2 × waiting for navigation to finish...\n      - navigated to \"https://10.64.140.43/testing-identity-platform-login-ui-operator/ui/error\"\n      - waiting for\" https://10.64.140.43/testing-identity-platform-login-ui-operator/ui/error\" navigation to finish...\n      - navigated to \"https://10.64.140.43/testing-identity-platform-login-ui-operator/ui/error\"\n    - waiting for\" https://10.64.140.43/testing-identity-platform-login-ui-operator/ui/error\" navigation to finish...\n    - navigated to \"https://10.64.140.43/testing-identity-platform-login-ui-operator/ui/error\"","flaky":false,"newFailed":false,"newBroken":false,"newPassed":false,"retriesCount":1,"retriesStatusChange":true,"beforeStages":[{"name":"juju","time":{"start":1763126933222,"stop":1763126933222,"duration":0},"status":"passed","steps":[],"attachments":[],"parameters":[],"shouldDisplayMessage":false,"stepsCount":0,"attachmentsCount":0,"hasContent":false,"attachmentStep":false},{"name":"browser_context_manager","time":{"start":1763126933222,"stop":1763126940988,"duration":7766},"status":"passed","steps":[],"attachments":[],"parameters":[],"shouldDisplayMessage":false,"stepsCount":0,"attachmentsCount":0,"hasContent":false,"attachmentStep":false},{"name":"identity_bundle","time":{"start":1763126940988,"stop":1763126953905,"duration":12917},"status":"passed","steps":[],"attachments":[],"parameters":[],"shouldDisplayMessage":false,"stepsCount":0,"attachmentsCount":0,"hasContent":false,"attachmentStep":false},{"name":"abort_on_fail","time":{"start":1763126953905,"stop":1763126953905,"duration":0},"status":"passed","steps":[],"attachments":[],"parameters":[],"shouldDisplayMessage":false,"stepsCount":0,"attachmentsCount":0,"hasContent":false,"attachmentStep":false},{"name":"http","time":{"start":1763126953906,"stop":1763126953906,"duration":0},"status":"passed","steps":[],"attachments":[],"parameters":[],"shouldDisplayMessage":false,"stepsCount":0,"attachmentsCount":0,"hasContent":false,"attachmentStep":false},{"name":"tmp_path_factory","time":{"start":1763126953907,"stop":1763126953907,"duration":0},"status":"passed","steps":[],"attachments":[],"parameters":[],"shouldDisplayMessage":false,"stepsCount":0,"attachmentsCount":0,"hasContent":false,"attachmentStep":false},{"name":"pytestconfig","time":{"start":1763126953907,"stop":1763126953907,"duration":0},"status":"passed","steps":[],"attachments":[],"parameters":[],"shouldDisplayMessage":false,"stepsCount":0,"attachmentsCount":0,"hasContent":false,"attachmentStep":false},{"name":"flask_app","time":{"start":1763126953907,"stop":1763127061621,"duration":107714},"status":"passed","steps":[],"attachments":[],"parameters":[],"shouldDisplayMessage":false,"stepsCount":0,"attachmentsCount":0,"hasContent":false,"attachmentStep":false}],"testStage":{"description":"\n    arrange: set up the test Juju model and deploy the workload charm.\n    act: integrate with ingress and hydra.\n    assert: the workload charm uses the Kratos charm as the idp.\n    ","status":"broken","statusMessage":"playwright._impl._errors.TimeoutError: Locator.fill: Timeout 30000ms exceeded.\nCall log:\n  - waiting for get_by_label(\"Email\")\n    2 × waiting for\" https://10.64.140.43/testing-identity-platform-login-ui-operator/ui/error\" navigation to finish...\n      - navigated to \"https://10.64.140.43/testing-identity-platform-login-ui-operator/ui/error\"\n    2 × waiting for navigation to finish...\n      - navigated to \"https://10.64.140.43/testing-identity-platform-login-ui-operator/ui/error\"\n      - waiting for\" https://10.64.140.43/testing-identity-platform-login-ui-operator/ui/error\" navigation to finish...\n      - navigated to \"https://10.64.140.43/testing-identity-platform-login-ui-operator/ui/error\"\n    - waiting for\" https://10.64.140.43/testing-identity-platform-login-ui-operator/ui/error\" navigation to finish...\n    - navigated to \"https://10.64.140.43/testing-identity-platform-login-ui-operator/ui/error\"","statusTrace":"Traceback (most recent call last):\n  File \"/home/runner/work/paas-charm/paas-charm/.tox/integration/lib/python3.10/site-packages/_pytest/runner.py\", line 353, in from_call\n    result: TResult | None = func()\n  File \"/home/runner/work/paas-charm/paas-charm/.tox/integration/lib/python3.10/site-packages/_pytest/runner.py\", line 245, in <lambda>\n    lambda: runtest_hook(item=item, **kwds),\n  File \"/home/runner/work/paas-charm/paas-charm/.tox/integration/lib/python3.10/site-packages/pluggy/_hooks.py\", line 512, in __call__\n    return self._hookexec(self.name, self._hookimpls.copy(), kwargs, firstresult)\n  File \"/home/runner/work/paas-charm/paas-charm/.tox/integration/lib/python3.10/site-packages/pluggy/_manager.py\", line 120, in _hookexec\n    return self._inner_hookexec(hook_name, methods, kwargs, firstresult)\n  File \"/home/runner/work/paas-charm/paas-charm/.tox/integration/lib/python3.10/site-packages/pluggy/_callers.py\", line 167, in _multicall\n    raise exception\n  File \"/home/runner/work/paas-charm/paas-charm/.tox/integration/lib/python3.10/site-packages/pluggy/_callers.py\", line 139, in _multicall\n    teardown.throw(exception)\n  File \"/home/runner/work/paas-charm/paas-charm/.tox/integration/lib/python3.10/site-packages/_pytest/logging.py\", line 850, in pytest_runtest_call\n    yield\n  File \"/home/runner/work/paas-charm/paas-charm/.tox/integration/lib/python3.10/site-packages/pluggy/_callers.py\", line 139, in _multicall\n    teardown.throw(exception)\n  File \"/home/runner/work/paas-charm/paas-charm/.tox/integration/lib/python3.10/site-packages/pluggy/_callers.py\", line 53, in run_old_style_hookwrapper\n    return result.get_result()\n  File \"/home/runner/work/paas-charm/paas-charm/.tox/integration/lib/python3.10/site-packages/pluggy/_result.py\", line 103, in get_result\n    raise exc.with_traceback(tb)\n  File \"/home/runner/work/paas-charm/paas-charm/.tox/integration/lib/python3.10/site-packages/pluggy/_callers.py\", line 38, in run_old_style_hookwrapper\n    res = yield\n  File \"/home/runner/work/paas-charm/paas-charm/.tox/integration/lib/python3.10/site-packages/pluggy/_callers.py\", line 139, in _multicall\n    teardown.throw(exception)\n  File \"/home/runner/work/paas-charm/paas-charm/.tox/integration/lib/python3.10/site-packages/_pytest/capture.py\", line 900, in pytest_runtest_call\n    return (yield)\n  File \"/home/runner/work/paas-charm/paas-charm/.tox/integration/lib/python3.10/site-packages/pluggy/_callers.py\", line 139, in _multicall\n    teardown.throw(exception)\n  File \"/home/runner/work/paas-charm/paas-charm/.tox/integration/lib/python3.10/site-packages/_pytest/skipping.py\", line 268, in pytest_runtest_call\n    return (yield)\n  File \"/home/runner/work/paas-charm/paas-charm/.tox/integration/lib/python3.10/site-packages/pluggy/_callers.py\", line 121, in _multicall\n    res = hook_impl.function(*args)\n  File \"/home/runner/work/paas-charm/paas-charm/.tox/integration/lib/python3.10/site-packages/_pytest/runner.py\", line 179, in pytest_runtest_call\n    item.runtest()\n  File \"/home/runner/work/paas-charm/paas-charm/.tox/integration/lib/python3.10/site-packages/_pytest/python.py\", line 1720, in runtest\n    self.ihook.pytest_pyfunc_call(pyfuncitem=self)\n  File \"/home/runner/work/paas-charm/paas-charm/.tox/integration/lib/python3.10/site-packages/pluggy/_hooks.py\", line 512, in __call__\n    return self._hookexec(self.name, self._hookimpls.copy(), kwargs, firstresult)\n  File \"/home/runner/work/paas-charm/paas-charm/.tox/integration/lib/python3.10/site-packages/pluggy/_manager.py\", line 120, in _hookexec\n    return self._inner_hookexec(hook_name, methods, kwargs, firstresult)\n  File \"/home/runner/work/paas-charm/paas-charm/.tox/integration/lib/python3.10/site-packages/pluggy/_callers.py\", line 167, in _multicall\n    raise exception\n  File \"/home/runner/work/paas-charm/paas-charm/.tox/integration/lib/python3.10/site-packages/pluggy/_callers.py\", line 139, in _multicall\n    teardown.throw(exception)\n  File \"/home/runner/work/paas-charm/paas-charm/.tox/integration/lib/python3.10/site-packages/pluggy/_callers.py\", line 53, in run_old_style_hookwrapper\n    return result.get_result()\n  File \"/home/runner/work/paas-charm/paas-charm/.tox/integration/lib/python3.10/site-packages/pluggy/_result.py\", line 103, in get_result\n    raise exc.with_traceback(tb)\n  File \"/home/runner/work/paas-charm/paas-charm/.tox/integration/lib/python3.10/site-packages/pluggy/_callers.py\", line 38, in run_old_style_hookwrapper\n    res = yield\n  File \"/home/runner/work/paas-charm/paas-charm/.tox/integration/lib/python3.10/site-packages/pluggy/_callers.py\", line 121, in _multicall\n    res = hook_impl.function(*args)\n  File \"/home/runner/work/paas-charm/paas-charm/.tox/integration/lib/python3.10/site-packages/_pytest/python.py\", line 166, in pytest_pyfunc_call\n    result = testfunction(**testargs)\n  File \"/home/runner/work/paas-charm/paas-charm/tests/integration/integrations/test_oauth.py\", line 103, in test_oauth_integrations\n    _assert_idp_login_success(res[app.name][\"url\"], endpoint, test_email, test_password)\n  File \"/home/runner/work/paas-charm/paas-charm/tests/integration/integrations/test_oauth.py\", line 123, in _assert_idp_login_success\n    page.get_by_label(\"Email\").fill(test_email)\n  File \"/home/runner/work/paas-charm/paas-charm/.tox/integration/lib/python3.10/site-packages/playwright/sync_api/_generated.py\", line 15851, in fill\n    self._sync(\n  File \"/home/runner/work/paas-charm/paas-charm/.tox/integration/lib/python3.10/site-packages/playwright/_impl/_sync_base.py\", line 115, in _sync\n    return task.result()\n  File \"/usr/lib/python3.10/asyncio/futures.py\", line 201, in result\n    raise self._exception.with_traceback(self._exception_tb)\n  File \"/usr/lib/python3.10/asyncio/tasks.py\", line 232, in __step\n    result = coro.send(None)\n  File \"/home/runner/work/paas-charm/paas-charm/.tox/integration/lib/python3.10/site-packages/playwright/_impl/_locator.py\", line 212, in fill\n    return await self._frame.fill(self._selector, strict=True, **params)\n  File \"/home/runner/work/paas-charm/paas-charm/.tox/integration/lib/python3.10/site-packages/playwright/_impl/_frame.py\", line 562, in fill\n    await self._channel.send(\"fill\", self._timeout, locals_to_params(locals()))\n  File \"/home/runner/work/paas-charm/paas-charm/.tox/integration/lib/python3.10/site-packages/playwright/_impl/_connection.py\", line 69, in send\n    return await self._connection.wrap_api_call(\n  File \"/home/runner/work/paas-charm/paas-charm/.tox/integration/lib/python3.10/site-packages/playwright/_impl/_connection.py\", line 558, in wrap_api_call\n    raise rewrite_error(error, f\"{parsed_st['apiName']}: {error}\") from None\nplaywright._impl._errors.TimeoutError: Locator.fill: Timeout 30000ms exceeded.\nCall log:\n  - waiting for get_by_label(\"Email\")\n    2 × waiting for\" https://10.64.140.43/testing-identity-platform-login-ui-operator/ui/error\" navigation to finish...\n      - navigated to \"https://10.64.140.43/testing-identity-platform-login-ui-operator/ui/error\"\n    2 × waiting for navigation to finish...\n      - navigated to \"https://10.64.140.43/testing-identity-platform-login-ui-operator/ui/error\"\n      - waiting for\" https://10.64.140.43/testing-identity-platform-login-ui-operator/ui/error\" navigation to finish...\n      - navigated to \"https://10.64.140.43/testing-identity-platform-login-ui-operator/ui/error\"\n    - waiting for\" https://10.64.140.43/testing-identity-platform-login-ui-operator/ui/error\" navigation to finish...\n    - navigated to \"https://10.64.140.43/testing-identity-platform-login-ui-operator/ui/error\"","steps":[],"attachments":[{"uid":"cef9bd1700c40b79","name":"log","source":"cef9bd1700c40b79.txt","type":"text/plain","size":194133}],"parameters":[],"shouldDisplayMessage":true,"stepsCount":0,"attachmentsCount":1,"hasContent":true,"attachmentStep":false},"afterStages":[{"name":"http::0","time":{"start":1763127297616,"stop":1763127297616,"duration":0},"status":"passed","steps":[],"attachments":[],"parameters":[],"shouldDisplayMessage":false,"stepsCount":0,"attachmentsCount":0,"hasContent":false,"attachmentStep":false},{"name":"abort_on_fail::0","time":{"start":1763127297617,"stop":1763127297617,"duration":0},"status":"passed","steps":[],"attachments":[],"parameters":[],"shouldDisplayMessage":false,"stepsCount":0,"attachmentsCount":0,"hasContent":false,"attachmentStep":false},{"name":"flask_app::0","time":{"start":1763127297617,"stop":1763127297617,"duration":0},"status":"passed","steps":[],"attachments":[],"parameters":[],"shouldDisplayMessage":false,"stepsCount":0,"attachmentsCount":0,"hasContent":false,"attachmentStep":false},{"name":"juju::0","time":{"start":1763127297618,"stop":1763127298132,"duration":514},"status":"passed","steps":[],"attachments":[],"parameters":[],"shouldDisplayMessage":false,"stepsCount":0,"attachmentsCount":0,"hasContent":false,"attachmentStep":false},{"name":"browser_context_manager::0","time":{"start":1763127297618,"stop":1763127297618,"duration":0},"status":"passed","steps":[],"attachments":[],"parameters":[],"shouldDisplayMessage":false,"stepsCount":0,"attachmentsCount":0,"hasContent":false,"attachmentStep":false}],"labels":[{"name":"parentSuite","value":"tests.integration.integrations"},{"name":"suite","value":"test_oauth"},{"name":"host","value":"runnervmfg25i"},{"name":"thread","value":"24732-MainThread"},{"name":"framework","value":"pytest"},{"name":"language","value":"cpython3"},{"name":"package","value":"tests.integration.integrations.test_oauth"},{"name":"resultFormat","value":"allure2"}],"parameters":[{"name":"app_fixture","value":"'flask_app'"},{"name":"endpoint","value":"'login'"}],"links":[],"hidden":false,"retry":false,"extra":{"severity":"normal","retries":[{"uid":"a2a1cfa6e725688f","status":"unknown","time":{}}],"categories":[{"name":"Test defects","matchedStatuses":[]}],"history":{"statistic":{"failed":0,"broken":6,"skipped":0,"passed":5,"unknown":0,"total":11},"items":[{"uid":"bb3aa886910a3a10","reportUrl":"../1148//#testresult/bb3aa886910a3a10","status":"broken","statusDetails":"playwright._impl._errors.TimeoutError: Locator.fill: Timeout 30000ms exceeded.\nCall log:\n  - waiting for get_by_label(\"Email\")\n    5 × waiting for\" https://10.64.140.43/testing-identity-platform-login-ui-operator/ui/error\" navigation to finish...\n      - navigated to \"https://10.64.140.43/testing-identity-platform-login-ui-operator/ui/error\"","time":{"start":1763124059890,"stop":1763124349093,"duration":289203}},{"uid":"19357523f33423ba","reportUrl":"../1147//#testresult/19357523f33423ba","status":"broken","statusDetails":"playwright._impl._errors.TimeoutError: Locator.fill: Timeout 30000ms exceeded.\nCall log:\n  - waiting for get_by_label(\"Email\")\n    7 × waiting for\" https://10.64.140.44/testing-identity-platform-login-ui-operator/ui/error\" navigation to finish...\n      - navigated to \"https://10.64.140.44/testing-identity-platform-login-ui-operator/ui/error\"","time":{"start":1763120020046,"stop":1763120544215,"duration":524169}},{"uid":"883cbe95e200a99a","reportUrl":"../1145//#testresult/883cbe95e200a99a","status":"broken","statusDetails":"playwright._impl._errors.TimeoutError: Locator.fill: Timeout 30000ms exceeded.\nCall log:\n  - waiting for get_by_label(\"Email\")\n    5 × waiting for\" https://10.64.140.43/testing-identity-platform-login-ui-operator/ui/error\" navigation to finish...\n      - navigated to \"https://10.64.140.43/testing-identity-platform-login-ui-operator/ui/error\"\n    - waiting for navigation to finish...\n    3 × navigated to \"https://10.64.140.43/testing-identity-platform-login-ui-operator/ui/error\"\n      - waiting for\" https://10.64.140.43/testing-identity-platform-login-ui-operator/ui/error\" navigation to finish...\n    - navigated to \"https://10.64.140.43/testing-identity-platform-login-ui-operator/ui/error\"\n    - waiting for navigation to finish...\n    - navigated to \"https://10.64.140.43/testing-identity-platform-login-ui-operator/ui/error\"","time":{"start":1763119893697,"stop":1763120431909,"duration":538212}},{"uid":"d47f95f0075cfbba","reportUrl":"../1144//#testresult/d47f95f0075cfbba","status":"broken","statusDetails":"playwright._impl._errors.TimeoutError: Locator.fill: Timeout 30000ms exceeded.\nCall log:\n  - waiting for get_by_label(\"Email\")\n    9 × waiting for\" https://10.64.140.44/testing-identity-platform-login-ui-operator/ui/error\" navigation to finish...\n      - navigated to \"https://10.64.140.44/testing-identity-platform-login-ui-operator/ui/error\"","time":{"start":1763118746001,"stop":1763119072875,"duration":326874}},{"uid":"6e13c2f80d06c482","reportUrl":"../1143//#testresult/6e13c2f80d06c482","status":"broken","statusDetails":"playwright._impl._errors.TimeoutError: Locator.fill: Timeout 30000ms exceeded.\nCall log:\n  - waiting for get_by_label(\"Email\")\n    5 × waiting for\" https://10.64.140.44/testing-identity-platform-login-ui-operator/ui/error\" navigation to finish...\n      - navigated to \"https://10.64.140.44/testing-identity-platform-login-ui-operator/ui/error\"","time":{"start":1763118534460,"stop":1763118816894,"duration":282434}},{"uid":"25b1fe2141a285be","reportUrl":"../1140//#testresult/25b1fe2141a285be","status":"passed","time":{"start":1762964278096,"stop":1762964619629,"duration":341533}},{"uid":"981020305a2eaa2c","reportUrl":"../1139//#testresult/981020305a2eaa2c","status":"passed","time":{"start":1761902061239,"stop":1761902327563,"duration":266324}},{"uid":"c690ef173e5dafb4","reportUrl":"../1137//#testresult/c690ef173e5dafb4","status":"passed","time":{"start":1761298093211,"stop":1761298415240,"duration":322029}},{"uid":"9b03e038a1cc572a","reportUrl":"../1121//#testresult/9b03e038a1cc572a","status":"passed","time":{"start":1761047260122,"stop":1761047600941,"duration":340819}},{"uid":"599857fc17cde428","reportUrl":"../1120//#testresult/599857fc17cde428","status":"passed","time":{"start":1761043186975,"stop":1761043487427,"duration":300452}}]},"tags":[]},"source":"637e588a403dda5b.json","parameterValues":["'flask_app'","'login'"]}