09:33:49 [32mINFO[0m cli: juju deploy --model testing /home/runner/work/paas-charm/paas-charm/.tox/integration/tmp/pytest/fastapi0/182d71bb-a545-424c-9efb-b381f2f1abc5.charm --config non-optional-string=non-optional-value --resource app-image=ghcr.io/canonical/fastapi-app:386a452f4a5681a2e763675a7ddeca4217a3721c-_0.1_amd64
09:33:54 [32mINFO[0m cli: juju status --model testing --format json
09:33:54 [32mINFO[0m postgresql-k8s already deployed
09:33:54 [32mINFO[0m cli: juju integrate --model testing fastapi-k8s postgresql-k8s:database
09:33:55 [32mINFO[0m wait: status changed:
+ .model.name = 'testing'
+ .model.type = 'caas'
+ .model.controller = 'github-pr-fce5b-microk8s'
+ .model.cloud = 'microk8s'
+ .model.version = '3.6.11'
+ .model.region = 'localhost'
+ .model.model_status.current = 'available'
+ .apps['django-k8s'].charm = 'local:django-k8s-0'
+ .apps['django-k8s'].charm_origin = 'local'
+ .apps['django-k8s'].charm_name = 'django-k8s'
+ .apps['django-k8s'].charm_rev = 0
+ .apps['django-k8s'].exposed = False
+ .apps['django-k8s'].base.name = 'ubuntu'
+ .apps['django-k8s'].base.channel = '22.04'
+ .apps['django-k8s'].scale = 1
+ .apps['django-k8s'].provider_id = '71d972e4-5727-4afe-b3ac-d7c422ec7348'
+ .apps['django-k8s'].address = '10.152.183.19'
+ .apps['django-k8s'].app_status.current = 'active'
+ .apps['django-k8s'].relations['logging'][0].related_app = 'loki-k8s'
+ .apps['django-k8s'].relations['logging'][0].interface = 'loki_push_api'
+ .apps['django-k8s'].relations['logging'][0].scope = 'global'
+ .apps['django-k8s'].relations['postgresql'][0].related_app = 'postgresql-k8s'
+ .apps['django-k8s'].relations['postgresql'][0].interface = 'postgresql_client'
+ .apps['django-k8s'].relations['postgresql'][0].scope = 'global'
+ .apps['django-k8s'].relations['secret-storage'][0].related_app = 'django-k8s'
+ .apps['django-k8s'].relations['secret-storage'][0].interface = 'secret-storage'
+ .apps['django-k8s'].relations['secret-storage'][0].scope = 'global'
+ .apps['django-k8s'].units['django-k8s/0'].workload_status.current = 'active'
+ .apps['django-k8s'].units['django-k8s/0'].juju_status.current = 'idle'
+ .apps['django-k8s'].units['django-k8s/0'].juju_status.version = '3.6.11'
+ .apps['django-k8s'].units['django-k8s/0'].leader = True
+ .apps['django-k8s'].units['django-k8s/0'].address = '10.1.181.143'
+ .apps['django-k8s'].units['django-k8s/0'].provider_id = 'django-k8s-0'
+ .apps['django-k8s'].endpoint_bindings[''] = 'alpha'
+ .apps['django-k8s'].endpoint_bindings['grafana-dashboard'] = 'alpha'
+ .apps['django-k8s'].endpoint_bindings['http-proxy'] = 'alpha'
+ .apps['django-k8s'].endpoint_bindings['ingress'] = 'alpha'
+ .apps['django-k8s'].endpoint_bindings['logging'] = 'alpha'
+ .apps['django-k8s'].endpoint_bindings['metrics-endpoint'] = 'alpha'
+ .apps['django-k8s'].endpoint_bindings['oidc'] = 'alpha'
+ .apps['django-k8s'].endpoint_bindings['openfga'] = 'alpha'
+ .apps['django-k8s'].endpoint_bindings['postgresql'] = 'alpha'
+ .apps['django-k8s'].endpoint_bindings['secret-storage'] = 'alpha'
+ .apps['django-k8s'].endpoint_bindings['smtp'] = 'alpha'
+ .apps['django-k8s'].endpoint_bindings['tracing'] = 'alpha'
+ .apps['fastapi-k8s'].charm = 'local:fastapi-k8s-0'
+ .apps['fastapi-k8s'].charm_origin = 'local'
+ .apps['fastapi-k8s'].charm_name = 'fastapi-k8s'
+ .apps['fastapi-k8s'].charm_rev = 0
+ .apps['fastapi-k8s'].exposed = False
+ .apps['fastapi-k8s'].base.name = 'ubuntu'
+ .apps['fastapi-k8s'].base.channel = '24.04'
+ .apps['fastapi-k8s'].scale = 1
+ .apps['fastapi-k8s'].app_status.current = 'waiting'
+ .apps['fastapi-k8s'].app_status.message = 'installing agent'
+ .apps['fastapi-k8s'].relations['postgresql'][0].related_app = 'postgresql-k8s'
+ .apps['fastapi-k8s'].relations['postgresql'][0].interface = 'postgresql_client'
+ .apps['fastapi-k8s'].relations['postgresql'][0].scope = 'global'
+ .apps['fastapi-k8s'].relations['secret-storage'][0].related_app = 'fastapi-k8s'
+ .apps['fastapi-k8s'].relations['secret-storage'][0].interface = 'secret-storage'
+ .apps['fastapi-k8s'].relations['secret-storage'][0].scope = 'global'
+ .apps['fastapi-k8s'].units['fastapi-k8s/0'].workload_status.current = 'waiting'
+ .apps['fastapi-k8s'].units['fastapi-k8s/0'].workload_status.message = 'installing agent'
+ .apps['fastapi-k8s'].units['fastapi-k8s/0'].juju_status.current = 'allocating'
+ .apps['fastapi-k8s'].endpoint_bindings[''] = 'alpha'
+ .apps['fastapi-k8s'].endpoint_bindings['grafana-dashboard'] = 'alpha'
+ .apps['fastapi-k8s'].endpoint_bindings['http-proxy'] = 'alpha'
+ .apps['fastapi-k8s'].endpoint_bindings['ingress'] = 'alpha'
+ .apps['fastapi-k8s'].endpoint_bindings['logging'] = 'alpha'
+ .apps['fastapi-k8s'].endpoint_bindings['metrics-endpoint'] = 'alpha'
+ .apps['fastapi-k8s'].endpoint_bindings['oidc'] = 'alpha'
+ .apps['fastapi-k8s'].endpoint_bindings['openfga'] = 'alpha'
+ .apps['fastapi-k8s'].endpoint_bindings['postgresql'] = 'alpha'
+ .apps['fastapi-k8s'].endpoint_bindings['secret-storage'] = 'alpha'
+ .apps['fastapi-k8s'].endpoint_bindings['smtp'] = 'alpha'
+ .apps['fastapi-k8s'].endpoint_bindings['tracing'] = 'alpha'
+ .apps['flask-k8s'].charm = 'local:flask-k8s-0'
+ .apps['flask-k8s'].charm_origin = 'local'
+ .apps['flask-k8s'].charm_name = 'flask-k8s'
+ .apps['flask-k8s'].charm_rev = 0
+ .apps['flask-k8s'].exposed = False
+ .apps['flask-k8s'].base.name = 'ubuntu'
+ .apps['flask-k8s'].base.channel = '22.04'
+ .apps['flask-k8s'].scale = 1
+ .apps['flask-k8s'].provider_id = '00efa972-0f5c-4d05-8174-5d5dfb5ec096'
+ .apps['flask-k8s'].address = '10.152.183.141'
+ .apps['flask-k8s'].app_status.current = 'active'
+ .apps['flask-k8s'].relations['secret-storage'][0].related_app = 'flask-k8s'
+ .apps['flask-k8s'].relations['secret-storage'][0].interface = 'secret-storage'
+ .apps['flask-k8s'].relations['secret-storage'][0].scope = 'global'
+ .apps['flask-k8s'].units['flask-k8s/0'].workload_status.current = 'active'
+ .apps['flask-k8s'].units['flask-k8s/0'].juju_status.current = 'idle'
+ .apps['flask-k8s'].units['flask-k8s/0'].juju_status.version = '3.6.11'
+ .apps['flask-k8s'].units['flask-k8s/0'].leader = True
+ .apps['flask-k8s'].units['flask-k8s/0'].address = '10.1.181.141'
+ .apps['flask-k8s'].units['flask-k8s/0'].provider_id = 'flask-k8s-0'
+ .apps['flask-k8s'].endpoint_bindings[''] = 'alpha'
+ .apps['flask-k8s'].endpoint_bindings['grafana-dashboard'] = 'alpha'
+ .apps['flask-k8s'].endpoint_bindings['http-proxy'] = 'alpha'
+ .apps['flask-k8s'].endpoint_bindings['ingress'] = 'alpha'
+ .apps['flask-k8s'].endpoint_bindings['logging'] = 'alpha'
+ .apps['flask-k8s'].endpoint_bindings['metrics-endpoint'] = 'alpha'
+ .apps['flask-k8s'].endpoint_bindings['mongodb'] = 'alpha'
+ .apps['flask-k8s'].endpoint_bindings['mysql'] = 'alpha'
+ .apps['flask-k8s'].endpoint_bindings['oidc'] = 'alpha'
+ .apps['flask-k8s'].endpoint_bindings['openfga'] = 'alpha'
+ .apps['flask-k8s'].endpoint_bindings['postgresql'] = 'alpha'
+ .apps['flask-k8s'].endpoint_bindings['rabbitmq'] = 'alpha'
+ .apps['flask-k8s'].endpoint_bindings['redis'] = 'alpha'
+ .apps['flask-k8s'].endpoint_bindings['s3'] = 'alpha'
+ .apps['flask-k8s'].endpoint_bindings['saml'] = 'alpha'
+ .apps['flask-k8s'].endpoint_bindings['secret-storage'] = 'alpha'
+ .apps['flask-k8s'].endpoint_bindings['smtp'] = 'alpha'
+ .apps['flask-k8s'].endpoint_bindings['tracing'] = 'alpha'
+ .apps['loki-k8s'].charm = 'loki-k8s'
+ .apps['loki-k8s'].charm_origin = 'charmhub'
+ .apps['loki-k8s'].charm_name = 'loki-k8s'
+ .apps['loki-k8s'].charm_rev = 199
+ .apps['loki-k8s'].exposed = False
+ .apps['loki-k8s'].base.name = 'ubuntu'
+ .apps['loki-k8s'].base.channel = '20.04'
+ .apps['loki-k8s'].charm_channel = '1/stable'
+ .apps['loki-k8s'].charm_version = 'eca6385'
+ .apps['loki-k8s'].scale = 1
+ .apps['loki-k8s'].provider_id = '01652e57-d907-4b72-8524-e212a2e1103a'
+ .apps['loki-k8s'].address = '10.152.183.44'
+ .apps['loki-k8s'].app_status.current = 'active'
+ .apps['loki-k8s'].relations['logging'][0].related_app = 'django-k8s'
+ .apps['loki-k8s'].relations['logging'][0].interface = 'loki_push_api'
+ .apps['loki-k8s'].relations['logging'][0].scope = 'global'
+ .apps['loki-k8s'].relations['replicas'][0].related_app = 'loki-k8s'
+ .apps['loki-k8s'].relations['replicas'][0].interface = 'loki_replica'
+ .apps['loki-k8s'].relations['replicas'][0].scope = 'global'
+ .apps['loki-k8s'].units['loki-k8s/0'].workload_status.current = 'active'
+ .apps['loki-k8s'].units['loki-k8s/0'].juju_status.current = 'executing'
+ .apps['loki-k8s'].units['loki-k8s/0'].juju_status.message = 'running logging-relation-broken hook'
+ .apps['loki-k8s'].units['loki-k8s/0'].juju_status.version = '3.6.11'
+ .apps['loki-k8s'].units['loki-k8s/0'].leader = True
+ .apps['loki-k8s'].units['loki-k8s/0'].address = '10.1.181.142'
+ .apps['loki-k8s'].units['loki-k8s/0'].provider_id = 'loki-k8s-0'
+ .apps['loki-k8s'].version = '2.9.6'
+ .apps['loki-k8s'].endpoint_bindings[''] = 'alpha'
+ .apps['loki-k8s'].endpoint_bindings['alertmanager'] = 'alpha'
+ .apps['loki-k8s'].endpoint_bindings['catalogue'] = 'alpha'
+ .apps['loki-k8s'].endpoint_bindings['certificates'] = 'alpha'
+ .apps['loki-k8s'].endpoint_bindings['charm-tracing'] = 'alpha'
+ .apps['loki-k8s'].endpoint_bindings['grafana-dashboard'] = 'alpha'
+ .apps['loki-k8s'].endpoint_bindings['grafana-source'] = 'alpha'
+ .apps['loki-k8s'].endpoint_bindings['ingress'] = 'alpha'
+ .apps['loki-k8s'].endpoint_bindings['logging'] = 'alpha'
+ .apps['loki-k8s'].endpoint_bindings['metrics-endpoint'] = 'alpha'
+ .apps['loki-k8s'].endpoint_bindings['replicas'] = 'alpha'
+ .apps['loki-k8s'].endpoint_bindings['send-datasource'] = 'alpha'
+ .apps['loki-k8s'].endpoint_bindings['workload-tracing'] = 'alpha'
+ .apps['postgresql-k8s'].charm = 'postgresql-k8s'
+ .apps['postgresql-k8s'].charm_origin = 'charmhub'
+ .apps['postgresql-k8s'].charm_name = 'postgresql-k8s'
+ .apps['postgresql-k8s'].charm_rev = 684
+ .apps['postgresql-k8s'].exposed = False
+ .apps['postgresql-k8s'].base.name = 'ubuntu'
+ .apps['postgresql-k8s'].base.channel = '22.04'
+ .apps['postgresql-k8s'].charm_channel = '14/edge'
+ .apps['postgresql-k8s'].scale = 1
+ .apps['postgresql-k8s'].provider_id = 'fe56537a-8f44-4d37-90a2-b3def6bdd24e'
+ .apps['postgresql-k8s'].address = '10.152.183.189'
+ .apps['postgresql-k8s'].app_status.current = 'active'
+ .apps['postgresql-k8s'].relations['database'][0].related_app = 'django-k8s'
+ .apps['postgresql-k8s'].relations['database'][0].interface = 'postgresql_client'
+ .apps['postgresql-k8s'].relations['database'][0].scope = 'global'
+ .apps['postgresql-k8s'].relations['database'][1].related_app = 'fastapi-k8s'
+ .apps['postgresql-k8s'].relations['database'][1].interface = 'postgresql_client'
+ .apps['postgresql-k8s'].relations['database'][1].scope = 'global'
+ .apps['postgresql-k8s'].relations['database-peers'][0].related_app = 'postgresql-k8s'
+ .apps['postgresql-k8s'].relations['database-peers'][0].interface = 'postgresql_peers'
+ .apps['postgresql-k8s'].relations['database-peers'][0].scope = 'global'
+ .apps['postgresql-k8s'].relations['restart'][0].related_app = 'postgresql-k8s'
+ .apps['postgresql-k8s'].relations['restart'][0].interface = 'rolling_op'
+ .apps['postgresql-k8s'].relations['restart'][0].scope = 'global'
+ .apps['postgresql-k8s'].relations['upgrade'][0].related_app = 'postgresql-k8s'
+ .apps['postgresql-k8s'].relations['upgrade'][0].interface = 'upgrade'
+ .apps['postgresql-k8s'].relations['upgrade'][0].scope = 'global'
+ .apps['postgresql-k8s'].units['postgresql-k8s/0'].workload_status.current = 'active'
+ .apps['postgresql-k8s'].units['postgresql-k8s/0'].workload_status.message = 'Primary'
+ .apps['postgresql-k8s'].units['postgresql-k8s/0'].juju_status.current = 'executing'
+ .apps['postgresql-k8s'].units['postgresql-k8s/0'].juju_status.message = 'running database-relation-created hook'
+ .apps['postgresql-k8s'].units['postgresql-k8s/0'].juju_status.version = '3.6.11'
+ .apps['postgresql-k8s'].units['postgresql-k8s/0'].leader = True
+ .apps['postgresql-k8s'].units['postgresql-k8s/0'].address = '10.1.181.145'
+ .apps['postgresql-k8s'].units['postgresql-k8s/0'].provider_id = 'postgresql-k8s-0'
+ .apps['postgresql-k8s'].version = '14.19'
+ .apps['postgresql-k8s'].endpoint_bindings[''] = 'alpha'
+ .apps['postgresql-k8s'].endpoint_bindings['certificates'] = 'alpha'
+ .apps['postgresql-k8s'].endpoint_bindings['database'] = 'alpha'
+ .apps['postgresql-k8s'].endpoint_bindings['database-peers'] = 'alpha'
+ .apps['postgresql-k8s'].endpoint_bindings['db'] = 'alpha'
+ .apps['postgresql-k8s'].endpoint_bindings['db-admin'] = 'alpha'
+ .apps['postgresql-k8s'].endpoint_bindings['grafana-dashboard'] = 'alpha'
+ .apps['postgresql-k8s'].endpoint_bindings['ldap'] = 'alpha'
+ .apps['postgresql-k8s'].endpoint_bindings['logging'] = 'alpha'
+ .apps['postgresql-k8s'].endpoint_bindings['metrics-endpoint'] = 'alpha'
+ .apps['postgresql-k8s'].endpoint_bindings['receive-ca-cert'] = 'alpha'
+ .apps['postgresql-k8s'].endpoint_bindings['replication'] = 'alpha'
+ .apps['postgresql-k8s'].endpoint_bindings['replication-offer'] = 'alpha'
+ .apps['postgresql-k8s'].endpoint_bindings['restart'] = 'alpha'
+ .apps['postgresql-k8s'].endpoint_bindings['s3-parameters'] = 'alpha'
+ .apps['postgresql-k8s'].endpoint_bindings['tracing'] = 'alpha'
+ .apps['postgresql-k8s'].endpoint_bindings['upgrade'] = 'alpha'
+ .storage.storage['active-index-directory/0'].kind = 'filesystem'
+ .storage.storage['active-index-directory/0'].status.current = 'attached'
+ .storage.storage['active-index-directory/0'].status.message = 'Successfully provisioned volume pvc-680ea153-878e-458f-9a8d-f68b39884207'
+ .storage.storage['active-index-directory/0'].persistent = False
+ .storage.storage['active-index-directory/0'].life = 'alive'
+ .storage.storage['active-index-directory/0'].attachments.units['loki-k8s/0'].life = 'alive'
+ .storage.storage['loki-chunks/1'].kind = 'filesystem'
+ .storage.storage['loki-chunks/1'].status.current = 'attached'
+ .storage.storage['loki-chunks/1'].status.message = 'Successfully provisioned volume pvc-3e44a7a0-d3ac-499d-8505-a1352f1628d7'
+ .storage.storage['loki-chunks/1'].persistent = False
+ .storage.storage['loki-chunks/1'].life = 'alive'
+ .storage.storage['loki-chunks/1'].attachments.units['loki-k8s/0'].life = 'alive'
+ .storage.storage['pgdata/2'].kind = 'filesystem'
+ .storage.storage['pgdata/2'].status.current = 'attached'
+ .storage.storage['pgdata/2'].status.message = 'Successfully provisioned volume pvc-805a2f8f-f298-4fb3-b403-5f113bad7019'
+ .storage.storage['pgdata/2'].persistent = False
+ .storage.storage['pgdata/2'].life = 'alive'
+ .storage.storage['pgdata/2'].attachments.units['postgresql-k8s/0'].life = 'alive'
+ .storage.filesystems['0'].size = 1024
+ .storage.filesystems['0'].provider_id = '680ea153-878e-458f-9a8d-f68b39884207'
+ .storage.filesystems['0'].volume = '0'
+ .storage.filesystems['0'].storage = 'active-index-directory/0'
+ .storage.filesystems['0'].attachments.containers['loki-k8s/0'].mount_point = '/var/lib/juju/storage/active-index-directory/0'
+ .storage.filesystems['0'].attachments.containers['loki-k8s/0'].read_only = False
+ .storage.filesystems['0'].attachments.containers['loki-k8s/0'].life = 'alive'
+ .storage.filesystems['0'].attachments.units['loki-k8s/0'].life = 'alive'
+ .storage.filesystems['0'].pool = 'kubernetes'
+ .storage.filesystems['0'].life = 'alive'
+ .storage.filesystems['0'].status.current = 'attached'
+ .storage.filesystems['0'].status.message = 'Successfully provisioned volume pvc-680ea153-878e-458f-9a8d-f68b39884207'
+ .storage.filesystems['1'].size = 1024
+ .storage.filesystems['1'].provider_id = '3e44a7a0-d3ac-499d-8505-a1352f1628d7'
+ .storage.filesystems['1'].volume = '1'
+ .storage.filesystems['1'].storage = 'loki-chunks/1'
+ .storage.filesystems['1'].attachments.containers['loki-k8s/0'].mount_point = '/var/lib/juju/storage/loki-chunks/0'
+ .storage.filesystems['1'].attachments.containers['loki-k8s/0'].read_only = False
+ .storage.filesystems['1'].attachments.containers['loki-k8s/0'].life = 'alive'
+ .storage.filesystems['1'].attachments.units['loki-k8s/0'].life = 'alive'
+ .storage.filesystems['1'].pool = 'kubernetes'
+ .storage.filesystems['1'].life = 'alive'
+ .storage.filesystems['1'].status.current = 'attached'
+ .storage.filesystems['1'].status.message = 'Successfully provisioned volume pvc-3e44a7a0-d3ac-499d-8505-a1352f1628d7'
+ .storage.filesystems['2'].size = 1024
+ .storage.filesystems['2'].provider_id = '805a2f8f-f298-4fb3-b403-5f113bad7019'
+ .storage.filesystems['2'].volume = '2'
+ .storage.filesystems['2'].storage = 'pgdata/2'
+ .storage.filesystems['2'].attachments.containers['postgresql-k8s/0'].mount_point = '/var/lib/postgresql/data'
+ .storage.filesystems['2'].attachments.containers['postgresql-k8s/0'].read_only = False
+ .storage.filesystems['2'].attachments.containers['postgresql-k8s/0'].life = 'alive'
+ .storage.filesystems['2'].attachments.units['postgresql-k8s/0'].life = 'alive'
+ .storage.filesystems['2'].pool = 'kubernetes'
+ .storage.filesystems['2'].life = 'alive'
+ .storage.filesystems['2'].status.current = 'attached'
+ .storage.filesystems['2'].status.message = 'Successfully provisioned volume pvc-805a2f8f-f298-4fb3-b403-5f113bad7019'
+ .storage.volumes['0'].size = 1024
+ .storage.volumes['0'].persistent = True
+ .storage.volumes['0'].provider_id = 'pvc-680ea153-878e-458f-9a8d-f68b39884207'
+ .storage.volumes['0'].storage = 'active-index-directory/0'
+ .storage.volumes['0'].attachments.containers['loki-k8s/0'].read_only = False
+ .storage.volumes['0'].attachments.containers['loki-k8s/0'].life = 'alive'
+ .storage.volumes['0'].attachments.units['loki-k8s/0'].life = 'alive'
+ .storage.volumes['0'].pool = 'kubernetes'
+ .storage.volumes['0'].life = 'alive'
+ .storage.volumes['0'].status.current = 'attached'
+ .storage.volumes['1'].size = 1024
+ .storage.volumes['1'].persistent = True
+ .storage.volumes['1'].provider_id = 'pvc-3e44a7a0-d3ac-499d-8505-a1352f1628d7'
+ .storage.volumes['1'].storage = 'loki-chunks/1'
+ .storage.volumes['1'].attachments.containers['loki-k8s/0'].read_only = False
+ .storage.volumes['1'].attachments.containers['loki-k8s/0'].life = 'alive'
+ .storage.volumes['1'].attachments.units['loki-k8s/0'].life = 'alive'
+ .storage.volumes['1'].pool = 'kubernetes'
+ .storage.volumes['1'].life = 'alive'
+ .storage.volumes['1'].status.current = 'attached'
+ .storage.volumes['2'].size = 1024
+ .storage.volumes['2'].persistent = True
+ .storage.volumes['2'].provider_id = 'pvc-805a2f8f-f298-4fb3-b403-5f113bad7019'
+ .storage.volumes['2'].storage = 'pgdata/2'
+ .storage.volumes['2'].attachments.containers['postgresql-k8s/0'].read_only = False
+ .storage.volumes['2'].attachments.containers['postgresql-k8s/0'].life = 'alive'
+ .storage.volumes['2'].attachments.units['postgresql-k8s/0'].life = 'alive'
+ .storage.volumes['2'].pool = 'kubernetes'
+ .storage.volumes['2'].life = 'alive'
+ .storage.volumes['2'].status.current = 'attached'
09:33:56 [32mINFO[0m wait: status changed:
- .apps['postgresql-k8s'].units['postgresql-k8s/0'].juju_status.current = 'executing'
- .apps['postgresql-k8s'].units['postgresql-k8s/0'].juju_status.message = 'running database-relation-created hook'
+ .apps['postgresql-k8s'].units['postgresql-k8s/0'].juju_status.current = 'idle'
09:33:57 [32mINFO[0m wait: status changed:
- .apps['django-k8s'].relations['logging'][0].related_app = 'loki-k8s'
- .apps['django-k8s'].relations['logging'][0].interface = 'loki_push_api'
- .apps['django-k8s'].relations['logging'][0].scope = 'global'
- .apps['loki-k8s'].relations['logging'][0].related_app = 'django-k8s'
- .apps['loki-k8s'].relations['logging'][0].interface = 'loki_push_api'
- .apps['loki-k8s'].relations['logging'][0].scope = 'global'
- .apps['loki-k8s'].units['loki-k8s/0'].juju_status.current = 'executing'
- .apps['loki-k8s'].units['loki-k8s/0'].juju_status.message = 'running logging-relation-broken hook'
+ .apps['loki-k8s'].units['loki-k8s/0'].juju_status.current = 'idle'
09:34:01 [32mINFO[0m wait: status changed:
+ .apps['fastapi-k8s'].provider_id = '97252765-012c-421d-abc3-bd183748769c'
+ .apps['fastapi-k8s'].address = '10.152.183.70'
09:34:02 [32mINFO[0m wait: status changed:
- .apps['fastapi-k8s'].app_status.message = 'installing agent'
+ .apps['fastapi-k8s'].app_status.message = 'agent initialising'
- .apps['fastapi-k8s'].units['fastapi-k8s/0'].workload_status.message = 'installing agent'
+ .apps['fastapi-k8s'].units['fastapi-k8s/0'].workload_status.message = 'agent initialising'
+ .apps['fastapi-k8s'].units['fastapi-k8s/0'].juju_status.version = '3.6.11'
+ .apps['fastapi-k8s'].units['fastapi-k8s/0'].leader = True
+ .apps['fastapi-k8s'].units['fastapi-k8s/0'].address = '10.1.181.146'
+ .apps['fastapi-k8s'].units['fastapi-k8s/0'].provider_id = 'fastapi-k8s-0'
09:34:05 [32mINFO[0m wait: status changed:
- .apps['fastapi-k8s'].app_status.current = 'waiting'
- .apps['fastapi-k8s'].app_status.message = 'agent initialising'
+ .apps['fastapi-k8s'].app_status.current = 'maintenance'
+ .apps['fastapi-k8s'].app_status.message = 'installing charm software'
- .apps['fastapi-k8s'].units['fastapi-k8s/0'].workload_status.current = 'waiting'
- .apps['fastapi-k8s'].units['fastapi-k8s/0'].workload_status.message = 'agent initialising'
- .apps['fastapi-k8s'].units['fastapi-k8s/0'].juju_status.current = 'allocating'
+ .apps['fastapi-k8s'].units['fastapi-k8s/0'].workload_status.current = 'maintenance'
+ .apps['fastapi-k8s'].units['fastapi-k8s/0'].workload_status.message = 'installing charm software'
+ .apps['fastapi-k8s'].units['fastapi-k8s/0'].juju_status.current = 'executing'
+ .apps['fastapi-k8s'].units['fastapi-k8s/0'].juju_status.message = 'running install hook'
09:34:08 [32mINFO[0m wait: status changed:
- .apps['fastapi-k8s'].units['fastapi-k8s/0'].juju_status.message = 'running install hook'
+ .apps['fastapi-k8s'].units['fastapi-k8s/0'].juju_status.message = 'running secret-storage-relation-created hook'
- .apps['postgresql-k8s'].units['postgresql-k8s/0'].juju_status.current = 'idle'
+ .apps['postgresql-k8s'].units['postgresql-k8s/0'].juju_status.current = 'executing'
+ .apps['postgresql-k8s'].units['postgresql-k8s/0'].juju_status.message = 'running database-relation-joined hook for fastapi-k8s/0'
09:34:09 [32mINFO[0m wait: status changed:
- .apps['fastapi-k8s'].units['fastapi-k8s/0'].juju_status.message = 'running secret-storage-relation-created hook'
+ .apps['fastapi-k8s'].units['fastapi-k8s/0'].juju_status.message = 'running leader-elected hook'
- .apps['postgresql-k8s'].units['postgresql-k8s/0'].juju_status.message = 'running database-relation-joined hook for fastapi-k8s/0'
+ .apps['postgresql-k8s'].units['postgresql-k8s/0'].juju_status.message = 'running database-relation-changed hook for fastapi-k8s/0'
09:34:11 [32mINFO[0m wait: status changed:
- .apps['fastapi-k8s'].app_status.current = 'maintenance'
- .apps['fastapi-k8s'].app_status.message = 'installing charm software'
+ .apps['fastapi-k8s'].app_status.current = 'waiting'
+ .apps['fastapi-k8s'].app_status.message = 'Waiting for pebble ready'
- .apps['fastapi-k8s'].units['fastapi-k8s/0'].workload_status.current = 'maintenance'
- .apps['fastapi-k8s'].units['fastapi-k8s/0'].workload_status.message = 'installing charm software'
+ .apps['fastapi-k8s'].units['fastapi-k8s/0'].workload_status.current = 'waiting'
+ .apps['fastapi-k8s'].units['fastapi-k8s/0'].workload_status.message = 'Waiting for pebble ready'
- .apps['fastapi-k8s'].units['fastapi-k8s/0'].juju_status.message = 'running leader-elected hook'
+ .apps['fastapi-k8s'].units['fastapi-k8s/0'].juju_status.message = 'running start hook'
09:34:12 [32mINFO[0m wait: status changed:
- .apps['fastapi-k8s'].units['fastapi-k8s/0'].juju_status.message = 'running start hook'
+ .apps['fastapi-k8s'].units['fastapi-k8s/0'].juju_status.message = 'running postgresql-relation-joined hook for postgresql-k8s/0'
09:34:13 [32mINFO[0m wait: status changed:
- .apps['fastapi-k8s'].units['fastapi-k8s/0'].juju_status.message = 'running postgresql-relation-joined hook for postgresql-k8s/0'
+ .apps['fastapi-k8s'].units['fastapi-k8s/0'].juju_status.message = 'running postgresql-relation-changed hook for postgresql-k8s/0'
09:34:15 [32mINFO[0m wait: status changed:
- .apps['fastapi-k8s'].app_status.current = 'waiting'
- .apps['fastapi-k8s'].app_status.message = 'Waiting for pebble ready'
+ .apps['fastapi-k8s'].app_status.current = 'maintenance'
+ .apps['fastapi-k8s'].app_status.message = 'Preparing service for restart'
- .apps['fastapi-k8s'].units['fastapi-k8s/0'].workload_status.current = 'waiting'
- .apps['fastapi-k8s'].units['fastapi-k8s/0'].workload_status.message = 'Waiting for pebble ready'
+ .apps['fastapi-k8s'].units['fastapi-k8s/0'].workload_status.current = 'maintenance'
+ .apps['fastapi-k8s'].units['fastapi-k8s/0'].workload_status.message = 'Preparing service for restart'
- .apps['fastapi-k8s'].units['fastapi-k8s/0'].juju_status.message = 'running postgresql-relation-changed hook for postgresql-k8s/0'
+ .apps['fastapi-k8s'].units['fastapi-k8s/0'].juju_status.message = 'running postgresql-relation-changed hook'
- .apps['postgresql-k8s'].units['postgresql-k8s/0'].juju_status.current = 'executing'
- .apps['postgresql-k8s'].units['postgresql-k8s/0'].juju_status.message = 'running database-relation-changed hook for fastapi-k8s/0'
+ .apps['postgresql-k8s'].units['postgresql-k8s/0'].juju_status.current = 'idle'
09:34:16 [32mINFO[0m wait: status changed:
- .apps['fastapi-k8s'].units['fastapi-k8s/0'].juju_status.current = 'executing'
- .apps['fastapi-k8s'].units['fastapi-k8s/0'].juju_status.message = 'running postgresql-relation-changed hook'
+ .apps['fastapi-k8s'].units['fastapi-k8s/0'].juju_status.current = 'idle'
- .apps['postgresql-k8s'].units['postgresql-k8s/0'].juju_status.current = 'idle'
+ .apps['postgresql-k8s'].units['postgresql-k8s/0'].juju_status.current = 'executing'
+ .apps['postgresql-k8s'].units['postgresql-k8s/0'].juju_status.message = 'running database-relation-changed hook for fastapi-k8s/0'
09:34:18 [32mINFO[0m wait: status changed:
- .apps['fastapi-k8s'].app_status.current = 'maintenance'
- .apps['fastapi-k8s'].app_status.message = 'Preparing service for restart'
+ .apps['fastapi-k8s'].app_status.current = 'waiting'
+ .apps['fastapi-k8s'].app_status.message = 'installing agent'
- .apps['postgresql-k8s'].units['postgresql-k8s/0'].juju_status.message = 'running database-relation-changed hook for fastapi-k8s/0'
+ .apps['postgresql-k8s'].units['postgresql-k8s/0'].juju_status.message = 'running database-peers-relation-changed hook'
09:34:19 [32mINFO[0m wait: status changed:
- .apps['fastapi-k8s'].app_status.current = 'waiting'
- .apps['fastapi-k8s'].app_status.message = 'installing agent'
+ .apps['fastapi-k8s'].app_status.current = 'active'
- .apps['fastapi-k8s'].units['fastapi-k8s/0'].workload_status.current = 'maintenance'
- .apps['fastapi-k8s'].units['fastapi-k8s/0'].workload_status.message = 'Preparing service for restart'
- .apps['fastapi-k8s'].units['fastapi-k8s/0'].juju_status.current = 'idle'
+ .apps['fastapi-k8s'].units['fastapi-k8s/0'].workload_status.current = 'active'
+ .apps['fastapi-k8s'].units['fastapi-k8s/0'].juju_status.current = 'executing'
+ .apps['fastapi-k8s'].units['fastapi-k8s/0'].juju_status.message = 'running app-pebble-ready hook'
09:34:20 [32mINFO[0m wait: status changed:
- .apps['fastapi-k8s'].units['fastapi-k8s/0'].juju_status.current = 'executing'
- .apps['fastapi-k8s'].units['fastapi-k8s/0'].juju_status.message = 'running app-pebble-ready hook'
+ .apps['fastapi-k8s'].units['fastapi-k8s/0'].juju_status.current = 'idle'
- .apps['postgresql-k8s'].units['postgresql-k8s/0'].juju_status.message = 'running database-peers-relation-changed hook'
+ .apps['postgresql-k8s'].units['postgresql-k8s/0'].juju_status.message = 'running database-relation-changed hook for fastapi-k8s/0'
09:34:21 [32mINFO[0m wait: status changed:
- .apps['postgresql-k8s'].units['postgresql-k8s/0'].juju_status.current = 'executing'
- .apps['postgresql-k8s'].units['postgresql-k8s/0'].juju_status.message = 'running database-relation-changed hook for fastapi-k8s/0'
+ .apps['postgresql-k8s'].units['postgresql-k8s/0'].juju_status.current = 'idle'
09:34:21 [32mINFO[0m cli: juju integrate --model testing loki-k8s fastapi-k8s
09:34:22 [32mINFO[0m wait: status changed:
+ .model.name = 'testing'
+ .model.type = 'caas'
+ .model.controller = 'github-pr-fce5b-microk8s'
+ .model.cloud = 'microk8s'
+ .model.version = '3.6.11'
+ .model.region = 'localhost'
+ .model.model_status.current = 'available'
+ .apps['django-k8s'].charm = 'local:django-k8s-0'
+ .apps['django-k8s'].charm_origin = 'local'
+ .apps['django-k8s'].charm_name = 'django-k8s'
+ .apps['django-k8s'].charm_rev = 0
+ .apps['django-k8s'].exposed = False
+ .apps['django-k8s'].base.name = 'ubuntu'
+ .apps['django-k8s'].base.channel = '22.04'
+ .apps['django-k8s'].scale = 1
+ .apps['django-k8s'].provider_id = '71d972e4-5727-4afe-b3ac-d7c422ec7348'
+ .apps['django-k8s'].address = '10.152.183.19'
+ .apps['django-k8s'].app_status.current = 'active'
+ .apps['django-k8s'].relations['postgresql'][0].related_app = 'postgresql-k8s'
+ .apps['django-k8s'].relations['postgresql'][0].interface = 'postgresql_client'
+ .apps['django-k8s'].relations['postgresql'][0].scope = 'global'
+ .apps['django-k8s'].relations['secret-storage'][0].related_app = 'django-k8s'
+ .apps['django-k8s'].relations['secret-storage'][0].interface = 'secret-storage'
+ .apps['django-k8s'].relations['secret-storage'][0].scope = 'global'
+ .apps['django-k8s'].units['django-k8s/0'].workload_status.current = 'active'
+ .apps['django-k8s'].units['django-k8s/0'].juju_status.current = 'idle'
+ .apps['django-k8s'].units['django-k8s/0'].juju_status.version = '3.6.11'
+ .apps['django-k8s'].units['django-k8s/0'].leader = True
+ .apps['django-k8s'].units['django-k8s/0'].address = '10.1.181.143'
+ .apps['django-k8s'].units['django-k8s/0'].provider_id = 'django-k8s-0'
+ .apps['django-k8s'].endpoint_bindings[''] = 'alpha'
+ .apps['django-k8s'].endpoint_bindings['grafana-dashboard'] = 'alpha'
+ .apps['django-k8s'].endpoint_bindings['http-proxy'] = 'alpha'
+ .apps['django-k8s'].endpoint_bindings['ingress'] = 'alpha'
+ .apps['django-k8s'].endpoint_bindings['logging'] = 'alpha'
+ .apps['django-k8s'].endpoint_bindings['metrics-endpoint'] = 'alpha'
+ .apps['django-k8s'].endpoint_bindings['oidc'] = 'alpha'
+ .apps['django-k8s'].endpoint_bindings['openfga'] = 'alpha'
+ .apps['django-k8s'].endpoint_bindings['postgresql'] = 'alpha'
+ .apps['django-k8s'].endpoint_bindings['secret-storage'] = 'alpha'
+ .apps['django-k8s'].endpoint_bindings['smtp'] = 'alpha'
+ .apps['django-k8s'].endpoint_bindings['tracing'] = 'alpha'
+ .apps['fastapi-k8s'].charm = 'local:fastapi-k8s-0'
+ .apps['fastapi-k8s'].charm_origin = 'local'
+ .apps['fastapi-k8s'].charm_name = 'fastapi-k8s'
+ .apps['fastapi-k8s'].charm_rev = 0
+ .apps['fastapi-k8s'].exposed = False
+ .apps['fastapi-k8s'].base.name = 'ubuntu'
+ .apps['fastapi-k8s'].base.channel = '24.04'
+ .apps['fastapi-k8s'].scale = 1
+ .apps['fastapi-k8s'].provider_id = '97252765-012c-421d-abc3-bd183748769c'
+ .apps['fastapi-k8s'].address = '10.152.183.70'
+ .apps['fastapi-k8s'].app_status.current = 'active'
+ .apps['fastapi-k8s'].relations['logging'][0].related_app = 'loki-k8s'
+ .apps['fastapi-k8s'].relations['logging'][0].interface = 'loki_push_api'
+ .apps['fastapi-k8s'].relations['logging'][0].scope = 'global'
+ .apps['fastapi-k8s'].relations['postgresql'][0].related_app = 'postgresql-k8s'
+ .apps['fastapi-k8s'].relations['postgresql'][0].interface = 'postgresql_client'
+ .apps['fastapi-k8s'].relations['postgresql'][0].scope = 'global'
+ .apps['fastapi-k8s'].relations['secret-storage'][0].related_app = 'fastapi-k8s'
+ .apps['fastapi-k8s'].relations['secret-storage'][0].interface = 'secret-storage'
+ .apps['fastapi-k8s'].relations['secret-storage'][0].scope = 'global'
+ .apps['fastapi-k8s'].units['fastapi-k8s/0'].workload_status.current = 'active'
+ .apps['fastapi-k8s'].units['fastapi-k8s/0'].juju_status.current = 'executing'
+ .apps['fastapi-k8s'].units['fastapi-k8s/0'].juju_status.message = 'running logging-relation-created hook'
+ .apps['fastapi-k8s'].units['fastapi-k8s/0'].juju_status.version = '3.6.11'
+ .apps['fastapi-k8s'].units['fastapi-k8s/0'].leader = True
+ .apps['fastapi-k8s'].units['fastapi-k8s/0'].address = '10.1.181.146'
+ .apps['fastapi-k8s'].units['fastapi-k8s/0'].provider_id = 'fastapi-k8s-0'
+ .apps['fastapi-k8s'].endpoint_bindings[''] = 'alpha'
+ .apps['fastapi-k8s'].endpoint_bindings['grafana-dashboard'] = 'alpha'
+ .apps['fastapi-k8s'].endpoint_bindings['http-proxy'] = 'alpha'
+ .apps['fastapi-k8s'].endpoint_bindings['ingress'] = 'alpha'
+ .apps['fastapi-k8s'].endpoint_bindings['logging'] = 'alpha'
+ .apps['fastapi-k8s'].endpoint_bindings['metrics-endpoint'] = 'alpha'
+ .apps['fastapi-k8s'].endpoint_bindings['oidc'] = 'alpha'
+ .apps['fastapi-k8s'].endpoint_bindings['openfga'] = 'alpha'
+ .apps['fastapi-k8s'].endpoint_bindings['postgresql'] = 'alpha'
+ .apps['fastapi-k8s'].endpoint_bindings['secret-storage'] = 'alpha'
+ .apps['fastapi-k8s'].endpoint_bindings['smtp'] = 'alpha'
+ .apps['fastapi-k8s'].endpoint_bindings['tracing'] = 'alpha'
+ .apps['flask-k8s'].charm = 'local:flask-k8s-0'
+ .apps['flask-k8s'].charm_origin = 'local'
+ .apps['flask-k8s'].charm_name = 'flask-k8s'
+ .apps['flask-k8s'].charm_rev = 0
+ .apps['flask-k8s'].exposed = False
+ .apps['flask-k8s'].base.name = 'ubuntu'
+ .apps['flask-k8s'].base.channel = '22.04'
+ .apps['flask-k8s'].scale = 1
+ .apps['flask-k8s'].provider_id = '00efa972-0f5c-4d05-8174-5d5dfb5ec096'
+ .apps['flask-k8s'].address = '10.152.183.141'
+ .apps['flask-k8s'].app_status.current = 'active'
+ .apps['flask-k8s'].relations['secret-storage'][0].related_app = 'flask-k8s'
+ .apps['flask-k8s'].relations['secret-storage'][0].interface = 'secret-storage'
+ .apps['flask-k8s'].relations['secret-storage'][0].scope = 'global'
+ .apps['flask-k8s'].units['flask-k8s/0'].workload_status.current = 'active'
+ .apps['flask-k8s'].units['flask-k8s/0'].juju_status.current = 'idle'
+ .apps['flask-k8s'].units['flask-k8s/0'].juju_status.version = '3.6.11'
+ .apps['flask-k8s'].units['flask-k8s/0'].leader = True
+ .apps['flask-k8s'].units['flask-k8s/0'].address = '10.1.181.141'
+ .apps['flask-k8s'].units['flask-k8s/0'].provider_id = 'flask-k8s-0'
+ .apps['flask-k8s'].endpoint_bindings[''] = 'alpha'
+ .apps['flask-k8s'].endpoint_bindings['grafana-dashboard'] = 'alpha'
+ .apps['flask-k8s'].endpoint_bindings['http-proxy'] = 'alpha'
+ .apps['flask-k8s'].endpoint_bindings['ingress'] = 'alpha'
+ .apps['flask-k8s'].endpoint_bindings['logging'] = 'alpha'
+ .apps['flask-k8s'].endpoint_bindings['metrics-endpoint'] = 'alpha'
+ .apps['flask-k8s'].endpoint_bindings['mongodb'] = 'alpha'
+ .apps['flask-k8s'].endpoint_bindings['mysql'] = 'alpha'
+ .apps['flask-k8s'].endpoint_bindings['oidc'] = 'alpha'
+ .apps['flask-k8s'].endpoint_bindings['openfga'] = 'alpha'
+ .apps['flask-k8s'].endpoint_bindings['postgresql'] = 'alpha'
+ .apps['flask-k8s'].endpoint_bindings['rabbitmq'] = 'alpha'
+ .apps['flask-k8s'].endpoint_bindings['redis'] = 'alpha'
+ .apps['flask-k8s'].endpoint_bindings['s3'] = 'alpha'
+ .apps['flask-k8s'].endpoint_bindings['saml'] = 'alpha'
+ .apps['flask-k8s'].endpoint_bindings['secret-storage'] = 'alpha'
+ .apps['flask-k8s'].endpoint_bindings['smtp'] = 'alpha'
+ .apps['flask-k8s'].endpoint_bindings['tracing'] = 'alpha'
+ .apps['loki-k8s'].charm = 'loki-k8s'
+ .apps['loki-k8s'].charm_origin = 'charmhub'
+ .apps['loki-k8s'].charm_name = 'loki-k8s'
+ .apps['loki-k8s'].charm_rev = 199
+ .apps['loki-k8s'].exposed = False
+ .apps['loki-k8s'].base.name = 'ubuntu'
+ .apps['loki-k8s'].base.channel = '20.04'
+ .apps['loki-k8s'].charm_channel = '1/stable'
+ .apps['loki-k8s'].charm_version = 'eca6385'
+ .apps['loki-k8s'].scale = 1
+ .apps['loki-k8s'].provider_id = '01652e57-d907-4b72-8524-e212a2e1103a'
+ .apps['loki-k8s'].address = '10.152.183.44'
+ .apps['loki-k8s'].app_status.current = 'active'
+ .apps['loki-k8s'].relations['logging'][0].related_app = 'fastapi-k8s'
+ .apps['loki-k8s'].relations['logging'][0].interface = 'loki_push_api'
+ .apps['loki-k8s'].relations['logging'][0].scope = 'global'
+ .apps['loki-k8s'].relations['replicas'][0].related_app = 'loki-k8s'
+ .apps['loki-k8s'].relations['replicas'][0].interface = 'loki_replica'
+ .apps['loki-k8s'].relations['replicas'][0].scope = 'global'
+ .apps['loki-k8s'].units['loki-k8s/0'].workload_status.current = 'active'
+ .apps['loki-k8s'].units['loki-k8s/0'].juju_status.current = 'executing'
+ .apps['loki-k8s'].units['loki-k8s/0'].juju_status.message = 'running logging-relation-created hook'
+ .apps['loki-k8s'].units['loki-k8s/0'].juju_status.version = '3.6.11'
+ .apps['loki-k8s'].units['loki-k8s/0'].leader = True
+ .apps['loki-k8s'].units['loki-k8s/0'].address = '10.1.181.142'
+ .apps['loki-k8s'].units['loki-k8s/0'].provider_id = 'loki-k8s-0'
+ .apps['loki-k8s'].version = '2.9.6'
+ .apps['loki-k8s'].endpoint_bindings[''] = 'alpha'
+ .apps['loki-k8s'].endpoint_bindings['alertmanager'] = 'alpha'
+ .apps['loki-k8s'].endpoint_bindings['catalogue'] = 'alpha'
+ .apps['loki-k8s'].endpoint_bindings['certificates'] = 'alpha'
+ .apps['loki-k8s'].endpoint_bindings['charm-tracing'] = 'alpha'
+ .apps['loki-k8s'].endpoint_bindings['grafana-dashboard'] = 'alpha'
+ .apps['loki-k8s'].endpoint_bindings['grafana-source'] = 'alpha'
+ .apps['loki-k8s'].endpoint_bindings['ingress'] = 'alpha'
+ .apps['loki-k8s'].endpoint_bindings['logging'] = 'alpha'
+ .apps['loki-k8s'].endpoint_bindings['metrics-endpoint'] = 'alpha'
+ .apps['loki-k8s'].endpoint_bindings['replicas'] = 'alpha'
+ .apps['loki-k8s'].endpoint_bindings['send-datasource'] = 'alpha'
+ .apps['loki-k8s'].endpoint_bindings['workload-tracing'] = 'alpha'
+ .apps['postgresql-k8s'].charm = 'postgresql-k8s'
+ .apps['postgresql-k8s'].charm_origin = 'charmhub'
+ .apps['postgresql-k8s'].charm_name = 'postgresql-k8s'
+ .apps['postgresql-k8s'].charm_rev = 684
+ .apps['postgresql-k8s'].exposed = False
+ .apps['postgresql-k8s'].base.name = 'ubuntu'
+ .apps['postgresql-k8s'].base.channel = '22.04'
+ .apps['postgresql-k8s'].charm_channel = '14/edge'
+ .apps['postgresql-k8s'].scale = 1
+ .apps['postgresql-k8s'].provider_id = 'fe56537a-8f44-4d37-90a2-b3def6bdd24e'
+ .apps['postgresql-k8s'].address = '10.152.183.189'
+ .apps['postgresql-k8s'].app_status.current = 'active'
+ .apps['postgresql-k8s'].relations['database'][0].related_app = 'django-k8s'
+ .apps['postgresql-k8s'].relations['database'][0].interface = 'postgresql_client'
+ .apps['postgresql-k8s'].relations['database'][0].scope = 'global'
+ .apps['postgresql-k8s'].relations['database'][1].related_app = 'fastapi-k8s'
+ .apps['postgresql-k8s'].relations['database'][1].interface = 'postgresql_client'
+ .apps['postgresql-k8s'].relations['database'][1].scope = 'global'
+ .apps['postgresql-k8s'].relations['database-peers'][0].related_app = 'postgresql-k8s'
+ .apps['postgresql-k8s'].relations['database-peers'][0].interface = 'postgresql_peers'
+ .apps['postgresql-k8s'].relations['database-peers'][0].scope = 'global'
+ .apps['postgresql-k8s'].relations['restart'][0].related_app = 'postgresql-k8s'
+ .apps['postgresql-k8s'].relations['restart'][0].interface = 'rolling_op'
+ .apps['postgresql-k8s'].relations['restart'][0].scope = 'global'
+ .apps['postgresql-k8s'].relations['upgrade'][0].related_app = 'postgresql-k8s'
+ .apps['postgresql-k8s'].relations['upgrade'][0].interface = 'upgrade'
+ .apps['postgresql-k8s'].relations['upgrade'][0].scope = 'global'
+ .apps['postgresql-k8s'].units['postgresql-k8s/0'].workload_status.current = 'active'
+ .apps['postgresql-k8s'].units['postgresql-k8s/0'].workload_status.message = 'Primary'
+ .apps['postgresql-k8s'].units['postgresql-k8s/0'].juju_status.current = 'idle'
+ .apps['postgresql-k8s'].units['postgresql-k8s/0'].juju_status.version = '3.6.11'
+ .apps['postgresql-k8s'].units['postgresql-k8s/0'].leader = True
+ .apps['postgresql-k8s'].units['postgresql-k8s/0'].address = '10.1.181.145'
+ .apps['postgresql-k8s'].units['postgresql-k8s/0'].provider_id = 'postgresql-k8s-0'
+ .apps['postgresql-k8s'].version = '14.19'
+ .apps['postgresql-k8s'].endpoint_bindings[''] = 'alpha'
+ .apps['postgresql-k8s'].endpoint_bindings['certificates'] = 'alpha'
+ .apps['postgresql-k8s'].endpoint_bindings['database'] = 'alpha'
+ .apps['postgresql-k8s'].endpoint_bindings['database-peers'] = 'alpha'
+ .apps['postgresql-k8s'].endpoint_bindings['db'] = 'alpha'
+ .apps['postgresql-k8s'].endpoint_bindings['db-admin'] = 'alpha'
+ .apps['postgresql-k8s'].endpoint_bindings['grafana-dashboard'] = 'alpha'
+ .apps['postgresql-k8s'].endpoint_bindings['ldap'] = 'alpha'
+ .apps['postgresql-k8s'].endpoint_bindings['logging'] = 'alpha'
+ .apps['postgresql-k8s'].endpoint_bindings['metrics-endpoint'] = 'alpha'
+ .apps['postgresql-k8s'].endpoint_bindings['receive-ca-cert'] = 'alpha'
+ .apps['postgresql-k8s'].endpoint_bindings['replication'] = 'alpha'
+ .apps['postgresql-k8s'].endpoint_bindings['replication-offer'] = 'alpha'
+ .apps['postgresql-k8s'].endpoint_bindings['restart'] = 'alpha'
+ .apps['postgresql-k8s'].endpoint_bindings['s3-parameters'] = 'alpha'
+ .apps['postgresql-k8s'].endpoint_bindings['tracing'] = 'alpha'
+ .apps['postgresql-k8s'].endpoint_bindings['upgrade'] = 'alpha'
+ .storage.storage['active-index-directory/0'].kind = 'filesystem'
+ .storage.storage['active-index-directory/0'].status.current = 'attached'
+ .storage.storage['active-index-directory/0'].status.message = 'Successfully provisioned volume pvc-680ea153-878e-458f-9a8d-f68b39884207'
+ .storage.storage['active-index-directory/0'].persistent = False
+ .storage.storage['active-index-directory/0'].life = 'alive'
+ .storage.storage['active-index-directory/0'].attachments.units['loki-k8s/0'].life = 'alive'
+ .storage.storage['loki-chunks/1'].kind = 'filesystem'
+ .storage.storage['loki-chunks/1'].status.current = 'attached'
+ .storage.storage['loki-chunks/1'].status.message = 'Successfully provisioned volume pvc-3e44a7a0-d3ac-499d-8505-a1352f1628d7'
+ .storage.storage['loki-chunks/1'].persistent = False
+ .storage.storage['loki-chunks/1'].life = 'alive'
+ .storage.storage['loki-chunks/1'].attachments.units['loki-k8s/0'].life = 'alive'
+ .storage.storage['pgdata/2'].kind = 'filesystem'
+ .storage.storage['pgdata/2'].status.current = 'attached'
+ .storage.storage['pgdata/2'].status.message = 'Successfully provisioned volume pvc-805a2f8f-f298-4fb3-b403-5f113bad7019'
+ .storage.storage['pgdata/2'].persistent = False
+ .storage.storage['pgdata/2'].life = 'alive'
+ .storage.storage['pgdata/2'].attachments.units['postgresql-k8s/0'].life = 'alive'
+ .storage.filesystems['0'].size = 1024
+ .storage.filesystems['0'].provider_id = '680ea153-878e-458f-9a8d-f68b39884207'
+ .storage.filesystems['0'].volume = '0'
+ .storage.filesystems['0'].storage = 'active-index-directory/0'
+ .storage.filesystems['0'].attachments.containers['loki-k8s/0'].mount_point = '/var/lib/juju/storage/active-index-directory/0'
+ .storage.filesystems['0'].attachments.containers['loki-k8s/0'].read_only = False
+ .storage.filesystems['0'].attachments.containers['loki-k8s/0'].life = 'alive'
+ .storage.filesystems['0'].attachments.units['loki-k8s/0'].life = 'alive'
+ .storage.filesystems['0'].pool = 'kubernetes'
+ .storage.filesystems['0'].life = 'alive'
+ .storage.filesystems['0'].status.current = 'attached'
+ .storage.filesystems['0'].status.message = 'Successfully provisioned volume pvc-680ea153-878e-458f-9a8d-f68b39884207'
+ .storage.filesystems['1'].size = 1024
+ .storage.filesystems['1'].provider_id = '3e44a7a0-d3ac-499d-8505-a1352f1628d7'
+ .storage.filesystems['1'].volume = '1'
+ .storage.filesystems['1'].storage = 'loki-chunks/1'
+ .storage.filesystems['1'].attachments.containers['loki-k8s/0'].mount_point = '/var/lib/juju/storage/loki-chunks/0'
+ .storage.filesystems['1'].attachments.containers['loki-k8s/0'].read_only = False
+ .storage.filesystems['1'].attachments.containers['loki-k8s/0'].life = 'alive'
+ .storage.filesystems['1'].attachments.units['loki-k8s/0'].life = 'alive'
+ .storage.filesystems['1'].pool = 'kubernetes'
+ .storage.filesystems['1'].life = 'alive'
+ .storage.filesystems['1'].status.current = 'attached'
+ .storage.filesystems['1'].status.message = 'Successfully provisioned volume pvc-3e44a7a0-d3ac-499d-8505-a1352f1628d7'
+ .storage.filesystems['2'].size = 1024
+ .storage.filesystems['2'].provider_id = '805a2f8f-f298-4fb3-b403-5f113bad7019'
+ .storage.filesystems['2'].volume = '2'
+ .storage.filesystems['2'].storage = 'pgdata/2'
+ .storage.filesystems['2'].attachments.containers['postgresql-k8s/0'].mount_point = '/var/lib/postgresql/data'
+ .storage.filesystems['2'].attachments.containers['postgresql-k8s/0'].read_only = False
+ .storage.filesystems['2'].attachments.containers['postgresql-k8s/0'].life = 'alive'
+ .storage.filesystems['2'].attachments.units['postgresql-k8s/0'].life = 'alive'
+ .storage.filesystems['2'].pool = 'kubernetes'
+ .storage.filesystems['2'].life = 'alive'
+ .storage.filesystems['2'].status.current = 'attached'
+ .storage.filesystems['2'].status.message = 'Successfully provisioned volume pvc-805a2f8f-f298-4fb3-b403-5f113bad7019'
+ .storage.volumes['0'].size = 1024
+ .storage.volumes['0'].persistent = True
+ .storage.volumes['0'].provider_id = 'pvc-680ea153-878e-458f-9a8d-f68b39884207'
+ .storage.volumes['0'].storage = 'active-index-directory/0'
+ .storage.volumes['0'].attachments.containers['loki-k8s/0'].read_only = False
+ .storage.volumes['0'].attachments.containers['loki-k8s/0'].life = 'alive'
+ .storage.volumes['0'].attachments.units['loki-k8s/0'].life = 'alive'
+ .storage.volumes['0'].pool = 'kubernetes'
+ .storage.volumes['0'].life = 'alive'
+ .storage.volumes['0'].status.current = 'attached'
+ .storage.volumes['1'].size = 1024
+ .storage.volumes['1'].persistent = True
+ .storage.volumes['1'].provider_id = 'pvc-3e44a7a0-d3ac-499d-8505-a1352f1628d7'
+ .storage.volumes['1'].storage = 'loki-chunks/1'
+ .storage.volumes['1'].attachments.containers['loki-k8s/0'].read_only = False
+ .storage.volumes['1'].attachments.containers['loki-k8s/0'].life = 'alive'
+ .storage.volumes['1'].attachments.units['loki-k8s/0'].life = 'alive'
+ .storage.volumes['1'].pool = 'kubernetes'
+ .storage.volumes['1'].life = 'alive'
+ .storage.volumes['1'].status.current = 'attached'
+ .storage.volumes['2'].size = 1024
+ .storage.volumes['2'].persistent = True
+ .storage.volumes['2'].provider_id = 'pvc-805a2f8f-f298-4fb3-b403-5f113bad7019'
+ .storage.volumes['2'].storage = 'pgdata/2'
+ .storage.volumes['2'].attachments.containers['postgresql-k8s/0'].read_only = False
+ .storage.volumes['2'].attachments.containers['postgresql-k8s/0'].life = 'alive'
+ .storage.volumes['2'].attachments.units['postgresql-k8s/0'].life = 'alive'
+ .storage.volumes['2'].pool = 'kubernetes'
+ .storage.volumes['2'].life = 'alive'
+ .storage.volumes['2'].status.current = 'attached'
09:34:32 [32mINFO[0m wait: status changed:
- .apps['fastapi-k8s'].units['fastapi-k8s/0'].juju_status.current = 'executing'
- .apps['fastapi-k8s'].units['fastapi-k8s/0'].juju_status.message = 'running logging-relation-created hook'
+ .apps['fastapi-k8s'].units['fastapi-k8s/0'].juju_status.current = 'idle'
- .apps['loki-k8s'].units['loki-k8s/0'].juju_status.message = 'running logging-relation-created hook'
+ .apps['loki-k8s'].units['loki-k8s/0'].juju_status.message = 'running logging-relation-changed hook for fastapi-k8s/0'
09:34:42 [32mINFO[0m wait: status changed:
- .apps['loki-k8s'].units['loki-k8s/0'].juju_status.current = 'executing'
- .apps['loki-k8s'].units['loki-k8s/0'].juju_status.message = 'running logging-relation-changed hook for fastapi-k8s/0'
+ .apps['loki-k8s'].units['loki-k8s/0'].juju_status.current = 'idle'
09:34:42 [32mINFO[0m cli: juju status --model testing --format json
09:34:53 [32mINFO[0m retrieve sample application log: {'stream': {'charm': 'fastapi-k8s', 'juju_application': 'fastapi-k8s', 'juju_model': 'testing', 'juju_model_uuid': '7c099895-0c86-497c-8948-56e7bcf93637', 'juju_unit': 'fastapi-k8s/0', 'pebble_service': 'fastapi', 'product': 'Juju'}, 'values': [['1761298483601000000', "requests.exceptions.ConnectionError: HTTPConnectionPool(host='localhost', port=4318): Max retries exceeded with url: /v1/traces (Caused by NewConnectionError('<urllib3.connection.HTTPConnection object at 0x7fe1701935f0>: Failed to establish a new connection: [Errno 111] Connection refused'))"], ['1761298483601000000', '  File "/lib/python3.12/site-packages/opentelemetry/exporter/otlp/proto/http/trace_exporter/__init__.py", line 165, in _export'], ['1761298483601000000', '           ^^^^^^^^^^^^^^^^^^^^^^^^^^^^^^^^^^^^^^^^^^^^^^^^^^^^'], ['1761298483601000000', '    resp = self._export(serialized_data, deadline_sec - time())'], ['1761298483601000000', '  File "/lib/python3.12/site-packages/opentelemetry/exporter/otlp/proto/http/trace_exporter/__init__.py", line 182, in export'], ['1761298483601000000', '    self._exporter.export('], ['1761298483601000000', '  File "/lib/python3.12/site-packages/opentelemetry/sdk/_shared_internal/__init__.py", line 179, in _export'], ['1761298483601000000', "urllib3.exceptions.MaxRetryError: HTTPConnectionPool(host='localhost', port=4318): Max retries exceeded with url: /v1/traces (Caused by NewConnectionError('<urllib3.connection.HTTPConnection object at 0x7fe1701935f0>: Failed to establish a new connection: [Errno 111] Connection refused'))"], ['1761298483601000000', 'urllib3.exceptions.NewConnectionError: <urllib3.connection.HTTPConnection object at 0x7fe1701935f0>: Failed to establish a new connection: [Errno 111] Connection refused'], ['1761298483601000000', "requests.exceptions.ConnectionError: HTTPConnectionPool(host='localhost', port=4318): Max retries exceeded with url: /v1/traces (Caused by NewConnectionError('<urllib3.connection.HTTPConnection object at 0x7fe1701934d0>: Failed to establish a new connection: [Errno 111] Connection refused'))"], ['1761298483601000000', '    raise ConnectionError(e, request=request)'], ['1761298483601000000', '  File "/lib/python3.12/site-packages/requests/adapters.py", line 677, in send'], ['1761298483601000000', '        ^^^^^^^^^^^^^^^^^^^^^^^^^^^^^^^'], ['1761298483601000000', '    r = adapter.send(request, **kwargs)'], ['1761298483601000000', '  File "/lib/python3.12/site-packages/requests/sessions.py", line 703, in send'], ['1761298483601000000', '           ^^^^^^^^^^^^^^^^^^^^^^^^^^^^^^'], ['1761298483601000000', '    resp = self.send(prep, **send_kwargs)'], ['1761298483601000000', '  File "/lib/python3.12/site-packages/requests/sessions.py", line 589, in request'], ['1761298483601000000', '           ^^^^^^^^^^^^^^^^^^^^^^^^^^^^^^^^^^^^^^^^^^^^^^^^^^^^^^^^^'], ['1761298483601000000', '    return self.request("POST", url, data=data, json=json, **kwargs)'], ['1761298483601000000', '  File "/lib/python3.12/site-packages/requests/sessions.py", line 637, in post'], ['1761298483601000000', '           ^^^^^^^^^^^^^^^^^^^'], ['1761298483601000000', '    resp = self._session.post('], ['1761298483601000000', '  File "/lib/python3.12/site-packages/opentelemetry/exporter/otlp/proto/http/trace_exporter/__init__.py", line 157, in _export'], ['1761298483601000000', 'During handling of the above exception, another exception occurred:'], ['1761298483601000000', "urllib3.exceptions.MaxRetryError: HTTPConnectionPool(host='localhost', port=4318): Max retries exceeded with url: /v1/traces (Caused by NewConnectionError('<urllib3.connection.HTTPConnection object at 0x7fe1701934d0>: Failed to establish a new connection: [Errno 111] Connection refused'))"], ['1761298483601000000', '    ^^^^^^^^^^^^^^^^^^^^^^^^^^^^^^^^^^^^^^^^^^^^^^^^^^^'], ['1761298483601000000', '    raise MaxRetryError(_pool, url, reason) from reason  # type: ignore[arg-type]'], ['1761298483601000000', '  File "/lib/python3.12/site-packages/urllib3/util/retry.py", line 519, in increment'], ['1761298483601000000', '              ^^^^^^^^^^^^^^^^^^'], ['1761298483601000000', '    retries = retries.increment('], ['1761298483601000000', '  File "/lib/python3.12/site-packages/urllib3/connectionpool.py", line 841, in urlopen'], ['1761298483601000000', '           ^^^^^^^^^^^^^'], ['1761298483601000000', '    resp = conn.urlopen('], ['1761298483601000000', '  File "/lib/python3.12/site-packages/requests/adapters.py", line 644, in send'], ['1761298483601000000', 'urllib3.exceptions.NewConnectionError: <urllib3.connection.HTTPConnection object at 0x7fe1701934d0>: Failed to establish a new connection: [Errno 111] Connection refused'], ['1761298483601000000', '    raise NewConnectionError('], ['1761298483601000000', '  File "/lib/python3.12/site-packages/urllib3/connection.py", line 213, in _new_conn'], ['1761298483601000000', '                ^^^^^^^^^^^^^^^^'], ['1761298483601000000', '    self.sock = self._new_conn()'], ['1761298483601000000', '  File "/lib/python3.12/site-packages/urllib3/connection.py", line 325, in connect'], ['1761298483601000000', '    self.connect()'], ['1761298483601000000', '  File "/usr/lib/python3.12/http/client.py", line 1035, in send'], ['1761298483601000000', '    self.send(msg)'], ['1761298483601000000', '  File "/usr/lib/python3.12/http/client.py", line 1091, in _send_output'], ['1761298483601000000', '    self._send_output(message_body, encode_chunked=encode_chunked)'], ['1761298483601000000', '  File "/usr/lib/python3.12/http/client.py", line 1331, in endheaders'], ['1761298483601000000', '    self.endheaders()'], ['1761298483601000000', '  File "/lib/python3.12/site-packages/urllib3/connection.py", line 494, in request'], ['1761298483601000000', '    conn.request('], ['1761298483601000000', '  File "/lib/python3.12/site-packages/urllib3/connectionpool.py", line 493, in _make_request'], ['1761298483601000000', '               ^^^^^^^^^^^^^^^^^^^'], ['1761298483601000000', '    response = self._make_request('], ['1761298483601000000', '  File "/lib/python3.12/site-packages/urllib3/connectionpool.py", line 787, in urlopen'], ['1761298483601000000', 'The above exception was the direct cause of the following exception:'], ['1761298483601000000', ''], ['1761298483601000000', 'ConnectionRefusedError: [Errno 111] Connection refused'], ['1761298483601000000', '    sock.connect(sa)'], ['1761298483601000000', '  File "/lib/python3.12/site-packages/urllib3/util/connection.py", line 73, in create_connection'], ['1761298483601000000', '    raise err'], ['1761298483601000000', '  File "/lib/python3.12/site-packages/urllib3/util/connection.py", line 85, in create_connection'], ['1761298483601000000', '           ^^^^^^^^^^^^^^^^^^^^^^^^^^^^^'], ['1761298483601000000', '    sock = connection.create_connection('], ['1761298483601000000', '  File "/lib/python3.12/site-packages/urllib3/connection.py", line 198, in _new_conn'], ['1761298483601000000', 'Traceback (most recent call last):'], ['1761298483601000000', 'Exception while exporting Span.'], ['1761298483229000000', 'INFO:     10.1.0.44:43036 - "GET / HTTP/1.1" 200 OK'], ['1761298483227000000', 'INFO:     10.1.0.44:43020 - "GET / HTTP/1.1" 200 OK'], ['1761298483225000000', 'INFO:     10.1.0.44:43016 - "GET / HTTP/1.1" 200 OK'], ['1761298483224000000', 'INFO:     10.1.0.44:43006 - "GET / HTTP/1.1" 200 OK'], ['1761298483222000000', 'INFO:     10.1.0.44:43002 - "GET / HTTP/1.1" 200 OK'], ['1761298483220000000', 'INFO:     10.1.0.44:42986 - "GET / HTTP/1.1" 200 OK'], ['1761298483218000000', 'INFO:     10.1.0.44:42976 - "GET / HTTP/1.1" 200 OK'], ['1761298483216000000', 'INFO:     10.1.0.44:42970 - "GET / HTTP/1.1" 200 OK'], ['1761298483214000000', 'INFO:     10.1.0.44:42954 - "GET / HTTP/1.1" 200 OK'], ['1761298483212000000', 'INFO:     10.1.0.44:42950 - "GET / HTTP/1.1" 200 OK'], ['1761298458657000000', 'INFO:     Uvicorn running on http://0.0.0.0:8080 (Press CTRL+C to quit)'], ['1761298458656000000', 'INFO:     Application startup complete.'], ['1761298458656000000', 'INFO:     Waiting for application startup.'], ['1761298458656000000', 'INFO:     Started server process [21]']]}
09:34:53 [32mINFO[0m cli: juju remove-relation --model testing loki-k8s fastapi-k8s