{"uid":"37b76dee0a9fb3b6","name":"test_oauth_integrations[spring_boot_app-oauth2/authorization/oidc]","fullName":"tests.integration.integrations.test_oauth#test_oauth_integrations","historyId":"575a27dfcc58b3167e03ede01b33e913","time":{"start":1772293219287,"stop":1772293484338,"duration":265051},"description":"\n    arrange: set up the test Juju model and deploy the workload charm.\n    act: integrate with ingress and hydra.\n    assert: the workload charm uses the Kratos charm as the idp.\n    ","descriptionHtml":"<pre><code>arrange: set up the test Juju model and deploy the workload charm.\nact: integrate with ingress and hydra.\nassert: the workload charm uses the Kratos charm as the idp.\n</code></pre>\n","status":"failed","statusMessage":"AssertionError: assert 502 == 200\n +  where 502 = <Response [502]>.status_code","statusTrace":"Traceback (most recent call last):\n  File \"/home/runner/work/paas-charm/paas-charm/.tox/integration/lib/python3.12/site-packages/_pytest/runner.py\", line 353, in from_call\n    result: TResult | None = func()\n                             ^^^^^^\n  File \"/home/runner/work/paas-charm/paas-charm/.tox/integration/lib/python3.12/site-packages/_pytest/runner.py\", line 245, in <lambda>\n    lambda: runtest_hook(item=item, **kwds),\n            ^^^^^^^^^^^^^^^^^^^^^^^^^^^^^^^\n  File \"/home/runner/work/paas-charm/paas-charm/.tox/integration/lib/python3.12/site-packages/pluggy/_hooks.py\", line 512, in __call__\n    return self._hookexec(self.name, self._hookimpls.copy(), kwargs, firstresult)\n           ^^^^^^^^^^^^^^^^^^^^^^^^^^^^^^^^^^^^^^^^^^^^^^^^^^^^^^^^^^^^^^^^^^^^^^\n  File \"/home/runner/work/paas-charm/paas-charm/.tox/integration/lib/python3.12/site-packages/pluggy/_manager.py\", line 120, in _hookexec\n    return self._inner_hookexec(hook_name, methods, kwargs, firstresult)\n           ^^^^^^^^^^^^^^^^^^^^^^^^^^^^^^^^^^^^^^^^^^^^^^^^^^^^^^^^^^^^^\n  File \"/home/runner/work/paas-charm/paas-charm/.tox/integration/lib/python3.12/site-packages/pluggy/_callers.py\", line 167, in _multicall\n    raise exception\n  File \"/home/runner/work/paas-charm/paas-charm/.tox/integration/lib/python3.12/site-packages/pluggy/_callers.py\", line 139, in _multicall\n    teardown.throw(exception)\n  File \"/home/runner/work/paas-charm/paas-charm/.tox/integration/lib/python3.12/site-packages/_pytest/logging.py\", line 850, in pytest_runtest_call\n    yield\n  File \"/home/runner/work/paas-charm/paas-charm/.tox/integration/lib/python3.12/site-packages/pluggy/_callers.py\", line 139, in _multicall\n    teardown.throw(exception)\n  File \"/home/runner/work/paas-charm/paas-charm/.tox/integration/lib/python3.12/site-packages/pluggy/_callers.py\", line 53, in run_old_style_hookwrapper\n    return result.get_result()\n           ^^^^^^^^^^^^^^^^^^^\n  File \"/home/runner/work/paas-charm/paas-charm/.tox/integration/lib/python3.12/site-packages/pluggy/_result.py\", line 103, in get_result\n    raise exc.with_traceback(tb)\n  File \"/home/runner/work/paas-charm/paas-charm/.tox/integration/lib/python3.12/site-packages/pluggy/_callers.py\", line 38, in run_old_style_hookwrapper\n    res = yield\n          ^^^^^\n  File \"/home/runner/work/paas-charm/paas-charm/.tox/integration/lib/python3.12/site-packages/pluggy/_callers.py\", line 139, in _multicall\n    teardown.throw(exception)\n  File \"/home/runner/work/paas-charm/paas-charm/.tox/integration/lib/python3.12/site-packages/_pytest/capture.py\", line 900, in pytest_runtest_call\n    return (yield)\n            ^^^^^\n  File \"/home/runner/work/paas-charm/paas-charm/.tox/integration/lib/python3.12/site-packages/pluggy/_callers.py\", line 139, in _multicall\n    teardown.throw(exception)\n  File \"/home/runner/work/paas-charm/paas-charm/.tox/integration/lib/python3.12/site-packages/_pytest/skipping.py\", line 268, in pytest_runtest_call\n    return (yield)\n            ^^^^^\n  File \"/home/runner/work/paas-charm/paas-charm/.tox/integration/lib/python3.12/site-packages/pluggy/_callers.py\", line 121, in _multicall\n    res = hook_impl.function(*args)\n          ^^^^^^^^^^^^^^^^^^^^^^^^^\n  File \"/home/runner/work/paas-charm/paas-charm/.tox/integration/lib/python3.12/site-packages/_pytest/runner.py\", line 179, in pytest_runtest_call\n    item.runtest()\n  File \"/home/runner/work/paas-charm/paas-charm/.tox/integration/lib/python3.12/site-packages/_pytest/python.py\", line 1720, in runtest\n    self.ihook.pytest_pyfunc_call(pyfuncitem=self)\n  File \"/home/runner/work/paas-charm/paas-charm/.tox/integration/lib/python3.12/site-packages/pluggy/_hooks.py\", line 512, in __call__\n    return self._hookexec(self.name, self._hookimpls.copy(), kwargs, firstresult)\n           ^^^^^^^^^^^^^^^^^^^^^^^^^^^^^^^^^^^^^^^^^^^^^^^^^^^^^^^^^^^^^^^^^^^^^^\n  File \"/home/runner/work/paas-charm/paas-charm/.tox/integration/lib/python3.12/site-packages/pluggy/_manager.py\", line 120, in _hookexec\n    return self._inner_hookexec(hook_name, methods, kwargs, firstresult)\n           ^^^^^^^^^^^^^^^^^^^^^^^^^^^^^^^^^^^^^^^^^^^^^^^^^^^^^^^^^^^^^\n  File \"/home/runner/work/paas-charm/paas-charm/.tox/integration/lib/python3.12/site-packages/pluggy/_callers.py\", line 167, in _multicall\n    raise exception\n  File \"/home/runner/work/paas-charm/paas-charm/.tox/integration/lib/python3.12/site-packages/pluggy/_callers.py\", line 121, in _multicall\n    res = hook_impl.function(*args)\n          ^^^^^^^^^^^^^^^^^^^^^^^^^\n  File \"/home/runner/work/paas-charm/paas-charm/.tox/integration/lib/python3.12/site-packages/_pytest/python.py\", line 166, in pytest_pyfunc_call\n    result = testfunction(**testargs)\n             ^^^^^^^^^^^^^^^^^^^^^^^^\n  File \"/home/runner/work/paas-charm/paas-charm/tests/integration/integrations/test_oauth.py\", line 101, in test_oauth_integrations\n    assert response.status_code == 200\nAssertionError: assert 502 == 200\n +  where 502 = <Response [502]>.status_code","flaky":false,"newFailed":true,"newBroken":false,"newPassed":false,"retriesCount":1,"retriesStatusChange":true,"beforeStages":[{"name":"browser_context_manager","time":{"start":1772291842649,"stop":1772291852711,"duration":10062},"status":"passed","steps":[],"attachments":[],"parameters":[],"shouldDisplayMessage":false,"stepsCount":0,"attachmentsCount":0,"hasContent":false,"attachmentStep":false},{"name":"juju","time":{"start":1772291842649,"stop":1772291842649,"duration":0},"status":"passed","steps":[],"attachments":[],"parameters":[],"shouldDisplayMessage":false,"stepsCount":0,"attachmentsCount":0,"hasContent":false,"attachmentStep":false},{"name":"identity_bundle","time":{"start":1772291852711,"stop":1772291864409,"duration":11698},"status":"passed","steps":[],"attachments":[],"parameters":[],"shouldDisplayMessage":false,"stepsCount":0,"attachmentsCount":0,"hasContent":false,"attachmentStep":false},{"name":"tmp_path_factory","time":{"start":1772291864411,"stop":1772291864411,"duration":0},"status":"passed","steps":[],"attachments":[],"parameters":[],"shouldDisplayMessage":false,"stepsCount":0,"attachmentsCount":0,"hasContent":false,"attachmentStep":false},{"name":"pytestconfig","time":{"start":1772291864411,"stop":1772291864411,"duration":0},"status":"passed","steps":[],"attachments":[],"parameters":[],"shouldDisplayMessage":false,"stepsCount":0,"attachmentsCount":0,"hasContent":false,"attachmentStep":false},{"name":"session_with_retry","time":{"start":1772293219286,"stop":1772293219286,"duration":0},"status":"passed","steps":[],"attachments":[],"parameters":[],"shouldDisplayMessage":false,"stepsCount":0,"attachmentsCount":0,"hasContent":false,"attachmentStep":false},{"name":"spring_boot_app_image","time":{"start":1772293219287,"stop":1772293219287,"duration":0},"status":"passed","steps":[],"attachments":[],"parameters":[],"shouldDisplayMessage":false,"stepsCount":0,"attachmentsCount":0,"hasContent":false,"attachmentStep":false},{"name":"spring_boot_app","time":{"start":1772293219287,"stop":1772293254330,"duration":35043},"status":"passed","steps":[],"attachments":[],"parameters":[],"shouldDisplayMessage":false,"stepsCount":0,"attachmentsCount":0,"hasContent":false,"attachmentStep":false}],"testStage":{"description":"\n    arrange: set up the test Juju model and deploy the workload charm.\n    act: integrate with ingress and hydra.\n    assert: the workload charm uses the Kratos charm as the idp.\n    ","status":"failed","statusMessage":"AssertionError: assert 502 == 200\n +  where 502 = <Response [502]>.status_code","statusTrace":"Traceback (most recent call last):\n  File \"/home/runner/work/paas-charm/paas-charm/.tox/integration/lib/python3.12/site-packages/_pytest/runner.py\", line 353, in from_call\n    result: TResult | None = func()\n                             ^^^^^^\n  File \"/home/runner/work/paas-charm/paas-charm/.tox/integration/lib/python3.12/site-packages/_pytest/runner.py\", line 245, in <lambda>\n    lambda: runtest_hook(item=item, **kwds),\n            ^^^^^^^^^^^^^^^^^^^^^^^^^^^^^^^\n  File \"/home/runner/work/paas-charm/paas-charm/.tox/integration/lib/python3.12/site-packages/pluggy/_hooks.py\", line 512, in __call__\n    return self._hookexec(self.name, self._hookimpls.copy(), kwargs, firstresult)\n           ^^^^^^^^^^^^^^^^^^^^^^^^^^^^^^^^^^^^^^^^^^^^^^^^^^^^^^^^^^^^^^^^^^^^^^\n  File \"/home/runner/work/paas-charm/paas-charm/.tox/integration/lib/python3.12/site-packages/pluggy/_manager.py\", line 120, in _hookexec\n    return self._inner_hookexec(hook_name, methods, kwargs, firstresult)\n           ^^^^^^^^^^^^^^^^^^^^^^^^^^^^^^^^^^^^^^^^^^^^^^^^^^^^^^^^^^^^^\n  File \"/home/runner/work/paas-charm/paas-charm/.tox/integration/lib/python3.12/site-packages/pluggy/_callers.py\", line 167, in _multicall\n    raise exception\n  File \"/home/runner/work/paas-charm/paas-charm/.tox/integration/lib/python3.12/site-packages/pluggy/_callers.py\", line 139, in _multicall\n    teardown.throw(exception)\n  File \"/home/runner/work/paas-charm/paas-charm/.tox/integration/lib/python3.12/site-packages/_pytest/logging.py\", line 850, in pytest_runtest_call\n    yield\n  File \"/home/runner/work/paas-charm/paas-charm/.tox/integration/lib/python3.12/site-packages/pluggy/_callers.py\", line 139, in _multicall\n    teardown.throw(exception)\n  File \"/home/runner/work/paas-charm/paas-charm/.tox/integration/lib/python3.12/site-packages/pluggy/_callers.py\", line 53, in run_old_style_hookwrapper\n    return result.get_result()\n           ^^^^^^^^^^^^^^^^^^^\n  File \"/home/runner/work/paas-charm/paas-charm/.tox/integration/lib/python3.12/site-packages/pluggy/_result.py\", line 103, in get_result\n    raise exc.with_traceback(tb)\n  File \"/home/runner/work/paas-charm/paas-charm/.tox/integration/lib/python3.12/site-packages/pluggy/_callers.py\", line 38, in run_old_style_hookwrapper\n    res = yield\n          ^^^^^\n  File \"/home/runner/work/paas-charm/paas-charm/.tox/integration/lib/python3.12/site-packages/pluggy/_callers.py\", line 139, in _multicall\n    teardown.throw(exception)\n  File \"/home/runner/work/paas-charm/paas-charm/.tox/integration/lib/python3.12/site-packages/_pytest/capture.py\", line 900, in pytest_runtest_call\n    return (yield)\n            ^^^^^\n  File \"/home/runner/work/paas-charm/paas-charm/.tox/integration/lib/python3.12/site-packages/pluggy/_callers.py\", line 139, in _multicall\n    teardown.throw(exception)\n  File \"/home/runner/work/paas-charm/paas-charm/.tox/integration/lib/python3.12/site-packages/_pytest/skipping.py\", line 268, in pytest_runtest_call\n    return (yield)\n            ^^^^^\n  File \"/home/runner/work/paas-charm/paas-charm/.tox/integration/lib/python3.12/site-packages/pluggy/_callers.py\", line 121, in _multicall\n    res = hook_impl.function(*args)\n          ^^^^^^^^^^^^^^^^^^^^^^^^^\n  File \"/home/runner/work/paas-charm/paas-charm/.tox/integration/lib/python3.12/site-packages/_pytest/runner.py\", line 179, in pytest_runtest_call\n    item.runtest()\n  File \"/home/runner/work/paas-charm/paas-charm/.tox/integration/lib/python3.12/site-packages/_pytest/python.py\", line 1720, in runtest\n    self.ihook.pytest_pyfunc_call(pyfuncitem=self)\n  File \"/home/runner/work/paas-charm/paas-charm/.tox/integration/lib/python3.12/site-packages/pluggy/_hooks.py\", line 512, in __call__\n    return self._hookexec(self.name, self._hookimpls.copy(), kwargs, firstresult)\n           ^^^^^^^^^^^^^^^^^^^^^^^^^^^^^^^^^^^^^^^^^^^^^^^^^^^^^^^^^^^^^^^^^^^^^^\n  File \"/home/runner/work/paas-charm/paas-charm/.tox/integration/lib/python3.12/site-packages/pluggy/_manager.py\", line 120, in _hookexec\n    return self._inner_hookexec(hook_name, methods, kwargs, firstresult)\n           ^^^^^^^^^^^^^^^^^^^^^^^^^^^^^^^^^^^^^^^^^^^^^^^^^^^^^^^^^^^^^\n  File \"/home/runner/work/paas-charm/paas-charm/.tox/integration/lib/python3.12/site-packages/pluggy/_callers.py\", line 167, in _multicall\n    raise exception\n  File \"/home/runner/work/paas-charm/paas-charm/.tox/integration/lib/python3.12/site-packages/pluggy/_callers.py\", line 121, in _multicall\n    res = hook_impl.function(*args)\n          ^^^^^^^^^^^^^^^^^^^^^^^^^\n  File \"/home/runner/work/paas-charm/paas-charm/.tox/integration/lib/python3.12/site-packages/_pytest/python.py\", line 166, in pytest_pyfunc_call\n    result = testfunction(**testargs)\n             ^^^^^^^^^^^^^^^^^^^^^^^^\n  File \"/home/runner/work/paas-charm/paas-charm/tests/integration/integrations/test_oauth.py\", line 101, in test_oauth_integrations\n    assert response.status_code == 200\nAssertionError: assert 502 == 200\n +  where 502 = <Response [502]>.status_code","steps":[],"attachments":[{"uid":"adc4653f285b0573","name":"log","source":"adc4653f285b0573.txt","type":"text/plain","size":175211}],"parameters":[],"shouldDisplayMessage":true,"stepsCount":0,"attachmentsCount":1,"hasContent":true,"attachmentStep":false},"afterStages":[{"name":"session_with_retry::0","time":{"start":1772293484343,"stop":1772293484343,"duration":0},"status":"passed","steps":[],"attachments":[],"parameters":[],"shouldDisplayMessage":false,"stepsCount":0,"attachmentsCount":0,"hasContent":false,"attachmentStep":false},{"name":"browser_context_manager::0","time":{"start":1772293484347,"stop":1772293484347,"duration":0},"status":"passed","steps":[],"attachments":[],"parameters":[],"shouldDisplayMessage":false,"stepsCount":0,"attachmentsCount":0,"hasContent":false,"attachmentStep":false}],"labels":[{"name":"parentSuite","value":"tests.integration.integrations"},{"name":"suite","value":"test_oauth"},{"name":"host","value":"runnervmnay03"},{"name":"thread","value":"35973-MainThread"},{"name":"framework","value":"pytest"},{"name":"language","value":"cpython3"},{"name":"package","value":"tests.integration.integrations.test_oauth"},{"name":"resultFormat","value":"allure2"}],"parameters":[{"name":"app_fixture","value":"'spring_boot_app'"},{"name":"endpoint","value":"'oauth2/authorization/oidc'"}],"links":[],"hidden":false,"retry":false,"extra":{"severity":"normal","retries":[{"uid":"ba2e6bbf59ee30f3","status":"unknown","time":{}}],"categories":[{"name":"Product defects","matchedStatuses":[]}],"history":{"statistic":{"failed":2,"broken":0,"skipped":0,"passed":16,"unknown":17,"total":35},"items":[{"uid":"85988894a73b1043","reportUrl":"../1492//#testresult/85988894a73b1043","status":"passed","time":{"start":1771688235365,"stop":1771688500833,"duration":265468}},{"uid":"da4698ac50932673","reportUrl":"../1482//#testresult/da4698ac50932673","status":"unknown","time":{}},{"uid":"b334746c6a56936c","reportUrl":"../1399//#testresult/b334746c6a56936c","status":"passed","time":{"start":1770478611004,"stop":1770478830761,"duration":219757}},{"uid":"e097506617d77601","reportUrl":"../1327//#testresult/e097506617d77601","status":"passed","time":{"start":1769873378034,"stop":1769873484255,"duration":106221}},{"uid":"5e6eb33a19f8d33e","reportUrl":"../1268//#testresult/5e6eb33a19f8d33e","status":"passed","time":{"start":1769268376852,"stop":1769268470154,"duration":93302}},{"uid":"f38d2e9bcd64c28e","reportUrl":"../1267//#testresult/f38d2e9bcd64c28e","status":"passed","time":{"start":1768663725551,"stop":1768663831577,"duration":106026}},{"uid":"17da677fea3b3283","reportUrl":"../1248//#testresult/17da677fea3b3283","status":"unknown","time":{}},{"uid":"4f0085637f18a573","reportUrl":"../1246//#testresult/4f0085637f18a573","status":"unknown","time":{}},{"uid":"5641393feb4d3e11","reportUrl":"../1245//#testresult/5641393feb4d3e11","status":"passed","time":{"start":1766849380698,"stop":1766849475211,"duration":94513}},{"uid":"186540ae6c0c487","reportUrl":"../1244//#testresult/186540ae6c0c487","status":"unknown","time":{}},{"uid":"a9a5ea91794bc3d5","reportUrl":"../1226//#testresult/a9a5ea91794bc3d5","status":"passed","time":{"start":1765639664655,"stop":1765639769319,"duration":104664}},{"uid":"b2bd868afcadab7f","reportUrl":"../1201//#testresult/b2bd868afcadab7f","status":"unknown","time":{}},{"uid":"67708b50b8016106","reportUrl":"../1197//#testresult/67708b50b8016106","status":"passed","time":{"start":1764430476117,"stop":1764430574591,"duration":98474}},{"uid":"201bad775ec1e461","reportUrl":"../1173//#testresult/201bad775ec1e461","status":"passed","time":{"start":1763972221945,"stop":1763972353589,"duration":131644}},{"uid":"8872a459c6cd7efb","reportUrl":"../1169//#testresult/8872a459c6cd7efb","status":"passed","time":{"start":1763964792582,"stop":1763964881424,"duration":88842}},{"uid":"1035e7301186375e","reportUrl":"../1159//#testresult/1035e7301186375e","status":"passed","time":{"start":1763707234730,"stop":1763707322325,"duration":87595}},{"uid":"de9d438169f5dc6e","reportUrl":"../1158//#testresult/de9d438169f5dc6e","status":"passed","time":{"start":1763557864424,"stop":1763557986415,"duration":121991}},{"uid":"74f8c130a399c3c6","reportUrl":"../1156//#testresult/74f8c130a399c3c6","status":"unknown","time":{}},{"uid":"a87273b49ebd34f9","reportUrl":"../1155//#testresult/a87273b49ebd34f9","status":"passed","time":{"start":1763547717993,"stop":1763547844897,"duration":126904}},{"uid":"6a341782b253b39d","reportUrl":"../1154//#testresult/6a341782b253b39d","status":"passed","time":{"start":1763547306842,"stop":1763547417579,"duration":110737}}]},"tags":[]},"source":"37b76dee0a9fb3b6.json","parameterValues":["'spring_boot_app'","'oauth2/authorization/oidc'"]}