15:34:29 [32mINFO[0m cli: juju deploy --model testing /home/runner/snap/juju/common/tmpk2nlekfc/_temp.charm fastapi-k8s --config non-optional-string=string --resource app-image=ghcr.io/canonical/fastapi-app:853629e0615e3c0514928511dab497800bd0f73f-_0.1_amd64
15:34:33 [32mINFO[0m cli: juju status --model testing --format json
15:34:33 [32mINFO[0m postgresql-k8s already deployed
15:34:33 [32mINFO[0m cli: juju integrate --model testing fastapi-k8s postgresql-k8s:database
15:34:33 [32mINFO[0m wait: status changed:
+ .model.name = 'testing'
+ .model.type = 'caas'
+ .model.controller = 'github-pr-fcc63-microk8s'
+ .model.cloud = 'microk8s'
+ .model.version = '3.6.14'
+ .model.region = 'localhost'
+ .model.model_status.current = 'available'
+ .apps['django-k8s'].charm = 'local:django-k8s-0'
+ .apps['django-k8s'].charm_origin = 'local'
+ .apps['django-k8s'].charm_name = 'django-k8s'
+ .apps['django-k8s'].charm_rev = 0
+ .apps['django-k8s'].exposed = False
+ .apps['django-k8s'].base.name = 'ubuntu'
+ .apps['django-k8s'].base.channel = '22.04'
+ .apps['django-k8s'].scale = 1
+ .apps['django-k8s'].provider_id = '3dc6c5cd-8561-459a-afc0-f3323ee57226'
+ .apps['django-k8s'].address = '10.152.183.162'
+ .apps['django-k8s'].app_status.current = 'active'
+ .apps['django-k8s'].relations['logging'][0].related_app = 'loki-k8s'
+ .apps['django-k8s'].relations['logging'][0].interface = 'loki_push_api'
+ .apps['django-k8s'].relations['logging'][0].scope = 'global'
+ .apps['django-k8s'].relations['postgresql'][0].related_app = 'postgresql-k8s'
+ .apps['django-k8s'].relations['postgresql'][0].interface = 'postgresql_client'
+ .apps['django-k8s'].relations['postgresql'][0].scope = 'global'
+ .apps['django-k8s'].relations['secret-storage'][0].related_app = 'django-k8s'
+ .apps['django-k8s'].relations['secret-storage'][0].interface = 'secret-storage'
+ .apps['django-k8s'].relations['secret-storage'][0].scope = 'global'
+ .apps['django-k8s'].units['django-k8s/0'].workload_status.current = 'active'
+ .apps['django-k8s'].units['django-k8s/0'].juju_status.current = 'idle'
+ .apps['django-k8s'].units['django-k8s/0'].juju_status.version = '3.6.14'
+ .apps['django-k8s'].units['django-k8s/0'].leader = True
+ .apps['django-k8s'].units['django-k8s/0'].address = '10.1.76.145'
+ .apps['django-k8s'].units['django-k8s/0'].provider_id = 'django-k8s-0'
+ .apps['django-k8s'].endpoint_bindings[''] = 'alpha'
+ .apps['django-k8s'].endpoint_bindings['grafana-dashboard'] = 'alpha'
+ .apps['django-k8s'].endpoint_bindings['http-proxy'] = 'alpha'
+ .apps['django-k8s'].endpoint_bindings['ingress'] = 'alpha'
+ .apps['django-k8s'].endpoint_bindings['logging'] = 'alpha'
+ .apps['django-k8s'].endpoint_bindings['metrics-endpoint'] = 'alpha'
+ .apps['django-k8s'].endpoint_bindings['oidc'] = 'alpha'
+ .apps['django-k8s'].endpoint_bindings['openfga'] = 'alpha'
+ .apps['django-k8s'].endpoint_bindings['postgresql'] = 'alpha'
+ .apps['django-k8s'].endpoint_bindings['secret-storage'] = 'alpha'
+ .apps['django-k8s'].endpoint_bindings['smtp'] = 'alpha'
+ .apps['django-k8s'].endpoint_bindings['tracing'] = 'alpha'
+ .apps['expressjs-k8s'].charm = 'local:expressjs-k8s-0'
+ .apps['expressjs-k8s'].charm_origin = 'local'
+ .apps['expressjs-k8s'].charm_name = 'expressjs-k8s'
+ .apps['expressjs-k8s'].charm_rev = 0
+ .apps['expressjs-k8s'].exposed = False
+ .apps['expressjs-k8s'].base.name = 'ubuntu'
+ .apps['expressjs-k8s'].base.channel = '24.04'
+ .apps['expressjs-k8s'].scale = 1
+ .apps['expressjs-k8s'].provider_id = 'dd728c5c-76fe-4e85-b5a9-3d64fee61ecf'
+ .apps['expressjs-k8s'].address = '10.152.183.163'
+ .apps['expressjs-k8s'].app_status.current = 'active'
+ .apps['expressjs-k8s'].relations['logging'][0].related_app = 'loki-k8s'
+ .apps['expressjs-k8s'].relations['logging'][0].interface = 'loki_push_api'
+ .apps['expressjs-k8s'].relations['logging'][0].scope = 'global'
+ .apps['expressjs-k8s'].relations['postgresql'][0].related_app = 'postgresql-k8s'
+ .apps['expressjs-k8s'].relations['postgresql'][0].interface = 'postgresql_client'
+ .apps['expressjs-k8s'].relations['postgresql'][0].scope = 'global'
+ .apps['expressjs-k8s'].relations['secret-storage'][0].related_app = 'expressjs-k8s'
+ .apps['expressjs-k8s'].relations['secret-storage'][0].interface = 'secret-storage'
+ .apps['expressjs-k8s'].relations['secret-storage'][0].scope = 'global'
+ .apps['expressjs-k8s'].units['expressjs-k8s/0'].workload_status.current = 'active'
+ .apps['expressjs-k8s'].units['expressjs-k8s/0'].juju_status.current = 'idle'
+ .apps['expressjs-k8s'].units['expressjs-k8s/0'].juju_status.version = '3.6.14'
+ .apps['expressjs-k8s'].units['expressjs-k8s/0'].leader = True
+ .apps['expressjs-k8s'].units['expressjs-k8s/0'].address = '10.1.76.149'
+ .apps['expressjs-k8s'].units['expressjs-k8s/0'].provider_id = 'expressjs-k8s-0'
+ .apps['expressjs-k8s'].endpoint_bindings[''] = 'alpha'
+ .apps['expressjs-k8s'].endpoint_bindings['grafana-dashboard'] = 'alpha'
+ .apps['expressjs-k8s'].endpoint_bindings['http-proxy'] = 'alpha'
+ .apps['expressjs-k8s'].endpoint_bindings['ingress'] = 'alpha'
+ .apps['expressjs-k8s'].endpoint_bindings['logging'] = 'alpha'
+ .apps['expressjs-k8s'].endpoint_bindings['metrics-endpoint'] = 'alpha'
+ .apps['expressjs-k8s'].endpoint_bindings['oidc'] = 'alpha'
+ .apps['expressjs-k8s'].endpoint_bindings['openfga'] = 'alpha'
+ .apps['expressjs-k8s'].endpoint_bindings['postgresql'] = 'alpha'
+ .apps['expressjs-k8s'].endpoint_bindings['secret-storage'] = 'alpha'
+ .apps['expressjs-k8s'].endpoint_bindings['smtp'] = 'alpha'
+ .apps['expressjs-k8s'].endpoint_bindings['tracing'] = 'alpha'
+ .apps['fastapi-k8s'].charm = 'local:fastapi-k8s-0'
+ .apps['fastapi-k8s'].charm_origin = 'local'
+ .apps['fastapi-k8s'].charm_name = 'fastapi-k8s'
+ .apps['fastapi-k8s'].charm_rev = 0
+ .apps['fastapi-k8s'].exposed = False
+ .apps['fastapi-k8s'].base.name = 'ubuntu'
+ .apps['fastapi-k8s'].base.channel = '24.04'
+ .apps['fastapi-k8s'].scale = 1
+ .apps['fastapi-k8s'].app_status.current = 'waiting'
+ .apps['fastapi-k8s'].app_status.message = 'installing agent'
+ .apps['fastapi-k8s'].relations['postgresql'][0].related_app = 'postgresql-k8s'
+ .apps['fastapi-k8s'].relations['postgresql'][0].interface = 'postgresql_client'
+ .apps['fastapi-k8s'].relations['postgresql'][0].scope = 'global'
+ .apps['fastapi-k8s'].relations['secret-storage'][0].related_app = 'fastapi-k8s'
+ .apps['fastapi-k8s'].relations['secret-storage'][0].interface = 'secret-storage'
+ .apps['fastapi-k8s'].relations['secret-storage'][0].scope = 'global'
+ .apps['fastapi-k8s'].units['fastapi-k8s/0'].workload_status.current = 'waiting'
+ .apps['fastapi-k8s'].units['fastapi-k8s/0'].workload_status.message = 'installing agent'
+ .apps['fastapi-k8s'].units['fastapi-k8s/0'].juju_status.current = 'allocating'
+ .apps['fastapi-k8s'].endpoint_bindings[''] = 'alpha'
+ .apps['fastapi-k8s'].endpoint_bindings['grafana-dashboard'] = 'alpha'
+ .apps['fastapi-k8s'].endpoint_bindings['http-proxy'] = 'alpha'
+ .apps['fastapi-k8s'].endpoint_bindings['ingress'] = 'alpha'
+ .apps['fastapi-k8s'].endpoint_bindings['logging'] = 'alpha'
+ .apps['fastapi-k8s'].endpoint_bindings['metrics-endpoint'] = 'alpha'
+ .apps['fastapi-k8s'].endpoint_bindings['oidc'] = 'alpha'
+ .apps['fastapi-k8s'].endpoint_bindings['openfga'] = 'alpha'
+ .apps['fastapi-k8s'].endpoint_bindings['postgresql'] = 'alpha'
+ .apps['fastapi-k8s'].endpoint_bindings['secret-storage'] = 'alpha'
+ .apps['fastapi-k8s'].endpoint_bindings['smtp'] = 'alpha'
+ .apps['fastapi-k8s'].endpoint_bindings['tracing'] = 'alpha'
+ .apps['flask-k8s'].charm = 'local:flask-k8s-0'
+ .apps['flask-k8s'].charm_origin = 'local'
+ .apps['flask-k8s'].charm_name = 'flask-k8s'
+ .apps['flask-k8s'].charm_rev = 0
+ .apps['flask-k8s'].exposed = False
+ .apps['flask-k8s'].base.name = 'ubuntu'
+ .apps['flask-k8s'].base.channel = '22.04'
+ .apps['flask-k8s'].scale = 1
+ .apps['flask-k8s'].provider_id = 'aee8f94e-44d3-437e-9356-99a32eb63cee'
+ .apps['flask-k8s'].address = '10.152.183.37'
+ .apps['flask-k8s'].app_status.current = 'active'
+ .apps['flask-k8s'].relations['logging'][0].related_app = 'loki-k8s'
+ .apps['flask-k8s'].relations['logging'][0].interface = 'loki_push_api'
+ .apps['flask-k8s'].relations['logging'][0].scope = 'global'
+ .apps['flask-k8s'].relations['secret-storage'][0].related_app = 'flask-k8s'
+ .apps['flask-k8s'].relations['secret-storage'][0].interface = 'secret-storage'
+ .apps['flask-k8s'].relations['secret-storage'][0].scope = 'global'
+ .apps['flask-k8s'].units['flask-k8s/0'].workload_status.current = 'active'
+ .apps['flask-k8s'].units['flask-k8s/0'].juju_status.current = 'idle'
+ .apps['flask-k8s'].units['flask-k8s/0'].juju_status.version = '3.6.14'
+ .apps['flask-k8s'].units['flask-k8s/0'].leader = True
+ .apps['flask-k8s'].units['flask-k8s/0'].address = '10.1.76.143'
+ .apps['flask-k8s'].units['flask-k8s/0'].provider_id = 'flask-k8s-0'
+ .apps['flask-k8s'].endpoint_bindings[''] = 'alpha'
+ .apps['flask-k8s'].endpoint_bindings['grafana-dashboard'] = 'alpha'
+ .apps['flask-k8s'].endpoint_bindings['http-proxy'] = 'alpha'
+ .apps['flask-k8s'].endpoint_bindings['ingress'] = 'alpha'
+ .apps['flask-k8s'].endpoint_bindings['logging'] = 'alpha'
+ .apps['flask-k8s'].endpoint_bindings['metrics-endpoint'] = 'alpha'
+ .apps['flask-k8s'].endpoint_bindings['mongodb'] = 'alpha'
+ .apps['flask-k8s'].endpoint_bindings['mysql'] = 'alpha'
+ .apps['flask-k8s'].endpoint_bindings['oidc'] = 'alpha'
+ .apps['flask-k8s'].endpoint_bindings['openfga'] = 'alpha'
+ .apps['flask-k8s'].endpoint_bindings['postgresql'] = 'alpha'
+ .apps['flask-k8s'].endpoint_bindings['rabbitmq'] = 'alpha'
+ .apps['flask-k8s'].endpoint_bindings['redis'] = 'alpha'
+ .apps['flask-k8s'].endpoint_bindings['s3'] = 'alpha'
+ .apps['flask-k8s'].endpoint_bindings['saml'] = 'alpha'
+ .apps['flask-k8s'].endpoint_bindings['secret-storage'] = 'alpha'
+ .apps['flask-k8s'].endpoint_bindings['smtp'] = 'alpha'
+ .apps['flask-k8s'].endpoint_bindings['tracing'] = 'alpha'
+ .apps['go-k8s'].charm = 'local:go-k8s-0'
+ .apps['go-k8s'].charm_origin = 'local'
+ .apps['go-k8s'].charm_name = 'go-k8s'
+ .apps['go-k8s'].charm_rev = 0
+ .apps['go-k8s'].exposed = False
+ .apps['go-k8s'].base.name = 'ubuntu'
+ .apps['go-k8s'].base.channel = '24.04'
+ .apps['go-k8s'].scale = 1
+ .apps['go-k8s'].provider_id = '09508dc8-743f-4425-a8f4-c2fe38b91c4e'
+ .apps['go-k8s'].address = '10.152.183.174'
+ .apps['go-k8s'].app_status.current = 'active'
+ .apps['go-k8s'].relations['logging'][0].related_app = 'loki-k8s'
+ .apps['go-k8s'].relations['logging'][0].interface = 'loki_push_api'
+ .apps['go-k8s'].relations['logging'][0].scope = 'global'
+ .apps['go-k8s'].relations['postgresql'][0].related_app = 'postgresql-k8s'
+ .apps['go-k8s'].relations['postgresql'][0].interface = 'postgresql_client'
+ .apps['go-k8s'].relations['postgresql'][0].scope = 'global'
+ .apps['go-k8s'].relations['secret-storage'][0].related_app = 'go-k8s'
+ .apps['go-k8s'].relations['secret-storage'][0].interface = 'secret-storage'
+ .apps['go-k8s'].relations['secret-storage'][0].scope = 'global'
+ .apps['go-k8s'].units['go-k8s/0'].workload_status.current = 'active'
+ .apps['go-k8s'].units['go-k8s/0'].juju_status.current = 'idle'
+ .apps['go-k8s'].units['go-k8s/0'].juju_status.version = '3.6.14'
+ .apps['go-k8s'].units['go-k8s/0'].leader = True
+ .apps['go-k8s'].units['go-k8s/0'].address = '10.1.76.150'
+ .apps['go-k8s'].units['go-k8s/0'].provider_id = 'go-k8s-0'
+ .apps['go-k8s'].endpoint_bindings[''] = 'alpha'
+ .apps['go-k8s'].endpoint_bindings['grafana-dashboard'] = 'alpha'
+ .apps['go-k8s'].endpoint_bindings['http-proxy'] = 'alpha'
+ .apps['go-k8s'].endpoint_bindings['ingress'] = 'alpha'
+ .apps['go-k8s'].endpoint_bindings['logging'] = 'alpha'
+ .apps['go-k8s'].endpoint_bindings['metrics-endpoint'] = 'alpha'
+ .apps['go-k8s'].endpoint_bindings['oidc'] = 'alpha'
+ .apps['go-k8s'].endpoint_bindings['openfga'] = 'alpha'
+ .apps['go-k8s'].endpoint_bindings['postgresql'] = 'alpha'
+ .apps['go-k8s'].endpoint_bindings['secret-storage'] = 'alpha'
+ .apps['go-k8s'].endpoint_bindings['smtp'] = 'alpha'
+ .apps['go-k8s'].endpoint_bindings['tracing'] = 'alpha'
+ .apps['loki-k8s'].charm = 'loki-k8s'
+ .apps['loki-k8s'].charm_origin = 'charmhub'
+ .apps['loki-k8s'].charm_name = 'loki-k8s'
+ .apps['loki-k8s'].charm_rev = 199
+ .apps['loki-k8s'].exposed = False
+ .apps['loki-k8s'].base.name = 'ubuntu'
+ .apps['loki-k8s'].base.channel = '20.04'
+ .apps['loki-k8s'].charm_channel = '1/stable'
+ .apps['loki-k8s'].charm_version = 'eca6385'
+ .apps['loki-k8s'].scale = 1
+ .apps['loki-k8s'].provider_id = 'b0890ff3-19ff-40de-82d3-2391754152b3'
+ .apps['loki-k8s'].address = '10.152.183.228'
+ .apps['loki-k8s'].app_status.current = 'active'
+ .apps['loki-k8s'].relations['logging'][0].related_app = 'django-k8s'
+ .apps['loki-k8s'].relations['logging'][0].interface = 'loki_push_api'
+ .apps['loki-k8s'].relations['logging'][0].scope = 'global'
+ .apps['loki-k8s'].relations['logging'][1].related_app = 'expressjs-k8s'
+ .apps['loki-k8s'].relations['logging'][1].interface = 'loki_push_api'
+ .apps['loki-k8s'].relations['logging'][1].scope = 'global'
+ .apps['loki-k8s'].relations['logging'][2].related_app = 'flask-k8s'
+ .apps['loki-k8s'].relations['logging'][2].interface = 'loki_push_api'
+ .apps['loki-k8s'].relations['logging'][2].scope = 'global'
+ .apps['loki-k8s'].relations['logging'][3].related_app = 'go-k8s'
+ .apps['loki-k8s'].relations['logging'][3].interface = 'loki_push_api'
+ .apps['loki-k8s'].relations['logging'][3].scope = 'global'
+ .apps['loki-k8s'].relations['logging'][4].related_app = 'spring-boot-k8s'
+ .apps['loki-k8s'].relations['logging'][4].interface = 'loki_push_api'
+ .apps['loki-k8s'].relations['logging'][4].scope = 'global'
+ .apps['loki-k8s'].relations['replicas'][0].related_app = 'loki-k8s'
+ .apps['loki-k8s'].relations['replicas'][0].interface = 'loki_replica'
+ .apps['loki-k8s'].relations['replicas'][0].scope = 'global'
+ .apps['loki-k8s'].units['loki-k8s/0'].workload_status.current = 'active'
+ .apps['loki-k8s'].units['loki-k8s/0'].juju_status.current = 'idle'
+ .apps['loki-k8s'].units['loki-k8s/0'].juju_status.version = '3.6.14'
+ .apps['loki-k8s'].units['loki-k8s/0'].leader = True
+ .apps['loki-k8s'].units['loki-k8s/0'].address = '10.1.76.144'
+ .apps['loki-k8s'].units['loki-k8s/0'].provider_id = 'loki-k8s-0'
+ .apps['loki-k8s'].version = '2.9.6'
+ .apps['loki-k8s'].endpoint_bindings[''] = 'alpha'
+ .apps['loki-k8s'].endpoint_bindings['alertmanager'] = 'alpha'
+ .apps['loki-k8s'].endpoint_bindings['catalogue'] = 'alpha'
+ .apps['loki-k8s'].endpoint_bindings['certificates'] = 'alpha'
+ .apps['loki-k8s'].endpoint_bindings['charm-tracing'] = 'alpha'
+ .apps['loki-k8s'].endpoint_bindings['grafana-dashboard'] = 'alpha'
+ .apps['loki-k8s'].endpoint_bindings['grafana-source'] = 'alpha'
+ .apps['loki-k8s'].endpoint_bindings['ingress'] = 'alpha'
+ .apps['loki-k8s'].endpoint_bindings['logging'] = 'alpha'
+ .apps['loki-k8s'].endpoint_bindings['metrics-endpoint'] = 'alpha'
+ .apps['loki-k8s'].endpoint_bindings['replicas'] = 'alpha'
+ .apps['loki-k8s'].endpoint_bindings['send-datasource'] = 'alpha'
+ .apps['loki-k8s'].endpoint_bindings['workload-tracing'] = 'alpha'
+ .apps['postgresql-k8s'].charm = 'postgresql-k8s'
+ .apps['postgresql-k8s'].charm_origin = 'charmhub'
+ .apps['postgresql-k8s'].charm_name = 'postgresql-k8s'
+ .apps['postgresql-k8s'].charm_rev = 736
+ .apps['postgresql-k8s'].exposed = False
+ .apps['postgresql-k8s'].base.name = 'ubuntu'
+ .apps['postgresql-k8s'].base.channel = '22.04'
+ .apps['postgresql-k8s'].charm_channel = '14/edge'
+ .apps['postgresql-k8s'].scale = 1
+ .apps['postgresql-k8s'].provider_id = '95796b97-ad54-4f95-bc62-f03a5036691e'
+ .apps['postgresql-k8s'].address = '10.152.183.175'
+ .apps['postgresql-k8s'].app_status.current = 'active'
+ .apps['postgresql-k8s'].relations['database'][0].related_app = 'django-k8s'
+ .apps['postgresql-k8s'].relations['database'][0].interface = 'postgresql_client'
+ .apps['postgresql-k8s'].relations['database'][0].scope = 'global'
+ .apps['postgresql-k8s'].relations['database'][1].related_app = 'expressjs-k8s'
+ .apps['postgresql-k8s'].relations['database'][1].interface = 'postgresql_client'
+ .apps['postgresql-k8s'].relations['database'][1].scope = 'global'
+ .apps['postgresql-k8s'].relations['database'][2].related_app = 'fastapi-k8s'
+ .apps['postgresql-k8s'].relations['database'][2].interface = 'postgresql_client'
+ .apps['postgresql-k8s'].relations['database'][2].scope = 'global'
+ .apps['postgresql-k8s'].relations['database'][3].related_app = 'go-k8s'
+ .apps['postgresql-k8s'].relations['database'][3].interface = 'postgresql_client'
+ .apps['postgresql-k8s'].relations['database'][3].scope = 'global'
+ .apps['postgresql-k8s'].relations['database'][4].related_app = 'spring-boot-k8s'
+ .apps['postgresql-k8s'].relations['database'][4].interface = 'postgresql_client'
+ .apps['postgresql-k8s'].relations['database'][4].scope = 'global'
+ .apps['postgresql-k8s'].relations['database-peers'][0].related_app = 'postgresql-k8s'
+ .apps['postgresql-k8s'].relations['database-peers'][0].interface = 'postgresql_peers'
+ .apps['postgresql-k8s'].relations['database-peers'][0].scope = 'global'
+ .apps['postgresql-k8s'].relations['restart'][0].related_app = 'postgresql-k8s'
+ .apps['postgresql-k8s'].relations['restart'][0].interface = 'rolling_op'
+ .apps['postgresql-k8s'].relations['restart'][0].scope = 'global'
+ .apps['postgresql-k8s'].relations['upgrade'][0].related_app = 'postgresql-k8s'
+ .apps['postgresql-k8s'].relations['upgrade'][0].interface = 'upgrade'
+ .apps['postgresql-k8s'].relations['upgrade'][0].scope = 'global'
+ .apps['postgresql-k8s'].units['postgresql-k8s/0'].workload_status.current = 'active'
+ .apps['postgresql-k8s'].units['postgresql-k8s/0'].workload_status.message = 'Primary'
+ .apps['postgresql-k8s'].units['postgresql-k8s/0'].juju_status.current = 'executing'
+ .apps['postgresql-k8s'].units['postgresql-k8s/0'].juju_status.message = 'running database-relation-created hook'
+ .apps['postgresql-k8s'].units['postgresql-k8s/0'].juju_status.version = '3.6.14'
+ .apps['postgresql-k8s'].units['postgresql-k8s/0'].leader = True
+ .apps['postgresql-k8s'].units['postgresql-k8s/0'].address = '10.1.76.147'
+ .apps['postgresql-k8s'].units['postgresql-k8s/0'].provider_id = 'postgresql-k8s-0'
+ .apps['postgresql-k8s'].version = '14.20'
+ .apps['postgresql-k8s'].endpoint_bindings[''] = 'alpha'
+ .apps['postgresql-k8s'].endpoint_bindings['certificates'] = 'alpha'
+ .apps['postgresql-k8s'].endpoint_bindings['database'] = 'alpha'
+ .apps['postgresql-k8s'].endpoint_bindings['database-peers'] = 'alpha'
+ .apps['postgresql-k8s'].endpoint_bindings['db'] = 'alpha'
+ .apps['postgresql-k8s'].endpoint_bindings['db-admin'] = 'alpha'
+ .apps['postgresql-k8s'].endpoint_bindings['grafana-dashboard'] = 'alpha'
+ .apps['postgresql-k8s'].endpoint_bindings['ldap'] = 'alpha'
+ .apps['postgresql-k8s'].endpoint_bindings['logging'] = 'alpha'
+ .apps['postgresql-k8s'].endpoint_bindings['metrics-endpoint'] = 'alpha'
+ .apps['postgresql-k8s'].endpoint_bindings['receive-ca-cert'] = 'alpha'
+ .apps['postgresql-k8s'].endpoint_bindings['replication'] = 'alpha'
+ .apps['postgresql-k8s'].endpoint_bindings['replication-offer'] = 'alpha'
+ .apps['postgresql-k8s'].endpoint_bindings['restart'] = 'alpha'
+ .apps['postgresql-k8s'].endpoint_bindings['s3-parameters'] = 'alpha'
+ .apps['postgresql-k8s'].endpoint_bindings['tracing'] = 'alpha'
+ .apps['postgresql-k8s'].endpoint_bindings['upgrade'] = 'alpha'
+ .apps['spring-boot-k8s'].charm = 'local:spring-boot-k8s-0'
+ .apps['spring-boot-k8s'].charm_origin = 'local'
+ .apps['spring-boot-k8s'].charm_name = 'spring-boot-k8s'
+ .apps['spring-boot-k8s'].charm_rev = 0
+ .apps['spring-boot-k8s'].exposed = False
+ .apps['spring-boot-k8s'].base.name = 'ubuntu'
+ .apps['spring-boot-k8s'].base.channel = '24.04'
+ .apps['spring-boot-k8s'].scale = 1
+ .apps['spring-boot-k8s'].provider_id = 'a3af2af5-b296-43ef-b59a-a9e6587e6087'
+ .apps['spring-boot-k8s'].address = '10.152.183.224'
+ .apps['spring-boot-k8s'].app_status.current = 'active'
+ .apps['spring-boot-k8s'].relations['logging'][0].related_app = 'loki-k8s'
+ .apps['spring-boot-k8s'].relations['logging'][0].interface = 'loki_push_api'
+ .apps['spring-boot-k8s'].relations['logging'][0].scope = 'global'
+ .apps['spring-boot-k8s'].relations['postgresql'][0].related_app = 'postgresql-k8s'
+ .apps['spring-boot-k8s'].relations['postgresql'][0].interface = 'postgresql_client'
+ .apps['spring-boot-k8s'].relations['postgresql'][0].scope = 'global'
+ .apps['spring-boot-k8s'].relations['secret-storage'][0].related_app = 'spring-boot-k8s'
+ .apps['spring-boot-k8s'].relations['secret-storage'][0].interface = 'secret-storage'
+ .apps['spring-boot-k8s'].relations['secret-storage'][0].scope = 'global'
+ .apps['spring-boot-k8s'].units['spring-boot-k8s/0'].workload_status.current = 'active'
+ .apps['spring-boot-k8s'].units['spring-boot-k8s/0'].juju_status.current = 'idle'
+ .apps['spring-boot-k8s'].units['spring-boot-k8s/0'].juju_status.version = '3.6.14'
+ .apps['spring-boot-k8s'].units['spring-boot-k8s/0'].leader = True
+ .apps['spring-boot-k8s'].units['spring-boot-k8s/0'].address = '10.1.76.148'
+ .apps['spring-boot-k8s'].units['spring-boot-k8s/0'].provider_id = 'spring-boot-k8s-0'
+ .apps['spring-boot-k8s'].endpoint_bindings[''] = 'alpha'
+ .apps['spring-boot-k8s'].endpoint_bindings['grafana-dashboard'] = 'alpha'
+ .apps['spring-boot-k8s'].endpoint_bindings['http-proxy'] = 'alpha'
+ .apps['spring-boot-k8s'].endpoint_bindings['ingress'] = 'alpha'
+ .apps['spring-boot-k8s'].endpoint_bindings['logging'] = 'alpha'
+ .apps['spring-boot-k8s'].endpoint_bindings['metrics-endpoint'] = 'alpha'
+ .apps['spring-boot-k8s'].endpoint_bindings['mongodb'] = 'alpha'
+ .apps['spring-boot-k8s'].endpoint_bindings['mysql'] = 'alpha'
+ .apps['spring-boot-k8s'].endpoint_bindings['oidc'] = 'alpha'
+ .apps['spring-boot-k8s'].endpoint_bindings['openfga'] = 'alpha'
+ .apps['spring-boot-k8s'].endpoint_bindings['postgresql'] = 'alpha'
+ .apps['spring-boot-k8s'].endpoint_bindings['rabbitmq'] = 'alpha'
+ .apps['spring-boot-k8s'].endpoint_bindings['redis'] = 'alpha'
+ .apps['spring-boot-k8s'].endpoint_bindings['s3'] = 'alpha'
+ .apps['spring-boot-k8s'].endpoint_bindings['saml'] = 'alpha'
+ .apps['spring-boot-k8s'].endpoint_bindings['secret-storage'] = 'alpha'
+ .apps['spring-boot-k8s'].endpoint_bindings['smtp'] = 'alpha'
+ .apps['spring-boot-k8s'].endpoint_bindings['tracing'] = 'alpha'
+ .storage.storage['active-index-directory/0'].kind = 'filesystem'
+ .storage.storage['active-index-directory/0'].status.current = 'attached'
+ .storage.storage['active-index-directory/0'].status.message = 'Successfully provisioned volume pvc-98684327-2251-4c7c-aff4-898bde176962'
+ .storage.storage['active-index-directory/0'].persistent = False
+ .storage.storage['active-index-directory/0'].life = 'alive'
+ .storage.storage['active-index-directory/0'].attachments.units['loki-k8s/0'].life = 'alive'
+ .storage.storage['loki-chunks/1'].kind = 'filesystem'
+ .storage.storage['loki-chunks/1'].status.current = 'attached'
+ .storage.storage['loki-chunks/1'].status.message = 'Successfully provisioned volume pvc-7dc0f553-2d37-42f3-aa38-7c243c914694'
+ .storage.storage['loki-chunks/1'].persistent = False
+ .storage.storage['loki-chunks/1'].life = 'alive'
+ .storage.storage['loki-chunks/1'].attachments.units['loki-k8s/0'].life = 'alive'
+ .storage.storage['pgdata/2'].kind = 'filesystem'
+ .storage.storage['pgdata/2'].status.current = 'attached'
+ .storage.storage['pgdata/2'].persistent = False
+ .storage.storage['pgdata/2'].life = 'alive'
+ .storage.storage['pgdata/2'].attachments.units['postgresql-k8s/0'].life = 'alive'
+ .storage.filesystems['0'].size = 1024
+ .storage.filesystems['0'].provider_id = '98684327-2251-4c7c-aff4-898bde176962'
+ .storage.filesystems['0'].volume = '0'
+ .storage.filesystems['0'].storage = 'active-index-directory/0'
+ .storage.filesystems['0'].attachments.containers['loki-k8s/0'].mount_point = '/var/lib/juju/storage/active-index-directory/0'
+ .storage.filesystems['0'].attachments.containers['loki-k8s/0'].read_only = False
+ .storage.filesystems['0'].attachments.containers['loki-k8s/0'].life = 'alive'
+ .storage.filesystems['0'].attachments.units['loki-k8s/0'].life = 'alive'
+ .storage.filesystems['0'].pool = 'kubernetes'
+ .storage.filesystems['0'].life = 'alive'
+ .storage.filesystems['0'].status.current = 'attached'
+ .storage.filesystems['0'].status.message = 'Successfully provisioned volume pvc-98684327-2251-4c7c-aff4-898bde176962'
+ .storage.filesystems['1'].size = 1024
+ .storage.filesystems['1'].provider_id = '7dc0f553-2d37-42f3-aa38-7c243c914694'
+ .storage.filesystems['1'].volume = '1'
+ .storage.filesystems['1'].storage = 'loki-chunks/1'
+ .storage.filesystems['1'].attachments.containers['loki-k8s/0'].mount_point = '/var/lib/juju/storage/loki-chunks/0'
+ .storage.filesystems['1'].attachments.containers['loki-k8s/0'].read_only = False
+ .storage.filesystems['1'].attachments.containers['loki-k8s/0'].life = 'alive'
+ .storage.filesystems['1'].attachments.units['loki-k8s/0'].life = 'alive'
+ .storage.filesystems['1'].pool = 'kubernetes'
+ .storage.filesystems['1'].life = 'alive'
+ .storage.filesystems['1'].status.current = 'attached'
+ .storage.filesystems['1'].status.message = 'Successfully provisioned volume pvc-7dc0f553-2d37-42f3-aa38-7c243c914694'
+ .storage.filesystems['2'].size = 1024
+ .storage.filesystems['2'].provider_id = '1790f53e-a8b9-46f9-8e0f-5175dfa6f0df'
+ .storage.filesystems['2'].volume = '2'
+ .storage.filesystems['2'].storage = 'pgdata/2'
+ .storage.filesystems['2'].attachments.containers['postgresql-k8s/0'].mount_point = '/var/lib/postgresql/data'
+ .storage.filesystems['2'].attachments.containers['postgresql-k8s/0'].read_only = False
+ .storage.filesystems['2'].attachments.containers['postgresql-k8s/0'].life = 'alive'
+ .storage.filesystems['2'].attachments.units['postgresql-k8s/0'].life = 'alive'
+ .storage.filesystems['2'].pool = 'kubernetes'
+ .storage.filesystems['2'].life = 'alive'
+ .storage.filesystems['2'].status.current = 'attached'
+ .storage.volumes['0'].size = 1024
+ .storage.volumes['0'].persistent = True
+ .storage.volumes['0'].provider_id = 'pvc-98684327-2251-4c7c-aff4-898bde176962'
+ .storage.volumes['0'].storage = 'active-index-directory/0'
+ .storage.volumes['0'].attachments.containers['loki-k8s/0'].read_only = False
+ .storage.volumes['0'].attachments.containers['loki-k8s/0'].life = 'alive'
+ .storage.volumes['0'].attachments.units['loki-k8s/0'].life = 'alive'
+ .storage.volumes['0'].pool = 'kubernetes'
+ .storage.volumes['0'].life = 'alive'
+ .storage.volumes['0'].status.current = 'attached'
+ .storage.volumes['1'].size = 1024
+ .storage.volumes['1'].persistent = True
+ .storage.volumes['1'].provider_id = 'pvc-7dc0f553-2d37-42f3-aa38-7c243c914694'
+ .storage.volumes['1'].storage = 'loki-chunks/1'
+ .storage.volumes['1'].attachments.containers['loki-k8s/0'].read_only = False
+ .storage.volumes['1'].attachments.containers['loki-k8s/0'].life = 'alive'
+ .storage.volumes['1'].attachments.units['loki-k8s/0'].life = 'alive'
+ .storage.volumes['1'].pool = 'kubernetes'
+ .storage.volumes['1'].life = 'alive'
+ .storage.volumes['1'].status.current = 'attached'
+ .storage.volumes['2'].size = 1024
+ .storage.volumes['2'].persistent = True
+ .storage.volumes['2'].provider_id = 'pvc-1790f53e-a8b9-46f9-8e0f-5175dfa6f0df'
+ .storage.volumes['2'].storage = 'pgdata/2'
+ .storage.volumes['2'].attachments.containers['postgresql-k8s/0'].read_only = False
+ .storage.volumes['2'].attachments.containers['postgresql-k8s/0'].life = 'alive'
+ .storage.volumes['2'].attachments.units['postgresql-k8s/0'].life = 'alive'
+ .storage.volumes['2'].pool = 'kubernetes'
+ .storage.volumes['2'].life = 'alive'
+ .storage.volumes['2'].status.current = 'attached'
15:34:35 [32mINFO[0m wait: status changed:
- .apps['postgresql-k8s'].units['postgresql-k8s/0'].juju_status.current = 'executing'
- .apps['postgresql-k8s'].units['postgresql-k8s/0'].juju_status.message = 'running database-relation-created hook'
+ .apps['postgresql-k8s'].units['postgresql-k8s/0'].juju_status.current = 'idle'
15:34:38 [32mINFO[0m wait: status changed:
+ .apps['fastapi-k8s'].provider_id = '61aabc23-ddc2-4541-b4f3-94b4a9a40078'
+ .apps['fastapi-k8s'].address = '10.152.183.33'
+ .apps['fastapi-k8s'].units['fastapi-k8s/0'].provider_id = 'fastapi-k8s-0'
15:34:40 [32mINFO[0m wait: status changed:
- .apps['fastapi-k8s'].app_status.message = 'installing agent'
+ .apps['fastapi-k8s'].app_status.message = 'agent initialising'
- .apps['fastapi-k8s'].units['fastapi-k8s/0'].workload_status.message = 'installing agent'
+ .apps['fastapi-k8s'].units['fastapi-k8s/0'].workload_status.message = 'agent initialising'
+ .apps['fastapi-k8s'].units['fastapi-k8s/0'].juju_status.version = '3.6.14'
+ .apps['fastapi-k8s'].units['fastapi-k8s/0'].leader = True
+ .apps['fastapi-k8s'].units['fastapi-k8s/0'].address = '10.1.76.151'
15:34:42 [32mINFO[0m wait: status changed:
- .apps['fastapi-k8s'].app_status.current = 'waiting'
- .apps['fastapi-k8s'].app_status.message = 'agent initialising'
+ .apps['fastapi-k8s'].app_status.current = 'maintenance'
+ .apps['fastapi-k8s'].app_status.message = 'installing charm software'
- .apps['fastapi-k8s'].units['fastapi-k8s/0'].workload_status.current = 'waiting'
- .apps['fastapi-k8s'].units['fastapi-k8s/0'].workload_status.message = 'agent initialising'
- .apps['fastapi-k8s'].units['fastapi-k8s/0'].juju_status.current = 'allocating'
+ .apps['fastapi-k8s'].units['fastapi-k8s/0'].workload_status.current = 'maintenance'
+ .apps['fastapi-k8s'].units['fastapi-k8s/0'].workload_status.message = 'installing charm software'
+ .apps['fastapi-k8s'].units['fastapi-k8s/0'].juju_status.current = 'executing'
+ .apps['fastapi-k8s'].units['fastapi-k8s/0'].juju_status.message = 'running install hook'
15:34:44 [32mINFO[0m wait: status changed:
- .apps['fastapi-k8s'].units['fastapi-k8s/0'].juju_status.message = 'running install hook'
+ .apps['fastapi-k8s'].units['fastapi-k8s/0'].juju_status.message = 'running postgresql-relation-created hook'
- .apps['postgresql-k8s'].units['postgresql-k8s/0'].juju_status.current = 'idle'
+ .apps['postgresql-k8s'].units['postgresql-k8s/0'].juju_status.current = 'executing'
+ .apps['postgresql-k8s'].units['postgresql-k8s/0'].juju_status.message = 'running database-relation-joined hook for fastapi-k8s/0'
15:34:45 [32mINFO[0m wait: status changed:
- .apps['fastapi-k8s'].units['fastapi-k8s/0'].juju_status.message = 'running postgresql-relation-created hook'
+ .apps['fastapi-k8s'].units['fastapi-k8s/0'].juju_status.message = 'running secret-storage-relation-created hook'
15:34:47 [32mINFO[0m wait: status changed:
- .apps['fastapi-k8s'].units['fastapi-k8s/0'].juju_status.message = 'running secret-storage-relation-created hook'
+ .apps['fastapi-k8s'].units['fastapi-k8s/0'].juju_status.message = 'running config-changed hook'
- .apps['postgresql-k8s'].units['postgresql-k8s/0'].juju_status.message = 'running database-relation-joined hook for fastapi-k8s/0'
+ .apps['postgresql-k8s'].units['postgresql-k8s/0'].juju_status.message = 'running database-relation-changed hook for fastapi-k8s/0'
15:34:48 [32mINFO[0m wait: status changed:
- .apps['fastapi-k8s'].app_status.current = 'maintenance'
- .apps['fastapi-k8s'].app_status.message = 'installing charm software'
+ .apps['fastapi-k8s'].app_status.current = 'waiting'
+ .apps['fastapi-k8s'].app_status.message = 'Waiting for pebble ready'
- .apps['fastapi-k8s'].units['fastapi-k8s/0'].workload_status.current = 'maintenance'
- .apps['fastapi-k8s'].units['fastapi-k8s/0'].workload_status.message = 'installing charm software'
+ .apps['fastapi-k8s'].units['fastapi-k8s/0'].workload_status.current = 'waiting'
+ .apps['fastapi-k8s'].units['fastapi-k8s/0'].workload_status.message = 'Waiting for pebble ready'
- .apps['fastapi-k8s'].units['fastapi-k8s/0'].juju_status.message = 'running config-changed hook'
+ .apps['fastapi-k8s'].units['fastapi-k8s/0'].juju_status.message = 'running start hook'
15:34:49 [32mINFO[0m wait: status changed:
- .apps['fastapi-k8s'].units['fastapi-k8s/0'].juju_status.message = 'running start hook'
+ .apps['fastapi-k8s'].units['fastapi-k8s/0'].juju_status.message = 'running postgresql-relation-joined hook for postgresql-k8s/0'
15:34:51 [32mINFO[0m wait: status changed:
- .apps['fastapi-k8s'].app_status.current = 'waiting'
- .apps['fastapi-k8s'].app_status.message = 'Waiting for pebble ready'
+ .apps['fastapi-k8s'].app_status.current = 'maintenance'
+ .apps['fastapi-k8s'].app_status.message = 'Preparing service for restart'
- .apps['fastapi-k8s'].units['fastapi-k8s/0'].workload_status.current = 'waiting'
- .apps['fastapi-k8s'].units['fastapi-k8s/0'].workload_status.message = 'Waiting for pebble ready'
+ .apps['fastapi-k8s'].units['fastapi-k8s/0'].workload_status.current = 'maintenance'
+ .apps['fastapi-k8s'].units['fastapi-k8s/0'].workload_status.message = 'Preparing service for restart'
- .apps['fastapi-k8s'].units['fastapi-k8s/0'].juju_status.message = 'running postgresql-relation-joined hook for postgresql-k8s/0'
+ .apps['fastapi-k8s'].units['fastapi-k8s/0'].juju_status.message = 'running app-pebble-ready hook'
15:34:52 [32mINFO[0m wait: status changed:
- .apps['fastapi-k8s'].units['fastapi-k8s/0'].juju_status.current = 'executing'
- .apps['fastapi-k8s'].units['fastapi-k8s/0'].juju_status.message = 'running app-pebble-ready hook'
+ .apps['fastapi-k8s'].units['fastapi-k8s/0'].juju_status.current = 'idle'
- .apps['postgresql-k8s'].units['postgresql-k8s/0'].juju_status.current = 'executing'
- .apps['postgresql-k8s'].units['postgresql-k8s/0'].juju_status.message = 'running database-relation-changed hook for fastapi-k8s/0'
+ .apps['postgresql-k8s'].units['postgresql-k8s/0'].juju_status.current = 'idle'
15:34:54 [32mINFO[0m wait: status changed:
- .apps['fastapi-k8s'].app_status.current = 'maintenance'
- .apps['fastapi-k8s'].app_status.message = 'Preparing service for restart'
+ .apps['fastapi-k8s'].app_status.current = 'blocked'
+ .apps['fastapi-k8s'].app_status.message = "database migration command ['bash', '-eo', 'pipefail', 'migrate.sh'] failed, will retry in next update-status"
- .apps['fastapi-k8s'].units['fastapi-k8s/0'].workload_status.current = 'maintenance'
- .apps['fastapi-k8s'].units['fastapi-k8s/0'].workload_status.message = 'Preparing service for restart'
+ .apps['fastapi-k8s'].units['fastapi-k8s/0'].workload_status.current = 'blocked'
+ .apps['fastapi-k8s'].units['fastapi-k8s/0'].workload_status.message = "database migration command ['bash', '-eo', 'pipefail', 'migrate.sh'] failed, will retry in next update-status"
15:34:55 [32mINFO[0m wait: status changed:
- .apps['fastapi-k8s'].app_status.current = 'blocked'
- .apps['fastapi-k8s'].app_status.message = "database migration command ['bash', '-eo', 'pipefail', 'migrate.sh'] failed, will retry in next update-status"
+ .apps['fastapi-k8s'].app_status.current = 'maintenance'
+ .apps['fastapi-k8s'].app_status.message = 'Preparing service for restart'
- .apps['fastapi-k8s'].units['fastapi-k8s/0'].workload_status.current = 'blocked'
- .apps['fastapi-k8s'].units['fastapi-k8s/0'].workload_status.message = "database migration command ['bash', '-eo', 'pipefail', 'migrate.sh'] failed, will retry in next update-status"
+ .apps['fastapi-k8s'].units['fastapi-k8s/0'].workload_status.current = 'maintenance'
+ .apps['fastapi-k8s'].units['fastapi-k8s/0'].workload_status.message = 'Preparing service for restart'
- .apps['postgresql-k8s'].units['postgresql-k8s/0'].juju_status.current = 'idle'
+ .apps['postgresql-k8s'].units['postgresql-k8s/0'].juju_status.current = 'executing'
+ .apps['postgresql-k8s'].units['postgresql-k8s/0'].juju_status.message = 'running database-relation-changed hook'
15:34:57 [32mINFO[0m wait: status changed:
- .apps['postgresql-k8s'].units['postgresql-k8s/0'].juju_status.message = 'running database-relation-changed hook'
+ .apps['postgresql-k8s'].units['postgresql-k8s/0'].juju_status.message = 'running database-peers-relation-changed hook'
15:34:58 [32mINFO[0m wait: status changed:
- .apps['fastapi-k8s'].app_status.current = 'maintenance'
- .apps['fastapi-k8s'].app_status.message = 'Preparing service for restart'
+ .apps['fastapi-k8s'].app_status.current = 'waiting'
+ .apps['fastapi-k8s'].app_status.message = 'installing agent'
- .apps['fastapi-k8s'].units['fastapi-k8s/0'].workload_status.current = 'maintenance'
- .apps['fastapi-k8s'].units['fastapi-k8s/0'].workload_status.message = 'Preparing service for restart'
- .apps['fastapi-k8s'].units['fastapi-k8s/0'].juju_status.current = 'idle'
+ .apps['fastapi-k8s'].units['fastapi-k8s/0'].workload_status.current = 'active'
+ .apps['fastapi-k8s'].units['fastapi-k8s/0'].juju_status.current = 'executing'
+ .apps['fastapi-k8s'].units['fastapi-k8s/0'].juju_status.message = 'running postgresql-relation-changed hook'
15:34:59 [32mINFO[0m wait: status changed:
- .apps['fastapi-k8s'].app_status.current = 'waiting'
- .apps['fastapi-k8s'].app_status.message = 'installing agent'
+ .apps['fastapi-k8s'].app_status.current = 'active'
- .apps['fastapi-k8s'].units['fastapi-k8s/0'].juju_status.current = 'executing'
- .apps['fastapi-k8s'].units['fastapi-k8s/0'].juju_status.message = 'running postgresql-relation-changed hook'
+ .apps['fastapi-k8s'].units['fastapi-k8s/0'].juju_status.current = 'idle'
15:35:01 [32mINFO[0m wait: status changed:
- .apps['postgresql-k8s'].units['postgresql-k8s/0'].juju_status.message = 'running database-peers-relation-changed hook'
+ .apps['postgresql-k8s'].units['postgresql-k8s/0'].juju_status.message = 'running database-relation-changed hook for fastapi-k8s/0'
15:35:02 [32mINFO[0m wait: status changed:
- .apps['postgresql-k8s'].units['postgresql-k8s/0'].juju_status.current = 'executing'
- .apps['postgresql-k8s'].units['postgresql-k8s/0'].juju_status.message = 'running database-relation-changed hook for fastapi-k8s/0'
+ .apps['postgresql-k8s'].units['postgresql-k8s/0'].juju_status.current = 'idle'
15:35:02 [32mINFO[0m cli: juju integrate --model testing fastapi-k8s loki-k8s
15:35:02 [32mINFO[0m wait: status changed:
+ .model.name = 'testing'
+ .model.type = 'caas'
+ .model.controller = 'github-pr-fcc63-microk8s'
+ .model.cloud = 'microk8s'
+ .model.version = '3.6.14'
+ .model.region = 'localhost'
+ .model.model_status.current = 'available'
+ .apps['django-k8s'].charm = 'local:django-k8s-0'
+ .apps['django-k8s'].charm_origin = 'local'
+ .apps['django-k8s'].charm_name = 'django-k8s'
+ .apps['django-k8s'].charm_rev = 0
+ .apps['django-k8s'].exposed = False
+ .apps['django-k8s'].base.name = 'ubuntu'
+ .apps['django-k8s'].base.channel = '22.04'
+ .apps['django-k8s'].scale = 1
+ .apps['django-k8s'].provider_id = '3dc6c5cd-8561-459a-afc0-f3323ee57226'
+ .apps['django-k8s'].address = '10.152.183.162'
+ .apps['django-k8s'].app_status.current = 'active'
+ .apps['django-k8s'].relations['logging'][0].related_app = 'loki-k8s'
+ .apps['django-k8s'].relations['logging'][0].interface = 'loki_push_api'
+ .apps['django-k8s'].relations['logging'][0].scope = 'global'
+ .apps['django-k8s'].relations['postgresql'][0].related_app = 'postgresql-k8s'
+ .apps['django-k8s'].relations['postgresql'][0].interface = 'postgresql_client'
+ .apps['django-k8s'].relations['postgresql'][0].scope = 'global'
+ .apps['django-k8s'].relations['secret-storage'][0].related_app = 'django-k8s'
+ .apps['django-k8s'].relations['secret-storage'][0].interface = 'secret-storage'
+ .apps['django-k8s'].relations['secret-storage'][0].scope = 'global'
+ .apps['django-k8s'].units['django-k8s/0'].workload_status.current = 'active'
+ .apps['django-k8s'].units['django-k8s/0'].juju_status.current = 'idle'
+ .apps['django-k8s'].units['django-k8s/0'].juju_status.version = '3.6.14'
+ .apps['django-k8s'].units['django-k8s/0'].leader = True
+ .apps['django-k8s'].units['django-k8s/0'].address = '10.1.76.145'
+ .apps['django-k8s'].units['django-k8s/0'].provider_id = 'django-k8s-0'
+ .apps['django-k8s'].endpoint_bindings[''] = 'alpha'
+ .apps['django-k8s'].endpoint_bindings['grafana-dashboard'] = 'alpha'
+ .apps['django-k8s'].endpoint_bindings['http-proxy'] = 'alpha'
+ .apps['django-k8s'].endpoint_bindings['ingress'] = 'alpha'
+ .apps['django-k8s'].endpoint_bindings['logging'] = 'alpha'
+ .apps['django-k8s'].endpoint_bindings['metrics-endpoint'] = 'alpha'
+ .apps['django-k8s'].endpoint_bindings['oidc'] = 'alpha'
+ .apps['django-k8s'].endpoint_bindings['openfga'] = 'alpha'
+ .apps['django-k8s'].endpoint_bindings['postgresql'] = 'alpha'
+ .apps['django-k8s'].endpoint_bindings['secret-storage'] = 'alpha'
+ .apps['django-k8s'].endpoint_bindings['smtp'] = 'alpha'
+ .apps['django-k8s'].endpoint_bindings['tracing'] = 'alpha'
+ .apps['expressjs-k8s'].charm = 'local:expressjs-k8s-0'
+ .apps['expressjs-k8s'].charm_origin = 'local'
+ .apps['expressjs-k8s'].charm_name = 'expressjs-k8s'
+ .apps['expressjs-k8s'].charm_rev = 0
+ .apps['expressjs-k8s'].exposed = False
+ .apps['expressjs-k8s'].base.name = 'ubuntu'
+ .apps['expressjs-k8s'].base.channel = '24.04'
+ .apps['expressjs-k8s'].scale = 1
+ .apps['expressjs-k8s'].provider_id = 'dd728c5c-76fe-4e85-b5a9-3d64fee61ecf'
+ .apps['expressjs-k8s'].address = '10.152.183.163'
+ .apps['expressjs-k8s'].app_status.current = 'active'
+ .apps['expressjs-k8s'].relations['logging'][0].related_app = 'loki-k8s'
+ .apps['expressjs-k8s'].relations['logging'][0].interface = 'loki_push_api'
+ .apps['expressjs-k8s'].relations['logging'][0].scope = 'global'
+ .apps['expressjs-k8s'].relations['postgresql'][0].related_app = 'postgresql-k8s'
+ .apps['expressjs-k8s'].relations['postgresql'][0].interface = 'postgresql_client'
+ .apps['expressjs-k8s'].relations['postgresql'][0].scope = 'global'
+ .apps['expressjs-k8s'].relations['secret-storage'][0].related_app = 'expressjs-k8s'
+ .apps['expressjs-k8s'].relations['secret-storage'][0].interface = 'secret-storage'
+ .apps['expressjs-k8s'].relations['secret-storage'][0].scope = 'global'
+ .apps['expressjs-k8s'].units['expressjs-k8s/0'].workload_status.current = 'active'
+ .apps['expressjs-k8s'].units['expressjs-k8s/0'].juju_status.current = 'idle'
+ .apps['expressjs-k8s'].units['expressjs-k8s/0'].juju_status.version = '3.6.14'
+ .apps['expressjs-k8s'].units['expressjs-k8s/0'].leader = True
+ .apps['expressjs-k8s'].units['expressjs-k8s/0'].address = '10.1.76.149'
+ .apps['expressjs-k8s'].units['expressjs-k8s/0'].provider_id = 'expressjs-k8s-0'
+ .apps['expressjs-k8s'].endpoint_bindings[''] = 'alpha'
+ .apps['expressjs-k8s'].endpoint_bindings['grafana-dashboard'] = 'alpha'
+ .apps['expressjs-k8s'].endpoint_bindings['http-proxy'] = 'alpha'
+ .apps['expressjs-k8s'].endpoint_bindings['ingress'] = 'alpha'
+ .apps['expressjs-k8s'].endpoint_bindings['logging'] = 'alpha'
+ .apps['expressjs-k8s'].endpoint_bindings['metrics-endpoint'] = 'alpha'
+ .apps['expressjs-k8s'].endpoint_bindings['oidc'] = 'alpha'
+ .apps['expressjs-k8s'].endpoint_bindings['openfga'] = 'alpha'
+ .apps['expressjs-k8s'].endpoint_bindings['postgresql'] = 'alpha'
+ .apps['expressjs-k8s'].endpoint_bindings['secret-storage'] = 'alpha'
+ .apps['expressjs-k8s'].endpoint_bindings['smtp'] = 'alpha'
+ .apps['expressjs-k8s'].endpoint_bindings['tracing'] = 'alpha'
+ .apps['fastapi-k8s'].charm = 'local:fastapi-k8s-0'
+ .apps['fastapi-k8s'].charm_origin = 'local'
+ .apps['fastapi-k8s'].charm_name = 'fastapi-k8s'
+ .apps['fastapi-k8s'].charm_rev = 0
+ .apps['fastapi-k8s'].exposed = False
+ .apps['fastapi-k8s'].base.name = 'ubuntu'
+ .apps['fastapi-k8s'].base.channel = '24.04'
+ .apps['fastapi-k8s'].scale = 1
+ .apps['fastapi-k8s'].provider_id = '61aabc23-ddc2-4541-b4f3-94b4a9a40078'
+ .apps['fastapi-k8s'].address = '10.152.183.33'
+ .apps['fastapi-k8s'].app_status.current = 'active'
+ .apps['fastapi-k8s'].relations['logging'][0].related_app = 'loki-k8s'
+ .apps['fastapi-k8s'].relations['logging'][0].interface = 'loki_push_api'
+ .apps['fastapi-k8s'].relations['logging'][0].scope = 'global'
+ .apps['fastapi-k8s'].relations['postgresql'][0].related_app = 'postgresql-k8s'
+ .apps['fastapi-k8s'].relations['postgresql'][0].interface = 'postgresql_client'
+ .apps['fastapi-k8s'].relations['postgresql'][0].scope = 'global'
+ .apps['fastapi-k8s'].relations['secret-storage'][0].related_app = 'fastapi-k8s'
+ .apps['fastapi-k8s'].relations['secret-storage'][0].interface = 'secret-storage'
+ .apps['fastapi-k8s'].relations['secret-storage'][0].scope = 'global'
+ .apps['fastapi-k8s'].units['fastapi-k8s/0'].workload_status.current = 'active'
+ .apps['fastapi-k8s'].units['fastapi-k8s/0'].juju_status.current = 'executing'
+ .apps['fastapi-k8s'].units['fastapi-k8s/0'].juju_status.message = 'running logging-relation-created hook'
+ .apps['fastapi-k8s'].units['fastapi-k8s/0'].juju_status.version = '3.6.14'
+ .apps['fastapi-k8s'].units['fastapi-k8s/0'].leader = True
+ .apps['fastapi-k8s'].units['fastapi-k8s/0'].address = '10.1.76.151'
+ .apps['fastapi-k8s'].units['fastapi-k8s/0'].provider_id = 'fastapi-k8s-0'
+ .apps['fastapi-k8s'].endpoint_bindings[''] = 'alpha'
+ .apps['fastapi-k8s'].endpoint_bindings['grafana-dashboard'] = 'alpha'
+ .apps['fastapi-k8s'].endpoint_bindings['http-proxy'] = 'alpha'
+ .apps['fastapi-k8s'].endpoint_bindings['ingress'] = 'alpha'
+ .apps['fastapi-k8s'].endpoint_bindings['logging'] = 'alpha'
+ .apps['fastapi-k8s'].endpoint_bindings['metrics-endpoint'] = 'alpha'
+ .apps['fastapi-k8s'].endpoint_bindings['oidc'] = 'alpha'
+ .apps['fastapi-k8s'].endpoint_bindings['openfga'] = 'alpha'
+ .apps['fastapi-k8s'].endpoint_bindings['postgresql'] = 'alpha'
+ .apps['fastapi-k8s'].endpoint_bindings['secret-storage'] = 'alpha'
+ .apps['fastapi-k8s'].endpoint_bindings['smtp'] = 'alpha'
+ .apps['fastapi-k8s'].endpoint_bindings['tracing'] = 'alpha'
+ .apps['flask-k8s'].charm = 'local:flask-k8s-0'
+ .apps['flask-k8s'].charm_origin = 'local'
+ .apps['flask-k8s'].charm_name = 'flask-k8s'
+ .apps['flask-k8s'].charm_rev = 0
+ .apps['flask-k8s'].exposed = False
+ .apps['flask-k8s'].base.name = 'ubuntu'
+ .apps['flask-k8s'].base.channel = '22.04'
+ .apps['flask-k8s'].scale = 1
+ .apps['flask-k8s'].provider_id = 'aee8f94e-44d3-437e-9356-99a32eb63cee'
+ .apps['flask-k8s'].address = '10.152.183.37'
+ .apps['flask-k8s'].app_status.current = 'active'
+ .apps['flask-k8s'].relations['logging'][0].related_app = 'loki-k8s'
+ .apps['flask-k8s'].relations['logging'][0].interface = 'loki_push_api'
+ .apps['flask-k8s'].relations['logging'][0].scope = 'global'
+ .apps['flask-k8s'].relations['secret-storage'][0].related_app = 'flask-k8s'
+ .apps['flask-k8s'].relations['secret-storage'][0].interface = 'secret-storage'
+ .apps['flask-k8s'].relations['secret-storage'][0].scope = 'global'
+ .apps['flask-k8s'].units['flask-k8s/0'].workload_status.current = 'active'
+ .apps['flask-k8s'].units['flask-k8s/0'].juju_status.current = 'idle'
+ .apps['flask-k8s'].units['flask-k8s/0'].juju_status.version = '3.6.14'
+ .apps['flask-k8s'].units['flask-k8s/0'].leader = True
+ .apps['flask-k8s'].units['flask-k8s/0'].address = '10.1.76.143'
+ .apps['flask-k8s'].units['flask-k8s/0'].provider_id = 'flask-k8s-0'
+ .apps['flask-k8s'].endpoint_bindings[''] = 'alpha'
+ .apps['flask-k8s'].endpoint_bindings['grafana-dashboard'] = 'alpha'
+ .apps['flask-k8s'].endpoint_bindings['http-proxy'] = 'alpha'
+ .apps['flask-k8s'].endpoint_bindings['ingress'] = 'alpha'
+ .apps['flask-k8s'].endpoint_bindings['logging'] = 'alpha'
+ .apps['flask-k8s'].endpoint_bindings['metrics-endpoint'] = 'alpha'
+ .apps['flask-k8s'].endpoint_bindings['mongodb'] = 'alpha'
+ .apps['flask-k8s'].endpoint_bindings['mysql'] = 'alpha'
+ .apps['flask-k8s'].endpoint_bindings['oidc'] = 'alpha'
+ .apps['flask-k8s'].endpoint_bindings['openfga'] = 'alpha'
+ .apps['flask-k8s'].endpoint_bindings['postgresql'] = 'alpha'
+ .apps['flask-k8s'].endpoint_bindings['rabbitmq'] = 'alpha'
+ .apps['flask-k8s'].endpoint_bindings['redis'] = 'alpha'
+ .apps['flask-k8s'].endpoint_bindings['s3'] = 'alpha'
+ .apps['flask-k8s'].endpoint_bindings['saml'] = 'alpha'
+ .apps['flask-k8s'].endpoint_bindings['secret-storage'] = 'alpha'
+ .apps['flask-k8s'].endpoint_bindings['smtp'] = 'alpha'
+ .apps['flask-k8s'].endpoint_bindings['tracing'] = 'alpha'
+ .apps['go-k8s'].charm = 'local:go-k8s-0'
+ .apps['go-k8s'].charm_origin = 'local'
+ .apps['go-k8s'].charm_name = 'go-k8s'
+ .apps['go-k8s'].charm_rev = 0
+ .apps['go-k8s'].exposed = False
+ .apps['go-k8s'].base.name = 'ubuntu'
+ .apps['go-k8s'].base.channel = '24.04'
+ .apps['go-k8s'].scale = 1
+ .apps['go-k8s'].provider_id = '09508dc8-743f-4425-a8f4-c2fe38b91c4e'
+ .apps['go-k8s'].address = '10.152.183.174'
+ .apps['go-k8s'].app_status.current = 'active'
+ .apps['go-k8s'].relations['logging'][0].related_app = 'loki-k8s'
+ .apps['go-k8s'].relations['logging'][0].interface = 'loki_push_api'
+ .apps['go-k8s'].relations['logging'][0].scope = 'global'
+ .apps['go-k8s'].relations['postgresql'][0].related_app = 'postgresql-k8s'
+ .apps['go-k8s'].relations['postgresql'][0].interface = 'postgresql_client'
+ .apps['go-k8s'].relations['postgresql'][0].scope = 'global'
+ .apps['go-k8s'].relations['secret-storage'][0].related_app = 'go-k8s'
+ .apps['go-k8s'].relations['secret-storage'][0].interface = 'secret-storage'
+ .apps['go-k8s'].relations['secret-storage'][0].scope = 'global'
+ .apps['go-k8s'].units['go-k8s/0'].workload_status.current = 'active'
+ .apps['go-k8s'].units['go-k8s/0'].juju_status.current = 'idle'
+ .apps['go-k8s'].units['go-k8s/0'].juju_status.version = '3.6.14'
+ .apps['go-k8s'].units['go-k8s/0'].leader = True
+ .apps['go-k8s'].units['go-k8s/0'].address = '10.1.76.150'
+ .apps['go-k8s'].units['go-k8s/0'].provider_id = 'go-k8s-0'
+ .apps['go-k8s'].endpoint_bindings[''] = 'alpha'
+ .apps['go-k8s'].endpoint_bindings['grafana-dashboard'] = 'alpha'
+ .apps['go-k8s'].endpoint_bindings['http-proxy'] = 'alpha'
+ .apps['go-k8s'].endpoint_bindings['ingress'] = 'alpha'
+ .apps['go-k8s'].endpoint_bindings['logging'] = 'alpha'
+ .apps['go-k8s'].endpoint_bindings['metrics-endpoint'] = 'alpha'
+ .apps['go-k8s'].endpoint_bindings['oidc'] = 'alpha'
+ .apps['go-k8s'].endpoint_bindings['openfga'] = 'alpha'
+ .apps['go-k8s'].endpoint_bindings['postgresql'] = 'alpha'
+ .apps['go-k8s'].endpoint_bindings['secret-storage'] = 'alpha'
+ .apps['go-k8s'].endpoint_bindings['smtp'] = 'alpha'
+ .apps['go-k8s'].endpoint_bindings['tracing'] = 'alpha'
+ .apps['loki-k8s'].charm = 'loki-k8s'
+ .apps['loki-k8s'].charm_origin = 'charmhub'
+ .apps['loki-k8s'].charm_name = 'loki-k8s'
+ .apps['loki-k8s'].charm_rev = 199
+ .apps['loki-k8s'].exposed = False
+ .apps['loki-k8s'].base.name = 'ubuntu'
+ .apps['loki-k8s'].base.channel = '20.04'
+ .apps['loki-k8s'].charm_channel = '1/stable'
+ .apps['loki-k8s'].charm_version = 'eca6385'
+ .apps['loki-k8s'].scale = 1
+ .apps['loki-k8s'].provider_id = 'b0890ff3-19ff-40de-82d3-2391754152b3'
+ .apps['loki-k8s'].address = '10.152.183.228'
+ .apps['loki-k8s'].app_status.current = 'active'
+ .apps['loki-k8s'].relations['logging'][0].related_app = 'django-k8s'
+ .apps['loki-k8s'].relations['logging'][0].interface = 'loki_push_api'
+ .apps['loki-k8s'].relations['logging'][0].scope = 'global'
+ .apps['loki-k8s'].relations['logging'][1].related_app = 'expressjs-k8s'
+ .apps['loki-k8s'].relations['logging'][1].interface = 'loki_push_api'
+ .apps['loki-k8s'].relations['logging'][1].scope = 'global'
+ .apps['loki-k8s'].relations['logging'][2].related_app = 'fastapi-k8s'
+ .apps['loki-k8s'].relations['logging'][2].interface = 'loki_push_api'
+ .apps['loki-k8s'].relations['logging'][2].scope = 'global'
+ .apps['loki-k8s'].relations['logging'][3].related_app = 'flask-k8s'
+ .apps['loki-k8s'].relations['logging'][3].interface = 'loki_push_api'
+ .apps['loki-k8s'].relations['logging'][3].scope = 'global'
+ .apps['loki-k8s'].relations['logging'][4].related_app = 'go-k8s'
+ .apps['loki-k8s'].relations['logging'][4].interface = 'loki_push_api'
+ .apps['loki-k8s'].relations['logging'][4].scope = 'global'
+ .apps['loki-k8s'].relations['logging'][5].related_app = 'spring-boot-k8s'
+ .apps['loki-k8s'].relations['logging'][5].interface = 'loki_push_api'
+ .apps['loki-k8s'].relations['logging'][5].scope = 'global'
+ .apps['loki-k8s'].relations['replicas'][0].related_app = 'loki-k8s'
+ .apps['loki-k8s'].relations['replicas'][0].interface = 'loki_replica'
+ .apps['loki-k8s'].relations['replicas'][0].scope = 'global'
+ .apps['loki-k8s'].units['loki-k8s/0'].workload_status.current = 'active'
+ .apps['loki-k8s'].units['loki-k8s/0'].juju_status.current = 'executing'
+ .apps['loki-k8s'].units['loki-k8s/0'].juju_status.message = 'running logging-relation-created hook'
+ .apps['loki-k8s'].units['loki-k8s/0'].juju_status.version = '3.6.14'
+ .apps['loki-k8s'].units['loki-k8s/0'].leader = True
+ .apps['loki-k8s'].units['loki-k8s/0'].address = '10.1.76.144'
+ .apps['loki-k8s'].units['loki-k8s/0'].provider_id = 'loki-k8s-0'
+ .apps['loki-k8s'].version = '2.9.6'
+ .apps['loki-k8s'].endpoint_bindings[''] = 'alpha'
+ .apps['loki-k8s'].endpoint_bindings['alertmanager'] = 'alpha'
+ .apps['loki-k8s'].endpoint_bindings['catalogue'] = 'alpha'
+ .apps['loki-k8s'].endpoint_bindings['certificates'] = 'alpha'
+ .apps['loki-k8s'].endpoint_bindings['charm-tracing'] = 'alpha'
+ .apps['loki-k8s'].endpoint_bindings['grafana-dashboard'] = 'alpha'
+ .apps['loki-k8s'].endpoint_bindings['grafana-source'] = 'alpha'
+ .apps['loki-k8s'].endpoint_bindings['ingress'] = 'alpha'
+ .apps['loki-k8s'].endpoint_bindings['logging'] = 'alpha'
+ .apps['loki-k8s'].endpoint_bindings['metrics-endpoint'] = 'alpha'
+ .apps['loki-k8s'].endpoint_bindings['replicas'] = 'alpha'
+ .apps['loki-k8s'].endpoint_bindings['send-datasource'] = 'alpha'
+ .apps['loki-k8s'].endpoint_bindings['workload-tracing'] = 'alpha'
+ .apps['postgresql-k8s'].charm = 'postgresql-k8s'
+ .apps['postgresql-k8s'].charm_origin = 'charmhub'
+ .apps['postgresql-k8s'].charm_name = 'postgresql-k8s'
+ .apps['postgresql-k8s'].charm_rev = 736
+ .apps['postgresql-k8s'].exposed = False
+ .apps['postgresql-k8s'].base.name = 'ubuntu'
+ .apps['postgresql-k8s'].base.channel = '22.04'
+ .apps['postgresql-k8s'].charm_channel = '14/edge'
+ .apps['postgresql-k8s'].scale = 1
+ .apps['postgresql-k8s'].provider_id = '95796b97-ad54-4f95-bc62-f03a5036691e'
+ .apps['postgresql-k8s'].address = '10.152.183.175'
+ .apps['postgresql-k8s'].app_status.current = 'active'
+ .apps['postgresql-k8s'].relations['database'][0].related_app = 'django-k8s'
+ .apps['postgresql-k8s'].relations['database'][0].interface = 'postgresql_client'
+ .apps['postgresql-k8s'].relations['database'][0].scope = 'global'
+ .apps['postgresql-k8s'].relations['database'][1].related_app = 'expressjs-k8s'
+ .apps['postgresql-k8s'].relations['database'][1].interface = 'postgresql_client'
+ .apps['postgresql-k8s'].relations['database'][1].scope = 'global'
+ .apps['postgresql-k8s'].relations['database'][2].related_app = 'fastapi-k8s'
+ .apps['postgresql-k8s'].relations['database'][2].interface = 'postgresql_client'
+ .apps['postgresql-k8s'].relations['database'][2].scope = 'global'
+ .apps['postgresql-k8s'].relations['database'][3].related_app = 'go-k8s'
+ .apps['postgresql-k8s'].relations['database'][3].interface = 'postgresql_client'
+ .apps['postgresql-k8s'].relations['database'][3].scope = 'global'
+ .apps['postgresql-k8s'].relations['database'][4].related_app = 'spring-boot-k8s'
+ .apps['postgresql-k8s'].relations['database'][4].interface = 'postgresql_client'
+ .apps['postgresql-k8s'].relations['database'][4].scope = 'global'
+ .apps['postgresql-k8s'].relations['database-peers'][0].related_app = 'postgresql-k8s'
+ .apps['postgresql-k8s'].relations['database-peers'][0].interface = 'postgresql_peers'
+ .apps['postgresql-k8s'].relations['database-peers'][0].scope = 'global'
+ .apps['postgresql-k8s'].relations['restart'][0].related_app = 'postgresql-k8s'
+ .apps['postgresql-k8s'].relations['restart'][0].interface = 'rolling_op'
+ .apps['postgresql-k8s'].relations['restart'][0].scope = 'global'
+ .apps['postgresql-k8s'].relations['upgrade'][0].related_app = 'postgresql-k8s'
+ .apps['postgresql-k8s'].relations['upgrade'][0].interface = 'upgrade'
+ .apps['postgresql-k8s'].relations['upgrade'][0].scope = 'global'
+ .apps['postgresql-k8s'].units['postgresql-k8s/0'].workload_status.current = 'active'
+ .apps['postgresql-k8s'].units['postgresql-k8s/0'].workload_status.message = 'Primary'
+ .apps['postgresql-k8s'].units['postgresql-k8s/0'].juju_status.current = 'idle'
+ .apps['postgresql-k8s'].units['postgresql-k8s/0'].juju_status.version = '3.6.14'
+ .apps['postgresql-k8s'].units['postgresql-k8s/0'].leader = True
+ .apps['postgresql-k8s'].units['postgresql-k8s/0'].address = '10.1.76.147'
+ .apps['postgresql-k8s'].units['postgresql-k8s/0'].provider_id = 'postgresql-k8s-0'
+ .apps['postgresql-k8s'].version = '14.20'
+ .apps['postgresql-k8s'].endpoint_bindings[''] = 'alpha'
+ .apps['postgresql-k8s'].endpoint_bindings['certificates'] = 'alpha'
+ .apps['postgresql-k8s'].endpoint_bindings['database'] = 'alpha'
+ .apps['postgresql-k8s'].endpoint_bindings['database-peers'] = 'alpha'
+ .apps['postgresql-k8s'].endpoint_bindings['db'] = 'alpha'
+ .apps['postgresql-k8s'].endpoint_bindings['db-admin'] = 'alpha'
+ .apps['postgresql-k8s'].endpoint_bindings['grafana-dashboard'] = 'alpha'
+ .apps['postgresql-k8s'].endpoint_bindings['ldap'] = 'alpha'
+ .apps['postgresql-k8s'].endpoint_bindings['logging'] = 'alpha'
+ .apps['postgresql-k8s'].endpoint_bindings['metrics-endpoint'] = 'alpha'
+ .apps['postgresql-k8s'].endpoint_bindings['receive-ca-cert'] = 'alpha'
+ .apps['postgresql-k8s'].endpoint_bindings['replication'] = 'alpha'
+ .apps['postgresql-k8s'].endpoint_bindings['replication-offer'] = 'alpha'
+ .apps['postgresql-k8s'].endpoint_bindings['restart'] = 'alpha'
+ .apps['postgresql-k8s'].endpoint_bindings['s3-parameters'] = 'alpha'
+ .apps['postgresql-k8s'].endpoint_bindings['tracing'] = 'alpha'
+ .apps['postgresql-k8s'].endpoint_bindings['upgrade'] = 'alpha'
+ .apps['spring-boot-k8s'].charm = 'local:spring-boot-k8s-0'
+ .apps['spring-boot-k8s'].charm_origin = 'local'
+ .apps['spring-boot-k8s'].charm_name = 'spring-boot-k8s'
+ .apps['spring-boot-k8s'].charm_rev = 0
+ .apps['spring-boot-k8s'].exposed = False
+ .apps['spring-boot-k8s'].base.name = 'ubuntu'
+ .apps['spring-boot-k8s'].base.channel = '24.04'
+ .apps['spring-boot-k8s'].scale = 1
+ .apps['spring-boot-k8s'].provider_id = 'a3af2af5-b296-43ef-b59a-a9e6587e6087'
+ .apps['spring-boot-k8s'].address = '10.152.183.224'
+ .apps['spring-boot-k8s'].app_status.current = 'active'
+ .apps['spring-boot-k8s'].relations['logging'][0].related_app = 'loki-k8s'
+ .apps['spring-boot-k8s'].relations['logging'][0].interface = 'loki_push_api'
+ .apps['spring-boot-k8s'].relations['logging'][0].scope = 'global'
+ .apps['spring-boot-k8s'].relations['postgresql'][0].related_app = 'postgresql-k8s'
+ .apps['spring-boot-k8s'].relations['postgresql'][0].interface = 'postgresql_client'
+ .apps['spring-boot-k8s'].relations['postgresql'][0].scope = 'global'
+ .apps['spring-boot-k8s'].relations['secret-storage'][0].related_app = 'spring-boot-k8s'
+ .apps['spring-boot-k8s'].relations['secret-storage'][0].interface = 'secret-storage'
+ .apps['spring-boot-k8s'].relations['secret-storage'][0].scope = 'global'
+ .apps['spring-boot-k8s'].units['spring-boot-k8s/0'].workload_status.current = 'active'
+ .apps['spring-boot-k8s'].units['spring-boot-k8s/0'].juju_status.current = 'idle'
+ .apps['spring-boot-k8s'].units['spring-boot-k8s/0'].juju_status.version = '3.6.14'
+ .apps['spring-boot-k8s'].units['spring-boot-k8s/0'].leader = True
+ .apps['spring-boot-k8s'].units['spring-boot-k8s/0'].address = '10.1.76.148'
+ .apps['spring-boot-k8s'].units['spring-boot-k8s/0'].provider_id = 'spring-boot-k8s-0'
+ .apps['spring-boot-k8s'].endpoint_bindings[''] = 'alpha'
+ .apps['spring-boot-k8s'].endpoint_bindings['grafana-dashboard'] = 'alpha'
+ .apps['spring-boot-k8s'].endpoint_bindings['http-proxy'] = 'alpha'
+ .apps['spring-boot-k8s'].endpoint_bindings['ingress'] = 'alpha'
+ .apps['spring-boot-k8s'].endpoint_bindings['logging'] = 'alpha'
+ .apps['spring-boot-k8s'].endpoint_bindings['metrics-endpoint'] = 'alpha'
+ .apps['spring-boot-k8s'].endpoint_bindings['mongodb'] = 'alpha'
+ .apps['spring-boot-k8s'].endpoint_bindings['mysql'] = 'alpha'
+ .apps['spring-boot-k8s'].endpoint_bindings['oidc'] = 'alpha'
+ .apps['spring-boot-k8s'].endpoint_bindings['openfga'] = 'alpha'
+ .apps['spring-boot-k8s'].endpoint_bindings['postgresql'] = 'alpha'
+ .apps['spring-boot-k8s'].endpoint_bindings['rabbitmq'] = 'alpha'
+ .apps['spring-boot-k8s'].endpoint_bindings['redis'] = 'alpha'
+ .apps['spring-boot-k8s'].endpoint_bindings['s3'] = 'alpha'
+ .apps['spring-boot-k8s'].endpoint_bindings['saml'] = 'alpha'
+ .apps['spring-boot-k8s'].endpoint_bindings['secret-storage'] = 'alpha'
+ .apps['spring-boot-k8s'].endpoint_bindings['smtp'] = 'alpha'
+ .apps['spring-boot-k8s'].endpoint_bindings['tracing'] = 'alpha'
+ .storage.storage['active-index-directory/0'].kind = 'filesystem'
+ .storage.storage['active-index-directory/0'].status.current = 'attached'
+ .storage.storage['active-index-directory/0'].status.message = 'Successfully provisioned volume pvc-98684327-2251-4c7c-aff4-898bde176962'
+ .storage.storage['active-index-directory/0'].persistent = False
+ .storage.storage['active-index-directory/0'].life = 'alive'
+ .storage.storage['active-index-directory/0'].attachments.units['loki-k8s/0'].life = 'alive'
+ .storage.storage['loki-chunks/1'].kind = 'filesystem'
+ .storage.storage['loki-chunks/1'].status.current = 'attached'
+ .storage.storage['loki-chunks/1'].status.message = 'Successfully provisioned volume pvc-7dc0f553-2d37-42f3-aa38-7c243c914694'
+ .storage.storage['loki-chunks/1'].persistent = False
+ .storage.storage['loki-chunks/1'].life = 'alive'
+ .storage.storage['loki-chunks/1'].attachments.units['loki-k8s/0'].life = 'alive'
+ .storage.storage['pgdata/2'].kind = 'filesystem'
+ .storage.storage['pgdata/2'].status.current = 'attached'
+ .storage.storage['pgdata/2'].persistent = False
+ .storage.storage['pgdata/2'].life = 'alive'
+ .storage.storage['pgdata/2'].attachments.units['postgresql-k8s/0'].life = 'alive'
+ .storage.filesystems['0'].size = 1024
+ .storage.filesystems['0'].provider_id = '98684327-2251-4c7c-aff4-898bde176962'
+ .storage.filesystems['0'].volume = '0'
+ .storage.filesystems['0'].storage = 'active-index-directory/0'
+ .storage.filesystems['0'].attachments.containers['loki-k8s/0'].mount_point = '/var/lib/juju/storage/active-index-directory/0'
+ .storage.filesystems['0'].attachments.containers['loki-k8s/0'].read_only = False
+ .storage.filesystems['0'].attachments.containers['loki-k8s/0'].life = 'alive'
+ .storage.filesystems['0'].attachments.units['loki-k8s/0'].life = 'alive'
+ .storage.filesystems['0'].pool = 'kubernetes'
+ .storage.filesystems['0'].life = 'alive'
+ .storage.filesystems['0'].status.current = 'attached'
+ .storage.filesystems['0'].status.message = 'Successfully provisioned volume pvc-98684327-2251-4c7c-aff4-898bde176962'
+ .storage.filesystems['1'].size = 1024
+ .storage.filesystems['1'].provider_id = '7dc0f553-2d37-42f3-aa38-7c243c914694'
+ .storage.filesystems['1'].volume = '1'
+ .storage.filesystems['1'].storage = 'loki-chunks/1'
+ .storage.filesystems['1'].attachments.containers['loki-k8s/0'].mount_point = '/var/lib/juju/storage/loki-chunks/0'
+ .storage.filesystems['1'].attachments.containers['loki-k8s/0'].read_only = False
+ .storage.filesystems['1'].attachments.containers['loki-k8s/0'].life = 'alive'
+ .storage.filesystems['1'].attachments.units['loki-k8s/0'].life = 'alive'
+ .storage.filesystems['1'].pool = 'kubernetes'
+ .storage.filesystems['1'].life = 'alive'
+ .storage.filesystems['1'].status.current = 'attached'
+ .storage.filesystems['1'].status.message = 'Successfully provisioned volume pvc-7dc0f553-2d37-42f3-aa38-7c243c914694'
+ .storage.filesystems['2'].size = 1024
+ .storage.filesystems['2'].provider_id = '1790f53e-a8b9-46f9-8e0f-5175dfa6f0df'
+ .storage.filesystems['2'].volume = '2'
+ .storage.filesystems['2'].storage = 'pgdata/2'
+ .storage.filesystems['2'].attachments.containers['postgresql-k8s/0'].mount_point = '/var/lib/postgresql/data'
+ .storage.filesystems['2'].attachments.containers['postgresql-k8s/0'].read_only = False
+ .storage.filesystems['2'].attachments.containers['postgresql-k8s/0'].life = 'alive'
+ .storage.filesystems['2'].attachments.units['postgresql-k8s/0'].life = 'alive'
+ .storage.filesystems['2'].pool = 'kubernetes'
+ .storage.filesystems['2'].life = 'alive'
+ .storage.filesystems['2'].status.current = 'attached'
+ .storage.volumes['0'].size = 1024
+ .storage.volumes['0'].persistent = True
+ .storage.volumes['0'].provider_id = 'pvc-98684327-2251-4c7c-aff4-898bde176962'
+ .storage.volumes['0'].storage = 'active-index-directory/0'
+ .storage.volumes['0'].attachments.containers['loki-k8s/0'].read_only = False
+ .storage.volumes['0'].attachments.containers['loki-k8s/0'].life = 'alive'
+ .storage.volumes['0'].attachments.units['loki-k8s/0'].life = 'alive'
+ .storage.volumes['0'].pool = 'kubernetes'
+ .storage.volumes['0'].life = 'alive'
+ .storage.volumes['0'].status.current = 'attached'
+ .storage.volumes['1'].size = 1024
+ .storage.volumes['1'].persistent = True
+ .storage.volumes['1'].provider_id = 'pvc-7dc0f553-2d37-42f3-aa38-7c243c914694'
+ .storage.volumes['1'].storage = 'loki-chunks/1'
+ .storage.volumes['1'].attachments.containers['loki-k8s/0'].read_only = False
+ .storage.volumes['1'].attachments.containers['loki-k8s/0'].life = 'alive'
+ .storage.volumes['1'].attachments.units['loki-k8s/0'].life = 'alive'
+ .storage.volumes['1'].pool = 'kubernetes'
+ .storage.volumes['1'].life = 'alive'
+ .storage.volumes['1'].status.current = 'attached'
+ .storage.volumes['2'].size = 1024
+ .storage.volumes['2'].persistent = True
+ .storage.volumes['2'].provider_id = 'pvc-1790f53e-a8b9-46f9-8e0f-5175dfa6f0df'
+ .storage.volumes['2'].storage = 'pgdata/2'
+ .storage.volumes['2'].attachments.containers['postgresql-k8s/0'].read_only = False
+ .storage.volumes['2'].attachments.containers['postgresql-k8s/0'].life = 'alive'
+ .storage.volumes['2'].attachments.units['postgresql-k8s/0'].life = 'alive'
+ .storage.volumes['2'].pool = 'kubernetes'
+ .storage.volumes['2'].life = 'alive'
+ .storage.volumes['2'].status.current = 'attached'
15:35:04 [32mINFO[0m wait: status changed:
- .apps['fastapi-k8s'].units['fastapi-k8s/0'].juju_status.message = 'running logging-relation-created hook'
+ .apps['fastapi-k8s'].units['fastapi-k8s/0'].juju_status.message = 'running logging-relation-joined hook for loki-k8s/0'
15:35:05 [32mINFO[0m wait: status changed:
- .apps['fastapi-k8s'].units['fastapi-k8s/0'].juju_status.current = 'executing'
- .apps['fastapi-k8s'].units['fastapi-k8s/0'].juju_status.message = 'running logging-relation-joined hook for loki-k8s/0'
+ .apps['fastapi-k8s'].units['fastapi-k8s/0'].juju_status.current = 'idle'
15:35:05 [32mINFO[0m cli: juju status --model testing --format json
15:37:06 [32mINFO[0m retrieve sample application log: {'stream': {'charm': 'fastapi-k8s', 'juju_application': 'fastapi-k8s', 'juju_model': 'testing', 'juju_model_uuid': '9e459d40-53fb-4777-8e5e-915133d84547', 'juju_unit': 'fastapi-k8s/0', 'pebble_service': 'fastapi', 'product': 'Juju'}, 'values': [['1770478625134000000', 'INFO:     10.1.0.105:50138 - "GET / HTTP/1.1" 200 OK'], ['1770478624132000000', 'INFO:     10.1.0.105:50138 - "GET / HTTP/1.1" 200 OK'], ['1770478623146000000', 'requests.exceptions.ConnectionError: HTTPConnectionPool(host=\'localhost\', port=4318): Max retries exceeded with url: /v1/traces (Caused by NewConnectionError("HTTPConnection(host=\'localhost\', port=4318): Failed to establish a new connection: [Errno 111] Connection refused"))'], ['1770478623146000000', '    raise ConnectionError(e, request=request)'], ['1770478623146000000', '  File "/lib/python3.12/site-packages/requests/adapters.py", line 677, in send'], ['1770478623146000000', '        ^^^^^^^^^^^^^^^^^^^^^^^^^^^^^^^'], ['1770478623146000000', '    r = adapter.send(request, **kwargs)'], ['1770478623146000000', '  File "/lib/python3.12/site-packages/requests/sessions.py", line 703, in send'], ['1770478623146000000', '           ^^^^^^^^^^^^^^^^^^^^^^^^^^^^^^'], ['1770478623146000000', '    resp = self.send(prep, **send_kwargs)'], ['1770478623146000000', '  File "/lib/python3.12/site-packages/requests/sessions.py", line 589, in request'], ['1770478623146000000', '           ^^^^^^^^^^^^^^^^^^^^^^^^^^^^^^^^^^^^^^^^^^^^^^^^^^^^^^^^^'], ['1770478623146000000', '    return self.request("POST", url, data=data, json=json, **kwargs)'], ['1770478623146000000', '  File "/lib/python3.12/site-packages/requests/sessions.py", line 637, in post'], ['1770478623146000000', '           ^^^^^^^^^^^^^^^^^^^'], ['1770478623146000000', '    resp = self._session.post('], ['1770478623146000000', '  File "/lib/python3.12/site-packages/opentelemetry/exporter/otlp/proto/http/trace_exporter/__init__.py", line 165, in _export'], ['1770478623146000000', '           ^^^^^^^^^^^^^^^^^^^^^^^^^^^^^^^^^^^^^^^^^^^^^^^^^^^^'], ['1770478623146000000', '    resp = self._export(serialized_data, deadline_sec - time())'], ['1770478623146000000', '  File "/lib/python3.12/site-packages/opentelemetry/exporter/otlp/proto/http/trace_exporter/__init__.py", line 182, in export'], ['1770478623146000000', '    self._exporter.export('], ['1770478623146000000', '  File "/lib/python3.12/site-packages/opentelemetry/sdk/_shared_internal/__init__.py", line 179, in _export'], ['1770478623146000000', 'During handling of the above exception, another exception occurred:'], ['1770478623146000000', 'urllib3.exceptions.MaxRetryError: HTTPConnectionPool(host=\'localhost\', port=4318): Max retries exceeded with url: /v1/traces (Caused by NewConnectionError("HTTPConnection(host=\'localhost\', port=4318): Failed to establish a new connection: [Errno 111] Connection refused"))'], ['1770478623146000000', '    ^^^^^^^^^^^^^^^^^^^^^^^^^^^^^^^^^^^^^^^^^^^^^^^^^^^'], ['1770478623146000000', '    raise MaxRetryError(_pool, url, reason) from reason  # type: ignore[arg-type]'], ['1770478623146000000', '  File "/lib/python3.12/site-packages/urllib3/util/retry.py", line 535, in increment'], ['1770478623146000000', '              ^^^^^^^^^^^^^^^^^^'], ['1770478623146000000', '    retries = retries.increment('], ['1770478623146000000', '  File "/lib/python3.12/site-packages/urllib3/connectionpool.py", line 841, in urlopen'], ['1770478623146000000', '           ^^^^^^^^^^^^^'], ['1770478623146000000', '    resp = conn.urlopen('], ['1770478623146000000', '  File "/lib/python3.12/site-packages/requests/adapters.py", line 644, in send'], ['1770478623146000000', 'Traceback (most recent call last):'], ['1770478623146000000', 'The above exception was the direct cause of the following exception:'], ['1770478623146000000', ''], ['1770478623146000000', "urllib3.exceptions.NewConnectionError: HTTPConnection(host='localhost', port=4318): Failed to establish a new connection: [Errno 111] Connection refused"], ['1770478623145000000', 'requests.exceptions.ConnectionError: HTTPConnectionPool(host=\'localhost\', port=4318): Max retries exceeded with url: /v1/traces (Caused by NewConnectionError("HTTPConnection(host=\'localhost\', port=4318): Failed to establish a new connection: [Errno 111] Connection refused"))'], ['1770478623145000000', '    raise ConnectionError(e, request=request)'], ['1770478623145000000', '  File "/lib/python3.12/site-packages/requests/adapters.py", line 677, in send'], ['1770478623145000000', '        ^^^^^^^^^^^^^^^^^^^^^^^^^^^^^^^'], ['1770478623145000000', '    r = adapter.send(request, **kwargs)'], ['1770478623145000000', '  File "/lib/python3.12/site-packages/requests/sessions.py", line 703, in send'], ['1770478623145000000', '           ^^^^^^^^^^^^^^^^^^^^^^^^^^^^^^'], ['1770478623145000000', '    resp = self.send(prep, **send_kwargs)'], ['1770478623145000000', '  File "/lib/python3.12/site-packages/requests/sessions.py", line 589, in request'], ['1770478623145000000', '           ^^^^^^^^^^^^^^^^^^^^^^^^^^^^^^^^^^^^^^^^^^^^^^^^^^^^^^^^^'], ['1770478623145000000', '    return self.request("POST", url, data=data, json=json, **kwargs)'], ['1770478623145000000', '  File "/lib/python3.12/site-packages/requests/sessions.py", line 637, in post'], ['1770478623145000000', '           ^^^^^^^^^^^^^^^^^^^'], ['1770478623145000000', '    resp = self._session.post('], ['1770478623145000000', '  File "/lib/python3.12/site-packages/opentelemetry/exporter/otlp/proto/http/trace_exporter/__init__.py", line 157, in _export'], ['1770478623145000000', 'During handling of the above exception, another exception occurred:'], ['1770478623145000000', 'urllib3.exceptions.MaxRetryError: HTTPConnectionPool(host=\'localhost\', port=4318): Max retries exceeded with url: /v1/traces (Caused by NewConnectionError("HTTPConnection(host=\'localhost\', port=4318): Failed to establish a new connection: [Errno 111] Connection refused"))'], ['1770478623145000000', '    ^^^^^^^^^^^^^^^^^^^^^^^^^^^^^^^^^^^^^^^^^^^^^^^^^^^'], ['1770478623145000000', '    raise MaxRetryError(_pool, url, reason) from reason  # type: ignore[arg-type]'], ['1770478623145000000', '  File "/lib/python3.12/site-packages/urllib3/util/retry.py", line 535, in increment'], ['1770478623145000000', '              ^^^^^^^^^^^^^^^^^^'], ['1770478623145000000', '    retries = retries.increment('], ['1770478623145000000', '  File "/lib/python3.12/site-packages/urllib3/connectionpool.py", line 841, in urlopen'], ['1770478623145000000', '           ^^^^^^^^^^^^^'], ['1770478623145000000', '    resp = conn.urlopen('], ['1770478623145000000', '  File "/lib/python3.12/site-packages/requests/adapters.py", line 644, in send'], ['1770478623145000000', "urllib3.exceptions.NewConnectionError: HTTPConnection(host='localhost', port=4318): Failed to establish a new connection: [Errno 111] Connection refused"], ['1770478623145000000', '    raise NewConnectionError('], ['1770478623145000000', '  File "/lib/python3.12/site-packages/urllib3/connection.py", line 219, in _new_conn'], ['1770478623145000000', '                ^^^^^^^^^^^^^^^^'], ['1770478623145000000', '    self.sock = self._new_conn()'], ['1770478623145000000', '  File "/lib/python3.12/site-packages/urllib3/connection.py", line 331, in connect'], ['1770478623145000000', '    self.connect()'], ['1770478623145000000', '  File "/usr/lib/python3.12/http/client.py", line 1055, in send'], ['1770478623145000000', '    self.send(msg)'], ['1770478623145000000', '  File "/usr/lib/python3.12/http/client.py", line 1111, in _send_output'], ['1770478623145000000', '    self._send_output(message_body, encode_chunked=encode_chunked)'], ['1770478623145000000', '  File "/usr/lib/python3.12/http/client.py", line 1351, in endheaders'], ['1770478623145000000', '    self.endheaders()'], ['1770478623145000000', '  File "/lib/python3.12/site-packages/urllib3/connection.py", line 500, in request'], ['1770478623145000000', '    conn.request('], ['1770478623145000000', '  File "/lib/python3.12/site-packages/urllib3/connectionpool.py", line 493, in _make_request'], ['1770478623145000000', '               ^^^^^^^^^^^^^^^^^^^'], ['1770478623145000000', '    response = self._make_request('], ['1770478623145000000', '  File "/lib/python3.12/site-packages/urllib3/connectionpool.py", line 787, in urlopen'], ['1770478623145000000', 'The above exception was the direct cause of the following exception:'], ['1770478623145000000', ''], ['1770478623145000000', 'ConnectionRefusedError: [Errno 111] Connection refused'], ['1770478623145000000', '    sock.connect(sa)'], ['1770478623145000000', '  File "/lib/python3.12/site-packages/urllib3/util/connection.py", line 73, in create_connection'], ['1770478623145000000', '    raise err'], ['1770478623145000000', '  File "/lib/python3.12/site-packages/urllib3/util/connection.py", line 85, in create_connection'], ['1770478623145000000', '           ^^^^^^^^^^^^^^^^^^^^^^^^^^^^^'], ['1770478623145000000', '    sock = connection.create_connection('], ['1770478623145000000', '  File "/lib/python3.12/site-packages/urllib3/connection.py", line 204, in _new_conn'], ['1770478623145000000', 'Traceback (most recent call last):'], ['1770478623145000000', 'Exception while exporting Span.'], ['1770478623130000000', 'INFO:     10.1.0.105:50138 - "GET / HTTP/1.1" 200 OK'], ['1770478622128000000', 'INFO:     10.1.0.105:50138 - "GET / HTTP/1.1" 200 OK'], ['1770478621125000000', 'INFO:     10.1.0.105:50138 - "GET / HTTP/1.1" 200 OK'], ['1770478620123000000', 'INFO:     10.1.0.105:50138 - "GET / HTTP/1.1" 200 OK'], ['1770478619120000000', 'INFO:     10.1.0.105:50138 - "GET / HTTP/1.1" 200 OK'], ['1770478618118000000', 'INFO:     10.1.0.105:50138 - "GET / HTTP/1.1" 200 OK']]}